CRITICAL - 2020-12-07 07:43:27 --> include(CSS/main.css): failed to open stream: No such file or directory
#0 C:\xampp\htdocs\php2killifish\php2killifish\app\Views\template\about.php(2): CodeIgniter\Debug\Exceptions->errorHandler(2, 'include(CSS/mai...', 'C:\\xampp\\htdocs...', 2, Array)
#1 C:\xampp\htdocs\php2killifish\php2killifish\app\Views\template\about.php(2): include()
#2 C:\xampp\htdocs\php2killifish\php2killifish\system\View\View.php(246): include('C:\\xampp\\htdocs...')
#3 C:\xampp\htdocs\php2killifish\php2killifish\system\Common.php(1119): CodeIgniter\View\View->render('template/about', Array, true)
#4 C:\xampp\htdocs\php2killifish\php2killifish\app\Controllers\Home.php(14): view('template/about')
#5 C:\xampp\htdocs\php2killifish\php2killifish\system\CodeIgniter.php(918): App\Controllers\Home->about()
#6 C:\xampp\htdocs\php2killifish\php2killifish\system\CodeIgniter.php(404): CodeIgniter\CodeIgniter->runController(Object(App\Controllers\Home))
#7 C:\xampp\htdocs\php2killifish\php2killifish\system\CodeIgniter.php(312): CodeIgniter\CodeIgniter->handleRequest(NULL, Object(Config\Cache), false)
#8 C:\xampp\htdocs\php2killifish\php2killifish\public\index.php(45): CodeIgniter\CodeIgniter->run()
#9 {main}
CRITICAL - 2020-12-07 07:43:31 --> include(CSS/main.css): failed to open stream: No such file or directory
#0 C:\xampp\htdocs\php2killifish\php2killifish\app\Views\template\about.php(2): CodeIgniter\Debug\Exceptions->errorHandler(2, 'include(CSS/mai...', 'C:\\xampp\\htdocs...', 2, Array)
#1 C:\xampp\htdocs\php2killifish\php2killifish\app\Views\template\about.php(2): include()
#2 C:\xampp\htdocs\php2killifish\php2killifish\system\View\View.php(246): include('C:\\xampp\\htdocs...')
#3 C:\xampp\htdocs\php2killifish\php2killifish\system\Common.php(1119): CodeIgniter\View\View->render('template/about', Array, true)
#4 C:\xampp\htdocs\php2killifish\php2killifish\app\Controllers\Home.php(14): view('template/about')
#5 C:\xampp\htdocs\php2killifish\php2killifish\system\CodeIgniter.php(918): App\Controllers\Home->about()
#6 C:\xampp\htdocs\php2killifish\php2killifish\system\CodeIgniter.php(404): CodeIgniter\CodeIgniter->runController(Object(App\Controllers\Home))
#7 C:\xampp\htdocs\php2killifish\php2killifish\system\CodeIgniter.php(312): CodeIgniter\CodeIgniter->handleRequest(NULL, Object(Config\Cache), false)
#8 C:\xampp\htdocs\php2killifish\php2killifish\public\index.php(45): CodeIgniter\CodeIgniter->run()
#9 {main}
CRITICAL - 2020-12-07 07:55:59 --> Invalid file: base.css
#0 C:\xampp\htdocs\php2killifish\php2killifish\system\View\View.php(228): CodeIgniter\Exceptions\FrameworkException::forInvalidFile('base.css')
#1 C:\xampp\htdocs\php2killifish\php2killifish\system\View\View.php(257): CodeIgniter\View\View->render('base.css', Array, true)
#2 C:\xampp\htdocs\php2killifish\php2killifish\system\Common.php(1119): CodeIgniter\View\View->render('template/about', Array, true)
#3 C:\xampp\htdocs\php2killifish\php2killifish\app\Controllers\Home.php(14): view('template/about')
#4 C:\xampp\htdocs\php2killifish\php2killifish\system\CodeIgniter.php(918): App\Controllers\Home->about()
#5 C:\xampp\htdocs\php2killifish\php2killifish\system\CodeIgniter.php(404): CodeIgniter\CodeIgniter->runController(Object(App\Controllers\Home))
#6 C:\xampp\htdocs\php2killifish\php2killifish\system\CodeIgniter.php(312): CodeIgniter\CodeIgniter->handleRequest(NULL, Object(Config\Cache), false)
#7 C:\xampp\htdocs\php2killifish\php2killifish\public\index.php(45): CodeIgniter\CodeIgniter->run()
#8 {main}
CRITICAL - 2020-12-07 07:59:18 --> include(base.php): failed to open stream: No such file or directory
#0 C:\xampp\htdocs\php2killifish\php2killifish\app\Views\template\about.php(3): CodeIgniter\Debug\Exceptions->errorHandler(2, 'include(base.ph...', 'C:\\xampp\\htdocs...', 3, Array)
#1 C:\xampp\htdocs\php2killifish\php2killifish\app\Views\template\about.php(3): include()
#2 C:\xampp\htdocs\php2killifish\php2killifish\system\View\View.php(246): include('C:\\xampp\\htdocs...')
#3 C:\xampp\htdocs\php2killifish\php2killifish\system\Common.php(1119): CodeIgniter\View\View->render('template/about', Array, true)
#4 C:\xampp\htdocs\php2killifish\php2killifish\app\Controllers\Home.php(14): view('template/about')
#5 C:\xampp\htdocs\php2killifish\php2killifish\system\CodeIgniter.php(918): App\Controllers\Home->about()
#6 C:\xampp\htdocs\php2killifish\php2killifish\system\CodeIgniter.php(404): CodeIgniter\CodeIgniter->runController(Object(App\Controllers\Home))
#7 C:\xampp\htdocs\php2killifish\php2killifish\system\CodeIgniter.php(312): CodeIgniter\CodeIgniter->handleRequest(NULL, Object(Config\Cache), false)
#8 C:\xampp\htdocs\php2killifish\php2killifish\public\index.php(45): CodeIgniter\CodeIgniter->run()
#9 {main}
CRITICAL - 2020-12-07 07:59:20 --> include(base.php): failed to open stream: No such file or directory
#0 C:\xampp\htdocs\php2killifish\php2killifish\app\Views\template\about.php(3): CodeIgniter\Debug\Exceptions->errorHandler(2, 'include(base.ph...', 'C:\\xampp\\htdocs...', 3, Array)
#1 C:\xampp\htdocs\php2killifish\php2killifish\app\Views\template\about.php(3): include()
#2 C:\xampp\htdocs\php2killifish\php2killifish\system\View\View.php(246): include('C:\\xampp\\htdocs...')
#3 C:\xampp\htdocs\php2killifish\php2killifish\system\Common.php(1119): CodeIgniter\View\View->render('template/about', Array, true)
#4 C:\xampp\htdocs\php2killifish\php2killifish\app\Controllers\Home.php(14): view('template/about')
#5 C:\xampp\htdocs\php2killifish\php2killifish\system\CodeIgniter.php(918): App\Controllers\Home->about()
#6 C:\xampp\htdocs\php2killifish\php2killifish\system\CodeIgniter.php(404): CodeIgniter\CodeIgniter->runController(Object(App\Controllers\Home))
#7 C:\xampp\htdocs\php2killifish\php2killifish\system\CodeIgniter.php(312): CodeIgniter\CodeIgniter->handleRequest(NULL, Object(Config\Cache), false)
#8 C:\xampp\htdocs\php2killifish\php2killifish\public\index.php(45): CodeIgniter\CodeIgniter->run()
#9 {main}
CRITICAL - 2020-12-07 07:59:21 --> include(base.php): failed to open stream: No such file or directory
#0 C:\xampp\htdocs\php2killifish\php2killifish\app\Views\template\about.php(3): CodeIgniter\Debug\Exceptions->errorHandler(2, 'include(base.ph...', 'C:\\xampp\\htdocs...', 3, Array)
#1 C:\xampp\htdocs\php2killifish\php2killifish\app\Views\template\about.php(3): include()
#2 C:\xampp\htdocs\php2killifish\php2killifish\system\View\View.php(246): include('C:\\xampp\\htdocs...')
#3 C:\xampp\htdocs\php2killifish\php2killifish\system\Common.php(1119): CodeIgniter\View\View->render('template/about', Array, true)
#4 C:\xampp\htdocs\php2killifish\php2killifish\app\Controllers\Home.php(14): view('template/about')
#5 C:\xampp\htdocs\php2killifish\php2killifish\system\CodeIgniter.php(918): App\Controllers\Home->about()
#6 C:\xampp\htdocs\php2killifish\php2killifish\system\CodeIgniter.php(404): CodeIgniter\CodeIgniter->runController(Object(App\Controllers\Home))
#7 C:\xampp\htdocs\php2killifish\php2killifish\system\CodeIgniter.php(312): CodeIgniter\CodeIgniter->handleRequest(NULL, Object(Config\Cache), false)
#8 C:\xampp\htdocs\php2killifish\php2killifish\public\index.php(45): CodeIgniter\CodeIgniter->run()
#9 {main}
CRITICAL - 2020-12-07 07:59:21 --> include(base.php): failed to open stream: No such file or directory
#0 C:\xampp\htdocs\php2killifish\php2killifish\app\Views\template\about.php(3): CodeIgniter\Debug\Exceptions->errorHandler(2, 'include(base.ph...', 'C:\\xampp\\htdocs...', 3, Array)
#1 C:\xampp\htdocs\php2killifish\php2killifish\app\Views\template\about.php(3): include()
#2 C:\xampp\htdocs\php2killifish\php2killifish\system\View\View.php(246): include('C:\\xampp\\htdocs...')
#3 C:\xampp\htdocs\php2killifish\php2killifish\system\Common.php(1119): CodeIgniter\View\View->render('template/about', Array, true)
#4 C:\xampp\htdocs\php2killifish\php2killifish\app\Controllers\Home.php(14): view('template/about')
#5 C:\xampp\htdocs\php2killifish\php2killifish\system\CodeIgniter.php(918): App\Controllers\Home->about()
#6 C:\xampp\htdocs\php2killifish\php2killifish\system\CodeIgniter.php(404): CodeIgniter\CodeIgniter->runController(Object(App\Controllers\Home))
#7 C:\xampp\htdocs\php2killifish\php2killifish\system\CodeIgniter.php(312): CodeIgniter\CodeIgniter->handleRequest(NULL, Object(Config\Cache), false)
#8 C:\xampp\htdocs\php2killifish\php2killifish\public\index.php(45): CodeIgniter\CodeIgniter->run()
#9 {main}
CRITICAL - 2020-12-07 07:59:21 --> include(base.php): failed to open stream: No such file or directory
#0 C:\xampp\htdocs\php2killifish\php2killifish\app\Views\template\about.php(3): CodeIgniter\Debug\Exceptions->errorHandler(2, 'include(base.ph...', 'C:\\xampp\\htdocs...', 3, Array)
#1 C:\xampp\htdocs\php2killifish\php2killifish\app\Views\template\about.php(3): include()
#2 C:\xampp\htdocs\php2killifish\php2killifish\system\View\View.php(246): include('C:\\xampp\\htdocs...')
#3 C:\xampp\htdocs\php2killifish\php2killifish\system\Common.php(1119): CodeIgniter\View\View->render('template/about', Array, true)
#4 C:\xampp\htdocs\php2killifish\php2killifish\app\Controllers\Home.php(14): view('template/about')
#5 C:\xampp\htdocs\php2killifish\php2killifish\system\CodeIgniter.php(918): App\Controllers\Home->about()
#6 C:\xampp\htdocs\php2killifish\php2killifish\system\CodeIgniter.php(404): CodeIgniter\CodeIgniter->runController(Object(App\Controllers\Home))
#7 C:\xampp\htdocs\php2killifish\php2killifish\system\CodeIgniter.php(312): CodeIgniter\CodeIgniter->handleRequest(NULL, Object(Config\Cache), false)
#8 C:\xampp\htdocs\php2killifish\php2killifish\public\index.php(45): CodeIgniter\CodeIgniter->run()
#9 {main}
CRITICAL - 2020-12-07 07:59:37 --> include(base.php): failed to open stream: No such file or directory
#0 C:\xampp\htdocs\php2killifish\php2killifish\app\Views\template\about.php(3): CodeIgniter\Debug\Exceptions->errorHandler(2, 'include(base.ph...', 'C:\\xampp\\htdocs...', 3, Array)
#1 C:\xampp\htdocs\php2killifish\php2killifish\app\Views\template\about.php(3): include()
#2 C:\xampp\htdocs\php2killifish\php2killifish\system\View\View.php(246): include('C:\\xampp\\htdocs...')
#3 C:\xampp\htdocs\php2killifish\php2killifish\system\Common.php(1119): CodeIgniter\View\View->render('template/about', Array, true)
#4 C:\xampp\htdocs\php2killifish\php2killifish\app\Controllers\Home.php(14): view('template/about')
#5 C:\xampp\htdocs\php2killifish\php2killifish\system\CodeIgniter.php(918): App\Controllers\Home->about()
#6 C:\xampp\htdocs\php2killifish\php2killifish\system\CodeIgniter.php(404): CodeIgniter\CodeIgniter->runController(Object(App\Controllers\Home))
#7 C:\xampp\htdocs\php2killifish\php2killifish\system\CodeIgniter.php(312): CodeIgniter\CodeIgniter->handleRequest(NULL, Object(Config\Cache), false)
#8 C:\xampp\htdocs\php2killifish\php2killifish\public\index.php(45): CodeIgniter\CodeIgniter->run()
#9 {main}
CRITICAL - 2020-12-07 08:00:10 --> include(public/base.php): failed to open stream: No such file or directory
#0 C:\xampp\htdocs\php2killifish\php2killifish\app\Views\template\about.php(3): CodeIgniter\Debug\Exceptions->errorHandler(2, 'include(public/...', 'C:\\xampp\\htdocs...', 3, Array)
#1 C:\xampp\htdocs\php2killifish\php2killifish\app\Views\template\about.php(3): include()
#2 C:\xampp\htdocs\php2killifish\php2killifish\system\View\View.php(246): include('C:\\xampp\\htdocs...')
#3 C:\xampp\htdocs\php2killifish\php2killifish\system\Common.php(1119): CodeIgniter\View\View->render('template/about', Array, true)
#4 C:\xampp\htdocs\php2killifish\php2killifish\app\Controllers\Home.php(14): view('template/about')
#5 C:\xampp\htdocs\php2killifish\php2killifish\system\CodeIgniter.php(918): App\Controllers\Home->about()
#6 C:\xampp\htdocs\php2killifish\php2killifish\system\CodeIgniter.php(404): CodeIgniter\CodeIgniter->runController(Object(App\Controllers\Home))
#7 C:\xampp\htdocs\php2killifish\php2killifish\system\CodeIgniter.php(312): CodeIgniter\CodeIgniter->handleRequest(NULL, Object(Config\Cache), false)
#8 C:\xampp\htdocs\php2killifish\php2killifish\public\index.php(45): CodeIgniter\CodeIgniter->run()
#9 {main}
CRITICAL - 2020-12-07 09:18:48 --> Invalid file: template/dummy.php
#0 C:\xampp\htdocs\php2killifish\php2killifish\system\View\View.php(228): CodeIgniter\Exceptions\FrameworkException::forInvalidFile('template/dummy....')
#1 C:\xampp\htdocs\php2killifish\php2killifish\system\Common.php(1119): CodeIgniter\View\View->render('template/dummy', Array, true)
#2 C:\xampp\htdocs\php2killifish\php2killifish\app\Controllers\Home.php(8): view('template/dummy')
#3 C:\xampp\htdocs\php2killifish\php2killifish\system\CodeIgniter.php(918): App\Controllers\Home->index()
#4 C:\xampp\htdocs\php2killifish\php2killifish\system\CodeIgniter.php(404): CodeIgniter\CodeIgniter->runController(Object(App\Controllers\Home))
#5 C:\xampp\htdocs\php2killifish\php2killifish\system\CodeIgniter.php(312): CodeIgniter\CodeIgniter->handleRequest(NULL, Object(Config\Cache), false)
#6 C:\xampp\htdocs\php2killifish\php2killifish\public\index.php(45): CodeIgniter\CodeIgniter->run()
#7 {main}
CRITICAL - 2020-12-07 09:19:00 --> Invalid file: template/dummy.php
#0 C:\xampp\htdocs\php2killifish\php2killifish\system\View\View.php(228): CodeIgniter\Exceptions\FrameworkException::forInvalidFile('template/dummy....')
#1 C:\xampp\htdocs\php2killifish\php2killifish\system\Common.php(1119): CodeIgniter\View\View->render('template/dummy', Array, true)
#2 C:\xampp\htdocs\php2killifish\php2killifish\app\Controllers\Home.php(8): view('template/dummy')
#3 C:\xampp\htdocs\php2killifish\php2killifish\system\CodeIgniter.php(918): App\Controllers\Home->index()
#4 C:\xampp\htdocs\php2killifish\php2killifish\system\CodeIgniter.php(404): CodeIgniter\CodeIgniter->runController(Object(App\Controllers\Home))
#5 C:\xampp\htdocs\php2killifish\php2killifish\system\CodeIgniter.php(312): CodeIgniter\CodeIgniter->handleRequest(NULL, Object(Config\Cache), false)
#6 C:\xampp\htdocs\php2killifish\php2killifish\public\index.php(45): CodeIgniter\CodeIgniter->run()
#7 {main}
CRITICAL - 2020-12-07 09:19:01 --> Invalid file: template/dummy.php
#0 C:\xampp\htdocs\php2killifish\php2killifish\system\View\View.php(228): CodeIgniter\Exceptions\FrameworkException::forInvalidFile('template/dummy....')
#1 C:\xampp\htdocs\php2killifish\php2killifish\system\Common.php(1119): CodeIgniter\View\View->render('template/dummy', Array, true)
#2 C:\xampp\htdocs\php2killifish\php2killifish\app\Controllers\Home.php(8): view('template/dummy')
#3 C:\xampp\htdocs\php2killifish\php2killifish\system\CodeIgniter.php(918): App\Controllers\Home->index()
#4 C:\xampp\htdocs\php2killifish\php2killifish\system\CodeIgniter.php(404): CodeIgniter\CodeIgniter->runController(Object(App\Controllers\Home))
#5 C:\xampp\htdocs\php2killifish\php2killifish\system\CodeIgniter.php(312): CodeIgniter\CodeIgniter->handleRequest(NULL, Object(Config\Cache), false)
#6 C:\xampp\htdocs\php2killifish\php2killifish\public\index.php(45): CodeIgniter\CodeIgniter->run()
#7 {main}
