CRITICAL - 2021-01-23 03:26:34 --> Undefined index: slug
#0 E:\xampp\htdocs\php2killifish\php2killifish\app\Views\updates.php(23): CodeIgniter\Debug\Exceptions->errorHandler(8, 'Undefined index...', 'E:\\xampp\\htdocs...', 23, Array)
#1 E:\xampp\htdocs\php2killifish\php2killifish\system\View\View.php(246): include('E:\\xampp\\htdocs...')
#2 E:\xampp\htdocs\php2killifish\php2killifish\system\Common.php(1119): CodeIgniter\View\View->render('updates', Array, true)
#3 E:\xampp\htdocs\php2killifish\php2killifish\app\Controllers\UpdateController.php(16): view('updates', Array)
#4 E:\xampp\htdocs\php2killifish\php2killifish\system\CodeIgniter.php(918): App\Controllers\UpdateController->index()
#5 E:\xampp\htdocs\php2killifish\php2killifish\system\CodeIgniter.php(404): CodeIgniter\CodeIgniter->runController(Object(App\Controllers\UpdateController))
#6 E:\xampp\htdocs\php2killifish\php2killifish\system\CodeIgniter.php(312): CodeIgniter\CodeIgniter->handleRequest(NULL, Object(Config\Cache), false)
#7 E:\xampp\htdocs\php2killifish\php2killifish\public\index.php(45): CodeIgniter\CodeIgniter->run()
#8 {main}
CRITICAL - 2021-01-23 03:26:56 --> Undefined index: slug
#0 E:\xampp\htdocs\php2killifish\php2killifish\app\Views\updates.php(23): CodeIgniter\Debug\Exceptions->errorHandler(8, 'Undefined index...', 'E:\\xampp\\htdocs...', 23, Array)
#1 E:\xampp\htdocs\php2killifish\php2killifish\system\View\View.php(246): include('E:\\xampp\\htdocs...')
#2 E:\xampp\htdocs\php2killifish\php2killifish\system\Common.php(1119): CodeIgniter\View\View->render('updates', Array, true)
#3 E:\xampp\htdocs\php2killifish\php2killifish\app\Controllers\UpdateController.php(16): view('updates', Array)
#4 E:\xampp\htdocs\php2killifish\php2killifish\system\CodeIgniter.php(918): App\Controllers\UpdateController->index()
#5 E:\xampp\htdocs\php2killifish\php2killifish\system\CodeIgniter.php(404): CodeIgniter\CodeIgniter->runController(Object(App\Controllers\UpdateController))
#6 E:\xampp\htdocs\php2killifish\php2killifish\system\CodeIgniter.php(312): CodeIgniter\CodeIgniter->handleRequest(NULL, Object(Config\Cache), false)
#7 E:\xampp\htdocs\php2killifish\php2killifish\public\index.php(45): CodeIgniter\CodeIgniter->run()
#8 {main}
CRITICAL - 2021-01-23 03:26:58 --> Undefined index: slug
#0 E:\xampp\htdocs\php2killifish\php2killifish\app\Views\updates.php(23): CodeIgniter\Debug\Exceptions->errorHandler(8, 'Undefined index...', 'E:\\xampp\\htdocs...', 23, Array)
#1 E:\xampp\htdocs\php2killifish\php2killifish\system\View\View.php(246): include('E:\\xampp\\htdocs...')
#2 E:\xampp\htdocs\php2killifish\php2killifish\system\Common.php(1119): CodeIgniter\View\View->render('updates', Array, true)
#3 E:\xampp\htdocs\php2killifish\php2killifish\app\Controllers\UpdateController.php(16): view('updates', Array)
#4 E:\xampp\htdocs\php2killifish\php2killifish\system\CodeIgniter.php(918): App\Controllers\UpdateController->index()
#5 E:\xampp\htdocs\php2killifish\php2killifish\system\CodeIgniter.php(404): CodeIgniter\CodeIgniter->runController(Object(App\Controllers\UpdateController))
#6 E:\xampp\htdocs\php2killifish\php2killifish\system\CodeIgniter.php(312): CodeIgniter\CodeIgniter->handleRequest(NULL, Object(Config\Cache), false)
#7 E:\xampp\htdocs\php2killifish\php2killifish\public\index.php(45): CodeIgniter\CodeIgniter->run()
#8 {main}
CRITICAL - 2021-01-23 03:26:59 --> Undefined index: slug
#0 E:\xampp\htdocs\php2killifish\php2killifish\app\Views\updates.php(23): CodeIgniter\Debug\Exceptions->errorHandler(8, 'Undefined index...', 'E:\\xampp\\htdocs...', 23, Array)
#1 E:\xampp\htdocs\php2killifish\php2killifish\system\View\View.php(246): include('E:\\xampp\\htdocs...')
#2 E:\xampp\htdocs\php2killifish\php2killifish\system\Common.php(1119): CodeIgniter\View\View->render('updates', Array, true)
#3 E:\xampp\htdocs\php2killifish\php2killifish\app\Controllers\UpdateController.php(16): view('updates', Array)
#4 E:\xampp\htdocs\php2killifish\php2killifish\system\CodeIgniter.php(918): App\Controllers\UpdateController->index()
#5 E:\xampp\htdocs\php2killifish\php2killifish\system\CodeIgniter.php(404): CodeIgniter\CodeIgniter->runController(Object(App\Controllers\UpdateController))
#6 E:\xampp\htdocs\php2killifish\php2killifish\system\CodeIgniter.php(312): CodeIgniter\CodeIgniter->handleRequest(NULL, Object(Config\Cache), false)
#7 E:\xampp\htdocs\php2killifish\php2killifish\public\index.php(45): CodeIgniter\CodeIgniter->run()
#8 {main}
CRITICAL - 2021-01-23 03:27:22 --> Undefined index: slug
#0 E:\xampp\htdocs\php2killifish\php2killifish\app\Views\updates.php(23): CodeIgniter\Debug\Exceptions->errorHandler(8, 'Undefined index...', 'E:\\xampp\\htdocs...', 23, Array)
#1 E:\xampp\htdocs\php2killifish\php2killifish\system\View\View.php(246): include('E:\\xampp\\htdocs...')
#2 E:\xampp\htdocs\php2killifish\php2killifish\system\Common.php(1119): CodeIgniter\View\View->render('updates', Array, true)
#3 E:\xampp\htdocs\php2killifish\php2killifish\app\Controllers\UpdateController.php(16): view('updates', Array)
#4 E:\xampp\htdocs\php2killifish\php2killifish\system\CodeIgniter.php(918): App\Controllers\UpdateController->index()
#5 E:\xampp\htdocs\php2killifish\php2killifish\system\CodeIgniter.php(404): CodeIgniter\CodeIgniter->runController(Object(App\Controllers\UpdateController))
#6 E:\xampp\htdocs\php2killifish\php2killifish\system\CodeIgniter.php(312): CodeIgniter\CodeIgniter->handleRequest(NULL, Object(Config\Cache), false)
#7 E:\xampp\htdocs\php2killifish\php2killifish\public\index.php(45): CodeIgniter\CodeIgniter->run()
#8 {main}
CRITICAL - 2021-01-23 03:27:34 --> Undefined index: slug
#0 E:\xampp\htdocs\php2killifish\php2killifish\app\Views\updates.php(23): CodeIgniter\Debug\Exceptions->errorHandler(8, 'Undefined index...', 'E:\\xampp\\htdocs...', 23, Array)
#1 E:\xampp\htdocs\php2killifish\php2killifish\system\View\View.php(246): include('E:\\xampp\\htdocs...')
#2 E:\xampp\htdocs\php2killifish\php2killifish\system\Common.php(1119): CodeIgniter\View\View->render('updates', Array, true)
#3 E:\xampp\htdocs\php2killifish\php2killifish\app\Controllers\UpdateController.php(16): view('updates', Array)
#4 E:\xampp\htdocs\php2killifish\php2killifish\system\CodeIgniter.php(918): App\Controllers\UpdateController->index()
#5 E:\xampp\htdocs\php2killifish\php2killifish\system\CodeIgniter.php(404): CodeIgniter\CodeIgniter->runController(Object(App\Controllers\UpdateController))
#6 E:\xampp\htdocs\php2killifish\php2killifish\system\CodeIgniter.php(312): CodeIgniter\CodeIgniter->handleRequest(NULL, Object(Config\Cache), false)
#7 E:\xampp\htdocs\php2killifish\php2killifish\public\index.php(45): CodeIgniter\CodeIgniter->run()
#8 {main}
CRITICAL - 2021-01-23 03:27:35 --> Undefined index: slug
#0 E:\xampp\htdocs\php2killifish\php2killifish\app\Views\updates.php(23): CodeIgniter\Debug\Exceptions->errorHandler(8, 'Undefined index...', 'E:\\xampp\\htdocs...', 23, Array)
#1 E:\xampp\htdocs\php2killifish\php2killifish\system\View\View.php(246): include('E:\\xampp\\htdocs...')
#2 E:\xampp\htdocs\php2killifish\php2killifish\system\Common.php(1119): CodeIgniter\View\View->render('updates', Array, true)
#3 E:\xampp\htdocs\php2killifish\php2killifish\app\Controllers\UpdateController.php(16): view('updates', Array)
#4 E:\xampp\htdocs\php2killifish\php2killifish\system\CodeIgniter.php(918): App\Controllers\UpdateController->index()
#5 E:\xampp\htdocs\php2killifish\php2killifish\system\CodeIgniter.php(404): CodeIgniter\CodeIgniter->runController(Object(App\Controllers\UpdateController))
#6 E:\xampp\htdocs\php2killifish\php2killifish\system\CodeIgniter.php(312): CodeIgniter\CodeIgniter->handleRequest(NULL, Object(Config\Cache), false)
#7 E:\xampp\htdocs\php2killifish\php2killifish\public\index.php(45): CodeIgniter\CodeIgniter->run()
#8 {main}
CRITICAL - 2021-01-23 03:27:42 --> Undefined index: slug
#0 E:\xampp\htdocs\php2killifish\php2killifish\app\Views\updates.php(23): CodeIgniter\Debug\Exceptions->errorHandler(8, 'Undefined index...', 'E:\\xampp\\htdocs...', 23, Array)
#1 E:\xampp\htdocs\php2killifish\php2killifish\system\View\View.php(246): include('E:\\xampp\\htdocs...')
#2 E:\xampp\htdocs\php2killifish\php2killifish\system\Common.php(1119): CodeIgniter\View\View->render('updates', Array, true)
#3 E:\xampp\htdocs\php2killifish\php2killifish\app\Controllers\UpdateController.php(16): view('updates', Array)
#4 E:\xampp\htdocs\php2killifish\php2killifish\system\CodeIgniter.php(918): App\Controllers\UpdateController->index()
#5 E:\xampp\htdocs\php2killifish\php2killifish\system\CodeIgniter.php(404): CodeIgniter\CodeIgniter->runController(Object(App\Controllers\UpdateController))
#6 E:\xampp\htdocs\php2killifish\php2killifish\system\CodeIgniter.php(312): CodeIgniter\CodeIgniter->handleRequest(NULL, Object(Config\Cache), false)
#7 E:\xampp\htdocs\php2killifish\php2killifish\public\index.php(45): CodeIgniter\CodeIgniter->run()
#8 {main}
CRITICAL - 2021-01-23 03:29:32 --> Undefined index: slug
#0 E:\xampp\htdocs\php2killifish\php2killifish\app\Views\updates.php(46): CodeIgniter\Debug\Exceptions->errorHandler(8, 'Undefined index...', 'E:\\xampp\\htdocs...', 46, Array)
#1 E:\xampp\htdocs\php2killifish\php2killifish\system\View\View.php(246): include('E:\\xampp\\htdocs...')
#2 E:\xampp\htdocs\php2killifish\php2killifish\system\Common.php(1119): CodeIgniter\View\View->render('updates', Array, true)
#3 E:\xampp\htdocs\php2killifish\php2killifish\app\Controllers\UpdateController.php(16): view('updates', Array)
#4 E:\xampp\htdocs\php2killifish\php2killifish\system\CodeIgniter.php(918): App\Controllers\UpdateController->index()
#5 E:\xampp\htdocs\php2killifish\php2killifish\system\CodeIgniter.php(404): CodeIgniter\CodeIgniter->runController(Object(App\Controllers\UpdateController))
#6 E:\xampp\htdocs\php2killifish\php2killifish\system\CodeIgniter.php(312): CodeIgniter\CodeIgniter->handleRequest(NULL, Object(Config\Cache), false)
#7 E:\xampp\htdocs\php2killifish\php2killifish\public\index.php(45): CodeIgniter\CodeIgniter->run()
#8 {main}
CRITICAL - 2021-01-23 03:29:34 --> Undefined index: slug
#0 E:\xampp\htdocs\php2killifish\php2killifish\app\Views\updates.php(46): CodeIgniter\Debug\Exceptions->errorHandler(8, 'Undefined index...', 'E:\\xampp\\htdocs...', 46, Array)
#1 E:\xampp\htdocs\php2killifish\php2killifish\system\View\View.php(246): include('E:\\xampp\\htdocs...')
#2 E:\xampp\htdocs\php2killifish\php2killifish\system\Common.php(1119): CodeIgniter\View\View->render('updates', Array, true)
#3 E:\xampp\htdocs\php2killifish\php2killifish\app\Controllers\UpdateController.php(16): view('updates', Array)
#4 E:\xampp\htdocs\php2killifish\php2killifish\system\CodeIgniter.php(918): App\Controllers\UpdateController->index()
#5 E:\xampp\htdocs\php2killifish\php2killifish\system\CodeIgniter.php(404): CodeIgniter\CodeIgniter->runController(Object(App\Controllers\UpdateController))
#6 E:\xampp\htdocs\php2killifish\php2killifish\system\CodeIgniter.php(312): CodeIgniter\CodeIgniter->handleRequest(NULL, Object(Config\Cache), false)
#7 E:\xampp\htdocs\php2killifish\php2killifish\public\index.php(45): CodeIgniter\CodeIgniter->run()
#8 {main}
CRITICAL - 2021-01-23 03:47:02 --> Undefined variable: validation
#0 E:\xampp\htdocs\php2killifish\php2killifish\app\Views\updateSubmit.php(33): CodeIgniter\Debug\Exceptions->errorHandler(8, 'Undefined varia...', 'E:\\xampp\\htdocs...', 33, Array)
#1 E:\xampp\htdocs\php2killifish\php2killifish\system\View\View.php(246): include('E:\\xampp\\htdocs...')
#2 E:\xampp\htdocs\php2killifish\php2killifish\system\Common.php(1119): CodeIgniter\View\View->render('updateSubmit', Array, true)
#3 E:\xampp\htdocs\php2killifish\php2killifish\app\Controllers\UpdateController.php(71): view('updateSubmit')
#4 E:\xampp\htdocs\php2killifish\php2killifish\system\CodeIgniter.php(918): App\Controllers\UpdateController->submit()
#5 E:\xampp\htdocs\php2killifish\php2killifish\system\CodeIgniter.php(404): CodeIgniter\CodeIgniter->runController(Object(App\Controllers\UpdateController))
#6 E:\xampp\htdocs\php2killifish\php2killifish\system\CodeIgniter.php(312): CodeIgniter\CodeIgniter->handleRequest(NULL, Object(Config\Cache), false)
#7 E:\xampp\htdocs\php2killifish\php2killifish\public\index.php(45): CodeIgniter\CodeIgniter->run()
#8 {main}
CRITICAL - 2021-01-23 03:47:05 --> Undefined variable: validation
#0 E:\xampp\htdocs\php2killifish\php2killifish\app\Views\updateSubmit.php(33): CodeIgniter\Debug\Exceptions->errorHandler(8, 'Undefined varia...', 'E:\\xampp\\htdocs...', 33, Array)
#1 E:\xampp\htdocs\php2killifish\php2killifish\system\View\View.php(246): include('E:\\xampp\\htdocs...')
#2 E:\xampp\htdocs\php2killifish\php2killifish\system\Common.php(1119): CodeIgniter\View\View->render('updateSubmit', Array, true)
#3 E:\xampp\htdocs\php2killifish\php2killifish\app\Controllers\UpdateController.php(71): view('updateSubmit')
#4 E:\xampp\htdocs\php2killifish\php2killifish\system\CodeIgniter.php(918): App\Controllers\UpdateController->submit()
#5 E:\xampp\htdocs\php2killifish\php2killifish\system\CodeIgniter.php(404): CodeIgniter\CodeIgniter->runController(Object(App\Controllers\UpdateController))
#6 E:\xampp\htdocs\php2killifish\php2killifish\system\CodeIgniter.php(312): CodeIgniter\CodeIgniter->handleRequest(NULL, Object(Config\Cache), false)
#7 E:\xampp\htdocs\php2killifish\php2killifish\public\index.php(45): CodeIgniter\CodeIgniter->run()
#8 {main}
CRITICAL - 2021-01-23 04:19:48 --> Undefined variable: insertID
#0 E:\xampp\htdocs\php2killifish\php2killifish\app\Controllers\UpdateController.php(67): CodeIgniter\Debug\Exceptions->errorHandler(8, 'Undefined varia...', 'E:\\xampp\\htdocs...', 67, Array)
#1 E:\xampp\htdocs\php2killifish\php2killifish\system\CodeIgniter.php(918): App\Controllers\UpdateController->submit()
#2 E:\xampp\htdocs\php2killifish\php2killifish\system\CodeIgniter.php(404): CodeIgniter\CodeIgniter->runController(Object(App\Controllers\UpdateController))
#3 E:\xampp\htdocs\php2killifish\php2killifish\system\CodeIgniter.php(312): CodeIgniter\CodeIgniter->handleRequest(NULL, Object(Config\Cache), false)
#4 E:\xampp\htdocs\php2killifish\php2killifish\public\index.php(45): CodeIgniter\CodeIgniter->run()
#5 {main}
CRITICAL - 2021-01-23 04:23:39 --> Call to a member function getName() on null
#0 E:\xampp\htdocs\php2killifish\php2killifish\app\Controllers\UpdateController.php(67): App\Controllers\UpdateController->uploadImage(Array)
#1 E:\xampp\htdocs\php2killifish\php2killifish\system\CodeIgniter.php(918): App\Controllers\UpdateController->submit()
#2 E:\xampp\htdocs\php2killifish\php2killifish\system\CodeIgniter.php(404): CodeIgniter\CodeIgniter->runController(Object(App\Controllers\UpdateController))
#3 E:\xampp\htdocs\php2killifish\php2killifish\system\CodeIgniter.php(312): CodeIgniter\CodeIgniter->handleRequest(NULL, Object(Config\Cache), false)
#4 E:\xampp\htdocs\php2killifish\php2killifish\public\index.php(45): CodeIgniter\CodeIgniter->run()
#5 {main}
CRITICAL - 2021-01-23 04:30:56 --> Call to undefined function set_value()
#0 E:\xampp\htdocs\php2killifish\php2killifish\system\View\View.php(246): include()
#1 E:\xampp\htdocs\php2killifish\php2killifish\system\Common.php(1119): CodeIgniter\View\View->render('postDisplay', Array, true)
#2 E:\xampp\htdocs\php2killifish\php2killifish\app\Controllers\PostController.php(35): view('postDisplay', Array)
#3 E:\xampp\htdocs\php2killifish\php2killifish\system\CodeIgniter.php(918): App\Controllers\PostController->view('Part-2-Of-me-Ha...')
#4 E:\xampp\htdocs\php2killifish\php2killifish\system\CodeIgniter.php(404): CodeIgniter\CodeIgniter->runController(Object(App\Controllers\PostController))
#5 E:\xampp\htdocs\php2killifish\php2killifish\system\CodeIgniter.php(312): CodeIgniter\CodeIgniter->handleRequest(NULL, Object(Config\Cache), false)
#6 E:\xampp\htdocs\php2killifish\php2killifish\public\index.php(45): CodeIgniter\CodeIgniter->run()
#7 {main}
CRITICAL - 2021-01-23 04:35:35 --> Call to undefined function set_value()
#0 E:\xampp\htdocs\php2killifish\php2killifish\system\View\View.php(246): include()
#1 E:\xampp\htdocs\php2killifish\php2killifish\system\Common.php(1119): CodeIgniter\View\View->render('postDisplay', Array, true)
#2 E:\xampp\htdocs\php2killifish\php2killifish\app\Controllers\PostController.php(35): view('postDisplay', Array)
#3 E:\xampp\htdocs\php2killifish\php2killifish\system\CodeIgniter.php(918): App\Controllers\PostController->view('Part-2-Of-me-Ha...')
#4 E:\xampp\htdocs\php2killifish\php2killifish\system\CodeIgniter.php(404): CodeIgniter\CodeIgniter->runController(Object(App\Controllers\PostController))
#5 E:\xampp\htdocs\php2killifish\php2killifish\system\CodeIgniter.php(312): CodeIgniter\CodeIgniter->handleRequest(NULL, Object(Config\Cache), false)
#6 E:\xampp\htdocs\php2killifish\php2killifish\public\index.php(45): CodeIgniter\CodeIgniter->run()
#7 {main}
CRITICAL - 2021-01-23 04:44:58 --> Call to undefined function set_value()
#0 E:\xampp\htdocs\php2killifish\php2killifish\system\View\View.php(246): include()
#1 E:\xampp\htdocs\php2killifish\php2killifish\system\Common.php(1119): CodeIgniter\View\View->render('postDisplay', Array, true)
#2 E:\xampp\htdocs\php2killifish\php2killifish\app\Controllers\PostController.php(35): view('postDisplay', Array)
#3 E:\xampp\htdocs\php2killifish\php2killifish\system\CodeIgniter.php(918): App\Controllers\PostController->view('Part-2-Of-me-Ha...')
#4 E:\xampp\htdocs\php2killifish\php2killifish\system\CodeIgniter.php(404): CodeIgniter\CodeIgniter->runController(Object(App\Controllers\PostController))
#5 E:\xampp\htdocs\php2killifish\php2killifish\system\CodeIgniter.php(312): CodeIgniter\CodeIgniter->handleRequest(NULL, Object(Config\Cache), false)
#6 E:\xampp\htdocs\php2killifish\php2killifish\public\index.php(45): CodeIgniter\CodeIgniter->run()
#7 {main}
CRITICAL - 2021-01-23 04:45:50 --> Call to undefined function set_value()
#0 E:\xampp\htdocs\php2killifish\php2killifish\system\View\View.php(246): include()
#1 E:\xampp\htdocs\php2killifish\php2killifish\system\Common.php(1119): CodeIgniter\View\View->render('postDisplay', Array, true)
#2 E:\xampp\htdocs\php2killifish\php2killifish\app\Controllers\PostController.php(35): view('postDisplay', Array)
#3 E:\xampp\htdocs\php2killifish\php2killifish\system\CodeIgniter.php(918): App\Controllers\PostController->view('Part-2-Of-me-Ha...')
#4 E:\xampp\htdocs\php2killifish\php2killifish\system\CodeIgniter.php(404): CodeIgniter\CodeIgniter->runController(Object(App\Controllers\PostController))
#5 E:\xampp\htdocs\php2killifish\php2killifish\system\CodeIgniter.php(312): CodeIgniter\CodeIgniter->handleRequest(NULL, Object(Config\Cache), false)
#6 E:\xampp\htdocs\php2killifish\php2killifish\public\index.php(45): CodeIgniter\CodeIgniter->run()
#7 {main}
CRITICAL - 2021-01-23 04:45:55 --> Call to undefined function set_value()
#0 E:\xampp\htdocs\php2killifish\php2killifish\system\View\View.php(246): include()
#1 E:\xampp\htdocs\php2killifish\php2killifish\system\Common.php(1119): CodeIgniter\View\View->render('postDisplay', Array, true)
#2 E:\xampp\htdocs\php2killifish\php2killifish\app\Controllers\PostController.php(35): view('postDisplay', Array)
#3 E:\xampp\htdocs\php2killifish\php2killifish\system\CodeIgniter.php(918): App\Controllers\PostController->view('Part-2-Of-me-Ha...')
#4 E:\xampp\htdocs\php2killifish\php2killifish\system\CodeIgniter.php(404): CodeIgniter\CodeIgniter->runController(Object(App\Controllers\PostController))
#5 E:\xampp\htdocs\php2killifish\php2killifish\system\CodeIgniter.php(312): CodeIgniter\CodeIgniter->handleRequest(NULL, Object(Config\Cache), false)
#6 E:\xampp\htdocs\php2killifish\php2killifish\public\index.php(45): CodeIgniter\CodeIgniter->run()
#7 {main}
CRITICAL - 2021-01-23 05:19:40 --> var_dump() expects at least 1 parameter, 0 given
#0 [internal function]: CodeIgniter\Debug\Exceptions->errorHandler(2, 'var_dump() expe...', 'E:\\xampp\\htdocs...', 34, Array)
#1 E:\xampp\htdocs\php2killifish\php2killifish\app\Views\updateSubmit.php(34): var_dump()
#2 E:\xampp\htdocs\php2killifish\php2killifish\system\View\View.php(246): include('E:\\xampp\\htdocs...')
#3 E:\xampp\htdocs\php2killifish\php2killifish\system\Common.php(1119): CodeIgniter\View\View->render('updateSubmit', Array, true)
#4 E:\xampp\htdocs\php2killifish\php2killifish\app\Controllers\UpdateController.php(75): view('updateSubmit')
#5 E:\xampp\htdocs\php2killifish\php2killifish\system\CodeIgniter.php(918): App\Controllers\UpdateController->submit()
#6 E:\xampp\htdocs\php2killifish\php2killifish\system\CodeIgniter.php(404): CodeIgniter\CodeIgniter->runController(Object(App\Controllers\UpdateController))
#7 E:\xampp\htdocs\php2killifish\php2killifish\system\CodeIgniter.php(312): CodeIgniter\CodeIgniter->handleRequest(NULL, Object(Config\Cache), false)
#8 E:\xampp\htdocs\php2killifish\php2killifish\public\index.php(45): CodeIgniter\CodeIgniter->run()
#9 {main}
CRITICAL - 2021-01-23 05:20:31 --> Undefined variable: newData
#0 E:\xampp\htdocs\php2killifish\php2killifish\app\Controllers\UpdateController.php(77): CodeIgniter\Debug\Exceptions->errorHandler(8, 'Undefined varia...', 'E:\\xampp\\htdocs...', 77, Array)
#1 E:\xampp\htdocs\php2killifish\php2killifish\system\CodeIgniter.php(918): App\Controllers\UpdateController->submit()
#2 E:\xampp\htdocs\php2killifish\php2killifish\system\CodeIgniter.php(404): CodeIgniter\CodeIgniter->runController(Object(App\Controllers\UpdateController))
#3 E:\xampp\htdocs\php2killifish\php2killifish\system\CodeIgniter.php(312): CodeIgniter\CodeIgniter->handleRequest(NULL, Object(Config\Cache), false)
#4 E:\xampp\htdocs\php2killifish\php2killifish\public\index.php(45): CodeIgniter\CodeIgniter->run()
#5 {main}
CRITICAL - 2021-01-23 05:20:37 --> Undefined variable: newData
#0 E:\xampp\htdocs\php2killifish\php2killifish\app\Controllers\UpdateController.php(77): CodeIgniter\Debug\Exceptions->errorHandler(8, 'Undefined varia...', 'E:\\xampp\\htdocs...', 77, Array)
#1 E:\xampp\htdocs\php2killifish\php2killifish\system\CodeIgniter.php(918): App\Controllers\UpdateController->submit()
#2 E:\xampp\htdocs\php2killifish\php2killifish\system\CodeIgniter.php(404): CodeIgniter\CodeIgniter->runController(Object(App\Controllers\UpdateController))
#3 E:\xampp\htdocs\php2killifish\php2killifish\system\CodeIgniter.php(312): CodeIgniter\CodeIgniter->handleRequest(NULL, Object(Config\Cache), false)
#4 E:\xampp\htdocs\php2killifish\php2killifish\public\index.php(45): CodeIgniter\CodeIgniter->run()
#5 {main}
CRITICAL - 2021-01-23 05:25:37 --> Undefined variable: id
#0 E:\xampp\htdocs\php2killifish\php2killifish\app\Controllers\UpdateController.php(67): CodeIgniter\Debug\Exceptions->errorHandler(8, 'Undefined varia...', 'E:\\xampp\\htdocs...', 67, Array)
#1 E:\xampp\htdocs\php2killifish\php2killifish\system\CodeIgniter.php(918): App\Controllers\UpdateController->submit()
#2 E:\xampp\htdocs\php2killifish\php2killifish\system\CodeIgniter.php(404): CodeIgniter\CodeIgniter->runController(Object(App\Controllers\UpdateController))
#3 E:\xampp\htdocs\php2killifish\php2killifish\system\CodeIgniter.php(312): CodeIgniter\CodeIgniter->handleRequest(NULL, Object(Config\Cache), false)
#4 E:\xampp\htdocs\php2killifish\php2killifish\public\index.php(45): CodeIgniter\CodeIgniter->run()
#5 {main}
CRITICAL - 2021-01-23 05:26:05 --> Undefined variable: id
#0 E:\xampp\htdocs\php2killifish\php2killifish\app\Controllers\UpdateController.php(67): CodeIgniter\Debug\Exceptions->errorHandler(8, 'Undefined varia...', 'E:\\xampp\\htdocs...', 67, Array)
#1 E:\xampp\htdocs\php2killifish\php2killifish\system\CodeIgniter.php(918): App\Controllers\UpdateController->submit()
#2 E:\xampp\htdocs\php2killifish\php2killifish\system\CodeIgniter.php(404): CodeIgniter\CodeIgniter->runController(Object(App\Controllers\UpdateController))
#3 E:\xampp\htdocs\php2killifish\php2killifish\system\CodeIgniter.php(312): CodeIgniter\CodeIgniter->handleRequest(NULL, Object(Config\Cache), false)
#4 E:\xampp\htdocs\php2killifish\php2killifish\public\index.php(45): CodeIgniter\CodeIgniter->run()
#5 {main}
CRITICAL - 2021-01-23 05:26:30 --> Undefined variable: id
#0 E:\xampp\htdocs\php2killifish\php2killifish\app\Controllers\UpdateController.php(67): CodeIgniter\Debug\Exceptions->errorHandler(8, 'Undefined varia...', 'E:\\xampp\\htdocs...', 67, Array)
#1 E:\xampp\htdocs\php2killifish\php2killifish\system\CodeIgniter.php(918): App\Controllers\UpdateController->submit()
#2 E:\xampp\htdocs\php2killifish\php2killifish\system\CodeIgniter.php(404): CodeIgniter\CodeIgniter->runController(Object(App\Controllers\UpdateController))
#3 E:\xampp\htdocs\php2killifish\php2killifish\system\CodeIgniter.php(312): CodeIgniter\CodeIgniter->handleRequest(NULL, Object(Config\Cache), false)
#4 E:\xampp\htdocs\php2killifish\php2killifish\public\index.php(45): CodeIgniter\CodeIgniter->run()
#5 {main}
CRITICAL - 2021-01-23 05:26:55 --> Call to a member function getName() on null
#0 E:\xampp\htdocs\php2killifish\php2killifish\app\Controllers\UpdateController.php(67): App\Controllers\UpdateController->uploadImage(Array)
#1 E:\xampp\htdocs\php2killifish\php2killifish\system\CodeIgniter.php(918): App\Controllers\UpdateController->submit()
#2 E:\xampp\htdocs\php2killifish\php2killifish\system\CodeIgniter.php(404): CodeIgniter\CodeIgniter->runController(Object(App\Controllers\UpdateController))
#3 E:\xampp\htdocs\php2killifish\php2killifish\system\CodeIgniter.php(312): CodeIgniter\CodeIgniter->handleRequest(NULL, Object(Config\Cache), false)
#4 E:\xampp\htdocs\php2killifish\php2killifish\public\index.php(45): CodeIgniter\CodeIgniter->run()
#5 {main}
CRITICAL - 2021-01-23 05:27:47 --> Undefined variable: id
#0 E:\xampp\htdocs\php2killifish\php2killifish\app\Controllers\UpdateController.php(67): CodeIgniter\Debug\Exceptions->errorHandler(8, 'Undefined varia...', 'E:\\xampp\\htdocs...', 67, Array)
#1 E:\xampp\htdocs\php2killifish\php2killifish\system\CodeIgniter.php(918): App\Controllers\UpdateController->submit()
#2 E:\xampp\htdocs\php2killifish\php2killifish\system\CodeIgniter.php(404): CodeIgniter\CodeIgniter->runController(Object(App\Controllers\UpdateController))
#3 E:\xampp\htdocs\php2killifish\php2killifish\system\CodeIgniter.php(312): CodeIgniter\CodeIgniter->handleRequest(NULL, Object(Config\Cache), false)
#4 E:\xampp\htdocs\php2killifish\php2killifish\public\index.php(45): CodeIgniter\CodeIgniter->run()
#5 {main}
CRITICAL - 2021-01-23 05:33:27 --> Undefined variable: id
#0 E:\xampp\htdocs\php2killifish\php2killifish\app\Controllers\UpdateController.php(67): CodeIgniter\Debug\Exceptions->errorHandler(8, 'Undefined varia...', 'E:\\xampp\\htdocs...', 67, Array)
#1 E:\xampp\htdocs\php2killifish\php2killifish\system\CodeIgniter.php(918): App\Controllers\UpdateController->submit()
#2 E:\xampp\htdocs\php2killifish\php2killifish\system\CodeIgniter.php(404): CodeIgniter\CodeIgniter->runController(Object(App\Controllers\UpdateController))
#3 E:\xampp\htdocs\php2killifish\php2killifish\system\CodeIgniter.php(312): CodeIgniter\CodeIgniter->handleRequest(NULL, Object(Config\Cache), false)
#4 E:\xampp\htdocs\php2killifish\php2killifish\public\index.php(45): CodeIgniter\CodeIgniter->run()
#5 {main}
CRITICAL - 2021-01-23 05:37:54 --> syntax error, unexpected ''image'' (T_CONSTANT_ENCAPSED_STRING), expecting ']'
#0 E:\xampp\htdocs\php2killifish\php2killifish\system\Autoloader\Autoloader.php(296): CodeIgniter\Autoloader\Autoloader->requireFile('E:\\xampp\\htdocs...')
#1 E:\xampp\htdocs\php2killifish\php2killifish\system\Autoloader\Autoloader.php(258): CodeIgniter\Autoloader\Autoloader->loadInNamespace('App\\Controllers...')
#2 [internal function]: CodeIgniter\Autoloader\Autoloader->loadClass('App\\Controllers...')
#3 [internal function]: spl_autoload_call('App\\Controllers...')
#4 E:\xampp\htdocs\php2killifish\php2killifish\system\CodeIgniter.php(869): class_exists('\\App\\Controller...', true)
#5 E:\xampp\htdocs\php2killifish\php2killifish\system\CodeIgniter.php(394): CodeIgniter\CodeIgniter->startController()
#6 E:\xampp\htdocs\php2killifish\php2killifish\system\CodeIgniter.php(312): CodeIgniter\CodeIgniter->handleRequest(NULL, Object(Config\Cache), false)
#7 E:\xampp\htdocs\php2killifish\php2killifish\public\index.php(45): CodeIgniter\CodeIgniter->run()
#8 {main}
CRITICAL - 2021-01-23 05:40:08 --> Call to undefined function set_value()
#0 E:\xampp\htdocs\php2killifish\php2killifish\system\View\View.php(246): include()
#1 E:\xampp\htdocs\php2killifish\php2killifish\system\Common.php(1119): CodeIgniter\View\View->render('postDisplay', Array, true)
#2 E:\xampp\htdocs\php2killifish\php2killifish\app\Controllers\PostController.php(35): view('postDisplay', Array)
#3 E:\xampp\htdocs\php2killifish\php2killifish\system\CodeIgniter.php(918): App\Controllers\PostController->view('Part-2-Of-me-Ha...')
#4 E:\xampp\htdocs\php2killifish\php2killifish\system\CodeIgniter.php(404): CodeIgniter\CodeIgniter->runController(Object(App\Controllers\PostController))
#5 E:\xampp\htdocs\php2killifish\php2killifish\system\CodeIgniter.php(312): CodeIgniter\CodeIgniter->handleRequest(NULL, Object(Config\Cache), false)
#6 E:\xampp\htdocs\php2killifish\php2killifish\public\index.php(45): CodeIgniter\CodeIgniter->run()
#7 {main}
CRITICAL - 2021-01-23 05:45:23 --> Call to undefined function set_value()
#0 E:\xampp\htdocs\php2killifish\php2killifish\system\View\View.php(246): include()
#1 E:\xampp\htdocs\php2killifish\php2killifish\system\Common.php(1119): CodeIgniter\View\View->render('postDisplay', Array, true)
#2 E:\xampp\htdocs\php2killifish\php2killifish\app\Controllers\PostController.php(35): view('postDisplay', Array)
#3 E:\xampp\htdocs\php2killifish\php2killifish\system\CodeIgniter.php(918): App\Controllers\PostController->view('Part-2-Of-me-Ha...')
#4 E:\xampp\htdocs\php2killifish\php2killifish\system\CodeIgniter.php(404): CodeIgniter\CodeIgniter->runController(Object(App\Controllers\PostController))
#5 E:\xampp\htdocs\php2killifish\php2killifish\system\CodeIgniter.php(312): CodeIgniter\CodeIgniter->handleRequest(NULL, Object(Config\Cache), false)
#6 E:\xampp\htdocs\php2killifish\php2killifish\public\index.php(45): CodeIgniter\CodeIgniter->run()
#7 {main}
CRITICAL - 2021-01-23 05:55:22 --> Undefined variable: posts
#0 E:\xampp\htdocs\php2killifish\php2killifish\app\Views\postDisplay.php(10): CodeIgniter\Debug\Exceptions->errorHandler(8, 'Undefined varia...', 'E:\\xampp\\htdocs...', 10, Array)
#1 E:\xampp\htdocs\php2killifish\php2killifish\system\View\View.php(246): include('E:\\xampp\\htdocs...')
#2 E:\xampp\htdocs\php2killifish\php2killifish\system\Common.php(1119): CodeIgniter\View\View->render('postDisplay', Array, true)
#3 E:\xampp\htdocs\php2killifish\php2killifish\app\Controllers\CommentController.php(68): view('postDisplay')
#4 E:\xampp\htdocs\php2killifish\php2killifish\system\CodeIgniter.php(918): App\Controllers\CommentController->submit()
#5 E:\xampp\htdocs\php2killifish\php2killifish\system\CodeIgniter.php(404): CodeIgniter\CodeIgniter->runController(Object(App\Controllers\CommentController))
#6 E:\xampp\htdocs\php2killifish\php2killifish\system\CodeIgniter.php(312): CodeIgniter\CodeIgniter->handleRequest(NULL, Object(Config\Cache), false)
#7 E:\xampp\htdocs\php2killifish\php2killifish\public\index.php(45): CodeIgniter\CodeIgniter->run()
#8 {main}
CRITICAL - 2021-01-23 05:56:18 --> Undefined variable: posts
#0 E:\xampp\htdocs\php2killifish\php2killifish\app\Views\postDisplay.php(10): CodeIgniter\Debug\Exceptions->errorHandler(8, 'Undefined varia...', 'E:\\xampp\\htdocs...', 10, Array)
#1 E:\xampp\htdocs\php2killifish\php2killifish\system\View\View.php(246): include('E:\\xampp\\htdocs...')
#2 E:\xampp\htdocs\php2killifish\php2killifish\system\Common.php(1119): CodeIgniter\View\View->render('postDisplay', Array, true)
#3 E:\xampp\htdocs\php2killifish\php2killifish\app\Controllers\CommentController.php(68): view('postDisplay')
#4 E:\xampp\htdocs\php2killifish\php2killifish\system\CodeIgniter.php(918): App\Controllers\CommentController->submit()
#5 E:\xampp\htdocs\php2killifish\php2killifish\system\CodeIgniter.php(404): CodeIgniter\CodeIgniter->runController(Object(App\Controllers\CommentController))
#6 E:\xampp\htdocs\php2killifish\php2killifish\system\CodeIgniter.php(312): CodeIgniter\CodeIgniter->handleRequest(NULL, Object(Config\Cache), false)
#7 E:\xampp\htdocs\php2killifish\php2killifish\public\index.php(45): CodeIgniter\CodeIgniter->run()
#8 {main}
CRITICAL - 2021-01-23 05:57:35 --> Undefined variable: posts
#0 E:\xampp\htdocs\php2killifish\php2killifish\app\Views\postDisplay.php(10): CodeIgniter\Debug\Exceptions->errorHandler(8, 'Undefined varia...', 'E:\\xampp\\htdocs...', 10, Array)
#1 E:\xampp\htdocs\php2killifish\php2killifish\system\View\View.php(246): include('E:\\xampp\\htdocs...')
#2 E:\xampp\htdocs\php2killifish\php2killifish\system\Common.php(1119): CodeIgniter\View\View->render('postDisplay', Array, true)
#3 E:\xampp\htdocs\php2killifish\php2killifish\app\Controllers\CommentController.php(68): view('postDisplay')
#4 E:\xampp\htdocs\php2killifish\php2killifish\system\CodeIgniter.php(918): App\Controllers\CommentController->submit()
#5 E:\xampp\htdocs\php2killifish\php2killifish\system\CodeIgniter.php(404): CodeIgniter\CodeIgniter->runController(Object(App\Controllers\CommentController))
#6 E:\xampp\htdocs\php2killifish\php2killifish\system\CodeIgniter.php(312): CodeIgniter\CodeIgniter->handleRequest(NULL, Object(Config\Cache), false)
#7 E:\xampp\htdocs\php2killifish\php2killifish\public\index.php(45): CodeIgniter\CodeIgniter->run()
#8 {main}
CRITICAL - 2021-01-23 06:04:24 --> Undefined variable: posts
#0 E:\xampp\htdocs\php2killifish\php2killifish\app\Views\postDisplay.php(10): CodeIgniter\Debug\Exceptions->errorHandler(8, 'Undefined varia...', 'E:\\xampp\\htdocs...', 10, Array)
#1 E:\xampp\htdocs\php2killifish\php2killifish\system\View\View.php(246): include('E:\\xampp\\htdocs...')
#2 E:\xampp\htdocs\php2killifish\php2killifish\system\Common.php(1119): CodeIgniter\View\View->render('postDisplay', Array, true)
#3 E:\xampp\htdocs\php2killifish\php2killifish\app\Controllers\CommentController.php(68): view('postDisplay')
#4 E:\xampp\htdocs\php2killifish\php2killifish\system\CodeIgniter.php(918): App\Controllers\CommentController->submit()
#5 E:\xampp\htdocs\php2killifish\php2killifish\system\CodeIgniter.php(404): CodeIgniter\CodeIgniter->runController(Object(App\Controllers\CommentController))
#6 E:\xampp\htdocs\php2killifish\php2killifish\system\CodeIgniter.php(312): CodeIgniter\CodeIgniter->handleRequest(NULL, Object(Config\Cache), false)
#7 E:\xampp\htdocs\php2killifish\php2killifish\public\index.php(45): CodeIgniter\CodeIgniter->run()
#8 {main}
CRITICAL - 2021-01-23 06:16:36 --> Undefined variable: posts
#0 E:\xampp\htdocs\php2killifish\php2killifish\app\Views\postDisplay.php(10): CodeIgniter\Debug\Exceptions->errorHandler(8, 'Undefined varia...', 'E:\\xampp\\htdocs...', 10, Array)
#1 E:\xampp\htdocs\php2killifish\php2killifish\system\View\View.php(246): include('E:\\xampp\\htdocs...')
#2 E:\xampp\htdocs\php2killifish\php2killifish\system\Common.php(1119): CodeIgniter\View\View->render('postDisplay', Array, true)
#3 E:\xampp\htdocs\php2killifish\php2killifish\app\Controllers\CommentController.php(68): view('postDisplay')
#4 E:\xampp\htdocs\php2killifish\php2killifish\system\CodeIgniter.php(918): App\Controllers\CommentController->submit()
#5 E:\xampp\htdocs\php2killifish\php2killifish\system\CodeIgniter.php(404): CodeIgniter\CodeIgniter->runController(Object(App\Controllers\CommentController))
#6 E:\xampp\htdocs\php2killifish\php2killifish\system\CodeIgniter.php(312): CodeIgniter\CodeIgniter->handleRequest(NULL, Object(Config\Cache), false)
#7 E:\xampp\htdocs\php2killifish\php2killifish\public\index.php(45): CodeIgniter\CodeIgniter->run()
#8 {main}
CRITICAL - 2021-01-23 06:24:42 --> Undefined variable: posts
#0 E:\xampp\htdocs\php2killifish\php2killifish\app\Views\postDisplay.php(10): CodeIgniter\Debug\Exceptions->errorHandler(8, 'Undefined varia...', 'E:\\xampp\\htdocs...', 10, Array)
#1 E:\xampp\htdocs\php2killifish\php2killifish\system\View\View.php(246): include('E:\\xampp\\htdocs...')
#2 E:\xampp\htdocs\php2killifish\php2killifish\system\Common.php(1119): CodeIgniter\View\View->render('postDisplay', Array, true)
#3 E:\xampp\htdocs\php2killifish\php2killifish\app\Controllers\CommentController.php(68): view('postDisplay')
#4 E:\xampp\htdocs\php2killifish\php2killifish\system\CodeIgniter.php(918): App\Controllers\CommentController->submit()
#5 E:\xampp\htdocs\php2killifish\php2killifish\system\CodeIgniter.php(404): CodeIgniter\CodeIgniter->runController(Object(App\Controllers\CommentController))
#6 E:\xampp\htdocs\php2killifish\php2killifish\system\CodeIgniter.php(312): CodeIgniter\CodeIgniter->handleRequest(NULL, Object(Config\Cache), false)
#7 E:\xampp\htdocs\php2killifish\php2killifish\public\index.php(45): CodeIgniter\CodeIgniter->run()
#8 {main}
CRITICAL - 2021-01-23 06:26:12 --> Undefined variable: posts
#0 E:\xampp\htdocs\php2killifish\php2killifish\app\Views\postDisplay.php(10): CodeIgniter\Debug\Exceptions->errorHandler(8, 'Undefined varia...', 'E:\\xampp\\htdocs...', 10, Array)
#1 E:\xampp\htdocs\php2killifish\php2killifish\system\View\View.php(246): include('E:\\xampp\\htdocs...')
#2 E:\xampp\htdocs\php2killifish\php2killifish\system\Common.php(1119): CodeIgniter\View\View->render('postDisplay', Array, true)
#3 E:\xampp\htdocs\php2killifish\php2killifish\app\Controllers\CommentController.php(68): view('postDisplay')
#4 E:\xampp\htdocs\php2killifish\php2killifish\system\CodeIgniter.php(918): App\Controllers\CommentController->submit()
#5 E:\xampp\htdocs\php2killifish\php2killifish\system\CodeIgniter.php(404): CodeIgniter\CodeIgniter->runController(Object(App\Controllers\CommentController))
#6 E:\xampp\htdocs\php2killifish\php2killifish\system\CodeIgniter.php(312): CodeIgniter\CodeIgniter->handleRequest(NULL, Object(Config\Cache), false)
#7 E:\xampp\htdocs\php2killifish\php2killifish\public\index.php(45): CodeIgniter\CodeIgniter->run()
#8 {main}
CRITICAL - 2021-01-23 06:53:09 --> Undefined variable: posts
#0 E:\xampp\htdocs\php2killifish\php2killifish\app\Views\postDisplay.php(10): CodeIgniter\Debug\Exceptions->errorHandler(8, 'Undefined varia...', 'E:\\xampp\\htdocs...', 10, Array)
#1 E:\xampp\htdocs\php2killifish\php2killifish\system\View\View.php(246): include('E:\\xampp\\htdocs...')
#2 E:\xampp\htdocs\php2killifish\php2killifish\system\Common.php(1119): CodeIgniter\View\View->render('postDisplay', Array, true)
#3 E:\xampp\htdocs\php2killifish\php2killifish\app\Controllers\CommentController.php(68): view('postDisplay')
#4 E:\xampp\htdocs\php2killifish\php2killifish\system\CodeIgniter.php(918): App\Controllers\CommentController->submit()
#5 E:\xampp\htdocs\php2killifish\php2killifish\system\CodeIgniter.php(404): CodeIgniter\CodeIgniter->runController(Object(App\Controllers\CommentController))
#6 E:\xampp\htdocs\php2killifish\php2killifish\system\CodeIgniter.php(312): CodeIgniter\CodeIgniter->handleRequest(NULL, Object(Config\Cache), false)
#7 E:\xampp\htdocs\php2killifish\php2killifish\public\index.php(45): CodeIgniter\CodeIgniter->run()
#8 {main}
CRITICAL - 2021-01-23 06:58:24 --> Undefined variable: posts
#0 E:\xampp\htdocs\php2killifish\php2killifish\app\Views\postDisplay.php(10): CodeIgniter\Debug\Exceptions->errorHandler(8, 'Undefined varia...', 'E:\\xampp\\htdocs...', 10, Array)
#1 E:\xampp\htdocs\php2killifish\php2killifish\system\View\View.php(246): include('E:\\xampp\\htdocs...')
#2 E:\xampp\htdocs\php2killifish\php2killifish\system\Common.php(1119): CodeIgniter\View\View->render('postDisplay', Array, true)
#3 E:\xampp\htdocs\php2killifish\php2killifish\app\Controllers\CommentController.php(68): view('postDisplay')
#4 E:\xampp\htdocs\php2killifish\php2killifish\system\CodeIgniter.php(918): App\Controllers\CommentController->submit()
#5 E:\xampp\htdocs\php2killifish\php2killifish\system\CodeIgniter.php(404): CodeIgniter\CodeIgniter->runController(Object(App\Controllers\CommentController))
#6 E:\xampp\htdocs\php2killifish\php2killifish\system\CodeIgniter.php(312): CodeIgniter\CodeIgniter->handleRequest(NULL, Object(Config\Cache), false)
#7 E:\xampp\htdocs\php2killifish\php2killifish\public\index.php(45): CodeIgniter\CodeIgniter->run()
#8 {main}
CRITICAL - 2021-01-23 06:59:50 --> Undefined variable: posts
#0 E:\xampp\htdocs\php2killifish\php2killifish\app\Views\postDisplay.php(10): CodeIgniter\Debug\Exceptions->errorHandler(8, 'Undefined varia...', 'E:\\xampp\\htdocs...', 10, Array)
#1 E:\xampp\htdocs\php2killifish\php2killifish\system\View\View.php(246): include('E:\\xampp\\htdocs...')
#2 E:\xampp\htdocs\php2killifish\php2killifish\system\Common.php(1119): CodeIgniter\View\View->render('postDisplay', Array, true)
#3 E:\xampp\htdocs\php2killifish\php2killifish\app\Controllers\CommentController.php(68): view('postDisplay')
#4 E:\xampp\htdocs\php2killifish\php2killifish\system\CodeIgniter.php(918): App\Controllers\CommentController->submit()
#5 E:\xampp\htdocs\php2killifish\php2killifish\system\CodeIgniter.php(404): CodeIgniter\CodeIgniter->runController(Object(App\Controllers\CommentController))
#6 E:\xampp\htdocs\php2killifish\php2killifish\system\CodeIgniter.php(312): CodeIgniter\CodeIgniter->handleRequest(NULL, Object(Config\Cache), false)
#7 E:\xampp\htdocs\php2killifish\php2killifish\public\index.php(45): CodeIgniter\CodeIgniter->run()
#8 {main}
CRITICAL - 2021-01-23 07:16:12 --> Undefined variable: posts
#0 E:\xampp\htdocs\php2killifish\php2killifish\app\Views\postDisplay.php(10): CodeIgniter\Debug\Exceptions->errorHandler(8, 'Undefined varia...', 'E:\\xampp\\htdocs...', 10, Array)
#1 E:\xampp\htdocs\php2killifish\php2killifish\system\View\View.php(246): include('E:\\xampp\\htdocs...')
#2 E:\xampp\htdocs\php2killifish\php2killifish\system\Common.php(1119): CodeIgniter\View\View->render('postDisplay', Array, true)
#3 E:\xampp\htdocs\php2killifish\php2killifish\app\Controllers\CommentController.php(68): view('postDisplay')
#4 E:\xampp\htdocs\php2killifish\php2killifish\system\CodeIgniter.php(918): App\Controllers\CommentController->submit()
#5 E:\xampp\htdocs\php2killifish\php2killifish\system\CodeIgniter.php(404): CodeIgniter\CodeIgniter->runController(Object(App\Controllers\CommentController))
#6 E:\xampp\htdocs\php2killifish\php2killifish\system\CodeIgniter.php(312): CodeIgniter\CodeIgniter->handleRequest(NULL, Object(Config\Cache), false)
#7 E:\xampp\htdocs\php2killifish\php2killifish\public\index.php(45): CodeIgniter\CodeIgniter->run()
#8 {main}
CRITICAL - 2021-01-23 07:37:33 --> Undefined variable: posts
#0 E:\xampp\htdocs\php2killifish\php2killifish\app\Views\postDisplay.php(10): CodeIgniter\Debug\Exceptions->errorHandler(8, 'Undefined varia...', 'E:\\xampp\\htdocs...', 10, Array)
#1 E:\xampp\htdocs\php2killifish\php2killifish\system\View\View.php(246): include('E:\\xampp\\htdocs...')
#2 E:\xampp\htdocs\php2killifish\php2killifish\system\Common.php(1119): CodeIgniter\View\View->render('postDisplay', Array, true)
#3 E:\xampp\htdocs\php2killifish\php2killifish\app\Controllers\CommentController.php(75): view('postDisplay')
#4 E:\xampp\htdocs\php2killifish\php2killifish\system\CodeIgniter.php(918): App\Controllers\CommentController->submit()
#5 E:\xampp\htdocs\php2killifish\php2killifish\system\CodeIgniter.php(404): CodeIgniter\CodeIgniter->runController(Object(App\Controllers\CommentController))
#6 E:\xampp\htdocs\php2killifish\php2killifish\system\CodeIgniter.php(312): CodeIgniter\CodeIgniter->handleRequest(NULL, Object(Config\Cache), false)
#7 E:\xampp\htdocs\php2killifish\php2killifish\public\index.php(45): CodeIgniter\CodeIgniter->run()
#8 {main}
