CRITICAL - 2020-12-14 09:03:15 --> validateUser is not a valid rule.
#0 E:\xampp\htdocs\php2killifish\php2killifish\system\Validation\Validation.php(333): CodeIgniter\Validation\Exceptions\ValidationException::forRuleNotFound('validateUser')
#1 E:\xampp\htdocs\php2killifish\php2killifish\system\Validation\Validation.php(189): CodeIgniter\Validation\Validation->processRules('userPassword', 'userPassword', '313213123123123...', Array, Array)
#2 E:\xampp\htdocs\php2killifish\php2killifish\system\Controller.php(219): CodeIgniter\Validation\Validation->run()
#3 E:\xampp\htdocs\php2killifish\php2killifish\app\Controllers\UserController.php(25): CodeIgniter\Controller->validate(Array, Array)
#4 E:\xampp\htdocs\php2killifish\php2killifish\system\CodeIgniter.php(918): App\Controllers\UserController->index()
#5 E:\xampp\htdocs\php2killifish\php2killifish\system\CodeIgniter.php(404): CodeIgniter\CodeIgniter->runController(Object(App\Controllers\UserController))
#6 E:\xampp\htdocs\php2killifish\php2killifish\system\CodeIgniter.php(312): CodeIgniter\CodeIgniter->handleRequest(NULL, Object(Config\Cache), false)
#7 E:\xampp\htdocs\php2killifish\php2killifish\public\index.php(45): CodeIgniter\CodeIgniter->run()
#8 {main}
CRITICAL - 2020-12-14 09:14:36 --> Class 'App\App\Controllers\UserController\UserController' not found
#0 E:\xampp\htdocs\php2killifish\php2killifish\system\Config\Config.php(83): CodeIgniter\Config\Config::createClass('Config\\Validati...')
#1 E:\xampp\htdocs\php2killifish\php2killifish\system\Common.php(155): CodeIgniter\Config\Config::get('Validation', true)
#2 E:\xampp\htdocs\php2killifish\php2killifish\system\Config\Services.php(898): config('Validation')
#3 E:\xampp\htdocs\php2killifish\php2killifish\system\Config\BaseService.php(123): CodeIgniter\Config\Services::validation(NULL, false)
#4 E:\xampp\htdocs\php2killifish\php2killifish\system\Config\Services.php(893): CodeIgniter\Config\BaseService::getSharedInstance('validation', NULL)
#5 E:\xampp\htdocs\php2killifish\php2killifish\system\Controller.php(192): CodeIgniter\Config\Services::validation()
#6 E:\xampp\htdocs\php2killifish\php2killifish\app\Controllers\UserController.php(25): CodeIgniter\Controller->validate(Array, Array)
#7 E:\xampp\htdocs\php2killifish\php2killifish\system\CodeIgniter.php(918): App\Controllers\UserController->index()
#8 E:\xampp\htdocs\php2killifish\php2killifish\system\CodeIgniter.php(404): CodeIgniter\CodeIgniter->runController(Object(App\Controllers\UserController))
#9 E:\xampp\htdocs\php2killifish\php2killifish\system\CodeIgniter.php(312): CodeIgniter\CodeIgniter->handleRequest(NULL, Object(Config\Cache), false)
#10 E:\xampp\htdocs\php2killifish\php2killifish\public\index.php(45): CodeIgniter\CodeIgniter->run()
#11 {main}
CRITICAL - 2020-12-14 09:14:49 --> Class 'App\Controllers\UserController\UserController' not found
#0 E:\xampp\htdocs\php2killifish\php2killifish\system\Config\Config.php(83): CodeIgniter\Config\Config::createClass('Config\\Validati...')
#1 E:\xampp\htdocs\php2killifish\php2killifish\system\Common.php(155): CodeIgniter\Config\Config::get('Validation', true)
#2 E:\xampp\htdocs\php2killifish\php2killifish\system\Config\Services.php(898): config('Validation')
#3 E:\xampp\htdocs\php2killifish\php2killifish\system\Config\BaseService.php(123): CodeIgniter\Config\Services::validation(NULL, false)
#4 E:\xampp\htdocs\php2killifish\php2killifish\system\Config\Services.php(893): CodeIgniter\Config\BaseService::getSharedInstance('validation', NULL)
#5 E:\xampp\htdocs\php2killifish\php2killifish\system\Controller.php(192): CodeIgniter\Config\Services::validation()
#6 E:\xampp\htdocs\php2killifish\php2killifish\app\Controllers\UserController.php(25): CodeIgniter\Controller->validate(Array, Array)
#7 E:\xampp\htdocs\php2killifish\php2killifish\system\CodeIgniter.php(918): App\Controllers\UserController->index()
#8 E:\xampp\htdocs\php2killifish\php2killifish\system\CodeIgniter.php(404): CodeIgniter\CodeIgniter->runController(Object(App\Controllers\UserController))
#9 E:\xampp\htdocs\php2killifish\php2killifish\system\CodeIgniter.php(312): CodeIgniter\CodeIgniter->handleRequest(NULL, Object(Config\Cache), false)
#10 E:\xampp\htdocs\php2killifish\php2killifish\public\index.php(45): CodeIgniter\CodeIgniter->run()
#11 {main}
CRITICAL - 2020-12-14 09:15:01 --> Undefined class constant 'App\Controllers\UserController::validateUser'
#0 E:\xampp\htdocs\php2killifish\php2killifish\system\Config\Config.php(83): CodeIgniter\Config\Config::createClass('Config\\Validati...')
#1 E:\xampp\htdocs\php2killifish\php2killifish\system\Common.php(155): CodeIgniter\Config\Config::get('Validation', true)
#2 E:\xampp\htdocs\php2killifish\php2killifish\system\Config\Services.php(898): config('Validation')
#3 E:\xampp\htdocs\php2killifish\php2killifish\system\Config\BaseService.php(123): CodeIgniter\Config\Services::validation(NULL, false)
#4 E:\xampp\htdocs\php2killifish\php2killifish\system\Config\Services.php(893): CodeIgniter\Config\BaseService::getSharedInstance('validation', NULL)
#5 E:\xampp\htdocs\php2killifish\php2killifish\system\Controller.php(192): CodeIgniter\Config\Services::validation()
#6 E:\xampp\htdocs\php2killifish\php2killifish\app\Controllers\UserController.php(25): CodeIgniter\Controller->validate(Array, Array)
#7 E:\xampp\htdocs\php2killifish\php2killifish\system\CodeIgniter.php(918): App\Controllers\UserController->index()
#8 E:\xampp\htdocs\php2killifish\php2killifish\system\CodeIgniter.php(404): CodeIgniter\CodeIgniter->runController(Object(App\Controllers\UserController))
#9 E:\xampp\htdocs\php2killifish\php2killifish\system\CodeIgniter.php(312): CodeIgniter\CodeIgniter->handleRequest(NULL, Object(Config\Cache), false)
#10 E:\xampp\htdocs\php2killifish\php2killifish\public\index.php(45): CodeIgniter\CodeIgniter->run()
#11 {main}
CRITICAL - 2020-12-14 09:15:22 --> Unknown column 'users.deleted_at' in 'where clause'
#0 E:\xampp\htdocs\php2killifish\php2killifish\system\Database\MySQLi\Connection.php(331): mysqli->query('SELECT *\nFROM `...')
#1 E:\xampp\htdocs\php2killifish\php2killifish\system\Database\BaseConnection.php(741): CodeIgniter\Database\MySQLi\Connection->execute('SELECT *\nFROM `...')
#2 E:\xampp\htdocs\php2killifish\php2killifish\system\Database\BaseConnection.php(669): CodeIgniter\Database\BaseConnection->simpleQuery('SELECT *\nFROM `...')
#3 E:\xampp\htdocs\php2killifish\php2killifish\system\Database\BaseBuilder.php(1860): CodeIgniter\Database\BaseConnection->query('SELECT *\nFROM `...', Array, false)
#4 E:\xampp\htdocs\php2killifish\php2killifish\system\Model.php(506): CodeIgniter\Database\BaseBuilder->get()
#5 E:\xampp\htdocs\php2killifish\php2killifish\app\Controllers\UserController.php(54): CodeIgniter\Model->first()
#6 E:\xampp\htdocs\php2killifish\php2killifish\system\Validation\Validation.php(325): App\Controllers\UserController->validateUser('Pa$$w0rd!', 'userScreenName,...', Array, NULL)
#7 E:\xampp\htdocs\php2killifish\php2killifish\system\Validation\Validation.php(189): CodeIgniter\Validation\Validation->processRules('userPassword', 'userPassword', 'Pa$$w0rd!', Array, Array)
#8 E:\xampp\htdocs\php2killifish\php2killifish\system\Controller.php(219): CodeIgniter\Validation\Validation->run()
#9 E:\xampp\htdocs\php2killifish\php2killifish\app\Controllers\UserController.php(25): CodeIgniter\Controller->validate(Array, Array)
#10 E:\xampp\htdocs\php2killifish\php2killifish\system\CodeIgniter.php(918): App\Controllers\UserController->index()
#11 E:\xampp\htdocs\php2killifish\php2killifish\system\CodeIgniter.php(404): CodeIgniter\CodeIgniter->runController(Object(App\Controllers\UserController))
#12 E:\xampp\htdocs\php2killifish\php2killifish\system\CodeIgniter.php(312): CodeIgniter\CodeIgniter->handleRequest(NULL, Object(Config\Cache), false)
#13 E:\xampp\htdocs\php2killifish\php2killifish\public\index.php(45): CodeIgniter\CodeIgniter->run()
#14 {main}
CRITICAL - 2020-12-14 09:36:17 --> Class 'App\UserRules' not found
#0 E:\xampp\htdocs\php2killifish\php2killifish\system\Validation\Validation.php(147): CodeIgniter\Validation\Validation->loadRuleSets()
#1 E:\xampp\htdocs\php2killifish\php2killifish\system\Controller.php(219): CodeIgniter\Validation\Validation->run()
#2 E:\xampp\htdocs\php2killifish\php2killifish\app\Controllers\UserController.php(25): CodeIgniter\Controller->validate(Array, Array)
#3 E:\xampp\htdocs\php2killifish\php2killifish\system\CodeIgniter.php(918): App\Controllers\UserController->index()
#4 E:\xampp\htdocs\php2killifish\php2killifish\system\CodeIgniter.php(404): CodeIgniter\CodeIgniter->runController(Object(App\Controllers\UserController))
#5 E:\xampp\htdocs\php2killifish\php2killifish\system\CodeIgniter.php(312): CodeIgniter\CodeIgniter->handleRequest(NULL, Object(Config\Cache), false)
#6 E:\xampp\htdocs\php2killifish\php2killifish\public\index.php(45): CodeIgniter\CodeIgniter->run()
#7 {main}
CRITICAL - 2020-12-14 09:36:28 --> Unknown column 'users.deleted_at' in 'where clause'
#0 E:\xampp\htdocs\php2killifish\php2killifish\system\Database\MySQLi\Connection.php(331): mysqli->query('SELECT *\nFROM `...')
#1 E:\xampp\htdocs\php2killifish\php2killifish\system\Database\BaseConnection.php(741): CodeIgniter\Database\MySQLi\Connection->execute('SELECT *\nFROM `...')
#2 E:\xampp\htdocs\php2killifish\php2killifish\system\Database\BaseConnection.php(669): CodeIgniter\Database\BaseConnection->simpleQuery('SELECT *\nFROM `...')
#3 E:\xampp\htdocs\php2killifish\php2killifish\system\Database\BaseBuilder.php(1860): CodeIgniter\Database\BaseConnection->query('SELECT *\nFROM `...', Array, false)
#4 E:\xampp\htdocs\php2killifish\php2killifish\system\Model.php(506): CodeIgniter\Database\BaseBuilder->get()
#5 E:\xampp\htdocs\php2killifish\php2killifish\app\Validation\UserRules.php(9): CodeIgniter\Model->first()
#6 E:\xampp\htdocs\php2killifish\php2killifish\system\Validation\Validation.php(325): App\Validation\UserRules->validateUser('Pa$$w0rd!', 'userScreenName,...', Array, NULL)
#7 E:\xampp\htdocs\php2killifish\php2killifish\system\Validation\Validation.php(189): CodeIgniter\Validation\Validation->processRules('userPassword', 'userPassword', 'Pa$$w0rd!', Array, Array)
#8 E:\xampp\htdocs\php2killifish\php2killifish\system\Controller.php(219): CodeIgniter\Validation\Validation->run()
#9 E:\xampp\htdocs\php2killifish\php2killifish\app\Controllers\UserController.php(25): CodeIgniter\Controller->validate(Array, Array)
#10 E:\xampp\htdocs\php2killifish\php2killifish\system\CodeIgniter.php(918): App\Controllers\UserController->index()
#11 E:\xampp\htdocs\php2killifish\php2killifish\system\CodeIgniter.php(404): CodeIgniter\CodeIgniter->runController(Object(App\Controllers\UserController))
#12 E:\xampp\htdocs\php2killifish\php2killifish\system\CodeIgniter.php(312): CodeIgniter\CodeIgniter->handleRequest(NULL, Object(Config\Cache), false)
#13 E:\xampp\htdocs\php2killifish\php2killifish\public\index.php(45): CodeIgniter\CodeIgniter->run()
#14 {main}
CRITICAL - 2020-12-14 09:46:17 --> Undefined class constant 'App\Controllers\UserController::validateUser'
#0 E:\xampp\htdocs\php2killifish\php2killifish\system\Config\Config.php(83): CodeIgniter\Config\Config::createClass('Config\\Validati...')
#1 E:\xampp\htdocs\php2killifish\php2killifish\system\Common.php(155): CodeIgniter\Config\Config::get('Validation', true)
#2 E:\xampp\htdocs\php2killifish\php2killifish\system\Config\Services.php(898): config('Validation')
#3 E:\xampp\htdocs\php2killifish\php2killifish\system\Config\BaseService.php(123): CodeIgniter\Config\Services::validation(NULL, false)
#4 E:\xampp\htdocs\php2killifish\php2killifish\system\Config\Services.php(893): CodeIgniter\Config\BaseService::getSharedInstance('validation', NULL)
#5 E:\xampp\htdocs\php2killifish\php2killifish\system\Controller.php(192): CodeIgniter\Config\Services::validation()
#6 E:\xampp\htdocs\php2killifish\php2killifish\app\Controllers\UserController.php(25): CodeIgniter\Controller->validate(Array, Array)
#7 E:\xampp\htdocs\php2killifish\php2killifish\system\CodeIgniter.php(918): App\Controllers\UserController->index()
#8 E:\xampp\htdocs\php2killifish\php2killifish\system\CodeIgniter.php(404): CodeIgniter\CodeIgniter->runController(Object(App\Controllers\UserController))
#9 E:\xampp\htdocs\php2killifish\php2killifish\system\CodeIgniter.php(312): CodeIgniter\CodeIgniter->handleRequest(NULL, Object(Config\Cache), false)
#10 E:\xampp\htdocs\php2killifish\php2killifish\public\index.php(45): CodeIgniter\CodeIgniter->run()
#11 {main}
CRITICAL - 2020-12-14 09:46:22 --> Undefined class constant 'App\Controllers\UserController::validateUser'
#0 E:\xampp\htdocs\php2killifish\php2killifish\system\Config\Config.php(83): CodeIgniter\Config\Config::createClass('Config\\Validati...')
#1 E:\xampp\htdocs\php2killifish\php2killifish\system\Common.php(155): CodeIgniter\Config\Config::get('Validation', true)
#2 E:\xampp\htdocs\php2killifish\php2killifish\system\Config\Services.php(898): config('Validation')
#3 E:\xampp\htdocs\php2killifish\php2killifish\system\Config\BaseService.php(123): CodeIgniter\Config\Services::validation(NULL, false)
#4 E:\xampp\htdocs\php2killifish\php2killifish\system\Config\Services.php(893): CodeIgniter\Config\BaseService::getSharedInstance('validation', NULL)
#5 E:\xampp\htdocs\php2killifish\php2killifish\system\Controller.php(192): CodeIgniter\Config\Services::validation()
#6 E:\xampp\htdocs\php2killifish\php2killifish\app\Controllers\UserController.php(25): CodeIgniter\Controller->validate(Array, Array)
#7 E:\xampp\htdocs\php2killifish\php2killifish\system\CodeIgniter.php(918): App\Controllers\UserController->index()
#8 E:\xampp\htdocs\php2killifish\php2killifish\system\CodeIgniter.php(404): CodeIgniter\CodeIgniter->runController(Object(App\Controllers\UserController))
#9 E:\xampp\htdocs\php2killifish\php2killifish\system\CodeIgniter.php(312): CodeIgniter\CodeIgniter->handleRequest(NULL, Object(Config\Cache), false)
#10 E:\xampp\htdocs\php2killifish\php2killifish\public\index.php(45): CodeIgniter\CodeIgniter->run()
#11 {main}
CRITICAL - 2020-12-14 13:11:37 --> Undefined index: userPassword]
#0 E:\xampp\htdocs\php2killifish\php2killifish\app\Validation\UserRules.php(14): CodeIgniter\Debug\Exceptions->errorHandler(8, 'Undefined index...', 'E:\\xampp\\htdocs...', 14, Array)
#1 E:\xampp\htdocs\php2killifish\php2killifish\system\Validation\Validation.php(325): App\Validation\UserRules->validateUser('assignment', 'userScreenName,...', Array, NULL)
#2 E:\xampp\htdocs\php2killifish\php2killifish\system\Validation\Validation.php(189): CodeIgniter\Validation\Validation->processRules('userPassword', 'userPassword', 'assignment', Array, Array)
#3 E:\xampp\htdocs\php2killifish\php2killifish\system\Controller.php(219): CodeIgniter\Validation\Validation->run()
#4 E:\xampp\htdocs\php2killifish\php2killifish\app\Controllers\UserController.php(25): CodeIgniter\Controller->validate(Array, Array)
#5 E:\xampp\htdocs\php2killifish\php2killifish\system\CodeIgniter.php(918): App\Controllers\UserController->index()
#6 E:\xampp\htdocs\php2killifish\php2killifish\system\CodeIgniter.php(404): CodeIgniter\CodeIgniter->runController(Object(App\Controllers\UserController))
#7 E:\xampp\htdocs\php2killifish\php2killifish\system\CodeIgniter.php(312): CodeIgniter\CodeIgniter->handleRequest(NULL, Object(Config\Cache), false)
#8 E:\xampp\htdocs\php2killifish\php2killifish\public\index.php(45): CodeIgniter\CodeIgniter->run()
#9 {main}
