CRITICAL - 2021-01-26 06:08:36 --> Undefined variable: totalTime
#0 E:\xampp\htdocs\php2killifish\php2killifish\system\Debug\Toolbar\Views\toolbar.tpl.php(56): CodeIgniter\Debug\Exceptions->errorHandler(8, 'Undefined varia...', 'E:\\xampp\\htdocs...', 56, Array)
#1 E:\xampp\htdocs\php2killifish\php2killifish\system\Debug\Toolbar.php(498): include('E:\\xampp\\htdocs...')
#2 E:\xampp\htdocs\php2killifish\php2killifish\system\Debug\Toolbar.php(455): CodeIgniter\Debug\Toolbar->format(Array, 'html')
#3 E:\xampp\htdocs\php2killifish\php2killifish\app\Config\Events.php(50): CodeIgniter\Debug\Toolbar->respond()
#4 [internal function]: CodeIgniter\Events\Events::Config\{closure}()
#5 E:\xampp\htdocs\php2killifish\php2killifish\system\Events\Events.php(188): call_user_func(Object(Closure))
#6 E:\xampp\htdocs\php2killifish\php2killifish\system\CodeIgniter.php(293): CodeIgniter\Events\Events::trigger('pre_system')
#7 E:\xampp\htdocs\php2killifish\php2killifish\public\index.php(45): CodeIgniter\CodeIgniter->run()
#8 {main}
CRITICAL - 2021-01-26 06:17:41 --> Undefined variable: id
#0 E:\xampp\htdocs\php2killifish\php2killifish\app\Controllers\UpdateController.php(67): CodeIgniter\Debug\Exceptions->errorHandler(8, 'Undefined varia...', 'E:\\xampp\\htdocs...', 67, Array)
#1 E:\xampp\htdocs\php2killifish\php2killifish\system\CodeIgniter.php(918): App\Controllers\UpdateController->submit()
#2 E:\xampp\htdocs\php2killifish\php2killifish\system\CodeIgniter.php(404): CodeIgniter\CodeIgniter->runController(Object(App\Controllers\UpdateController))
#3 E:\xampp\htdocs\php2killifish\php2killifish\system\CodeIgniter.php(312): CodeIgniter\CodeIgniter->handleRequest(NULL, Object(Config\Cache), false)
#4 E:\xampp\htdocs\php2killifish\php2killifish\public\index.php(45): CodeIgniter\CodeIgniter->run()
#5 {main}
CRITICAL - 2021-01-26 06:17:48 --> Undefined variable: id
#0 E:\xampp\htdocs\php2killifish\php2killifish\app\Controllers\UpdateController.php(67): CodeIgniter\Debug\Exceptions->errorHandler(8, 'Undefined varia...', 'E:\\xampp\\htdocs...', 67, Array)
#1 E:\xampp\htdocs\php2killifish\php2killifish\system\CodeIgniter.php(918): App\Controllers\UpdateController->submit()
#2 E:\xampp\htdocs\php2killifish\php2killifish\system\CodeIgniter.php(404): CodeIgniter\CodeIgniter->runController(Object(App\Controllers\UpdateController))
#3 E:\xampp\htdocs\php2killifish\php2killifish\system\CodeIgniter.php(312): CodeIgniter\CodeIgniter->handleRequest(NULL, Object(Config\Cache), false)
#4 E:\xampp\htdocs\php2killifish\php2killifish\public\index.php(45): CodeIgniter\CodeIgniter->run()
#5 {main}
CRITICAL - 2021-01-26 06:19:27 --> Call to a member function getName() on array
#0 E:\xampp\htdocs\php2killifish\php2killifish\app\Controllers\UpdateController.php(68): App\Controllers\UpdateController->uploadImage(26)
#1 E:\xampp\htdocs\php2killifish\php2killifish\system\CodeIgniter.php(918): App\Controllers\UpdateController->submit()
#2 E:\xampp\htdocs\php2killifish\php2killifish\system\CodeIgniter.php(404): CodeIgniter\CodeIgniter->runController(Object(App\Controllers\UpdateController))
#3 E:\xampp\htdocs\php2killifish\php2killifish\system\CodeIgniter.php(312): CodeIgniter\CodeIgniter->handleRequest(NULL, Object(Config\Cache), false)
#4 E:\xampp\htdocs\php2killifish\php2killifish\public\index.php(45): CodeIgniter\CodeIgniter->run()
#5 {main}
CRITICAL - 2021-01-26 06:19:27 --> Call to a member function getName() on array
#0 E:\xampp\htdocs\php2killifish\php2killifish\app\Controllers\UpdateController.php(68): App\Controllers\UpdateController->uploadImage(27)
#1 E:\xampp\htdocs\php2killifish\php2killifish\system\CodeIgniter.php(918): App\Controllers\UpdateController->submit()
#2 E:\xampp\htdocs\php2killifish\php2killifish\system\CodeIgniter.php(404): CodeIgniter\CodeIgniter->runController(Object(App\Controllers\UpdateController))
#3 E:\xampp\htdocs\php2killifish\php2killifish\system\CodeIgniter.php(312): CodeIgniter\CodeIgniter->handleRequest(NULL, Object(Config\Cache), false)
#4 E:\xampp\htdocs\php2killifish\php2killifish\public\index.php(45): CodeIgniter\CodeIgniter->run()
#5 {main}
CRITICAL - 2021-01-26 06:33:14 --> Undefined variable: posts
#0 E:\xampp\htdocs\php2killifish\php2killifish\app\Views\postDisplay.php(10): CodeIgniter\Debug\Exceptions->errorHandler(8, 'Undefined varia...', 'E:\\xampp\\htdocs...', 10, Array)
#1 E:\xampp\htdocs\php2killifish\php2killifish\system\View\View.php(246): include('E:\\xampp\\htdocs...')
#2 E:\xampp\htdocs\php2killifish\php2killifish\system\Common.php(1119): CodeIgniter\View\View->render('postDisplay', Array, true)
#3 E:\xampp\htdocs\php2killifish\php2killifish\app\Controllers\CommentController.php(77): view('postDisplay')
#4 E:\xampp\htdocs\php2killifish\php2killifish\system\CodeIgniter.php(918): App\Controllers\CommentController->submit()
#5 E:\xampp\htdocs\php2killifish\php2killifish\system\CodeIgniter.php(404): CodeIgniter\CodeIgniter->runController(Object(App\Controllers\CommentController))
#6 E:\xampp\htdocs\php2killifish\php2killifish\system\CodeIgniter.php(312): CodeIgniter\CodeIgniter->handleRequest(NULL, Object(Config\Cache), false)
#7 E:\xampp\htdocs\php2killifish\php2killifish\public\index.php(45): CodeIgniter\CodeIgniter->run()
#8 {main}
CRITICAL - 2021-01-26 06:34:39 --> Undefined variable: posts
#0 E:\xampp\htdocs\php2killifish\php2killifish\app\Views\postDisplay.php(10): CodeIgniter\Debug\Exceptions->errorHandler(8, 'Undefined varia...', 'E:\\xampp\\htdocs...', 10, Array)
#1 E:\xampp\htdocs\php2killifish\php2killifish\system\View\View.php(246): include('E:\\xampp\\htdocs...')
#2 E:\xampp\htdocs\php2killifish\php2killifish\system\Common.php(1119): CodeIgniter\View\View->render('postDisplay', Array, true)
#3 E:\xampp\htdocs\php2killifish\php2killifish\app\Controllers\CommentController.php(76): view('postDisplay')
#4 E:\xampp\htdocs\php2killifish\php2killifish\system\CodeIgniter.php(918): App\Controllers\CommentController->submit()
#5 E:\xampp\htdocs\php2killifish\php2killifish\system\CodeIgniter.php(404): CodeIgniter\CodeIgniter->runController(Object(App\Controllers\CommentController))
#6 E:\xampp\htdocs\php2killifish\php2killifish\system\CodeIgniter.php(312): CodeIgniter\CodeIgniter->handleRequest(NULL, Object(Config\Cache), false)
#7 E:\xampp\htdocs\php2killifish\php2killifish\public\index.php(45): CodeIgniter\CodeIgniter->run()
#8 {main}
CRITICAL - 2021-01-26 06:34:50 --> Undefined variable: posts
#0 E:\xampp\htdocs\php2killifish\php2killifish\app\Views\postDisplay.php(10): CodeIgniter\Debug\Exceptions->errorHandler(8, 'Undefined varia...', 'E:\\xampp\\htdocs...', 10, Array)
#1 E:\xampp\htdocs\php2killifish\php2killifish\system\View\View.php(246): include('E:\\xampp\\htdocs...')
#2 E:\xampp\htdocs\php2killifish\php2killifish\system\Common.php(1119): CodeIgniter\View\View->render('postDisplay', Array, true)
#3 E:\xampp\htdocs\php2killifish\php2killifish\app\Controllers\CommentController.php(76): view('postDisplay')
#4 E:\xampp\htdocs\php2killifish\php2killifish\system\CodeIgniter.php(918): App\Controllers\CommentController->submit()
#5 E:\xampp\htdocs\php2killifish\php2killifish\system\CodeIgniter.php(404): CodeIgniter\CodeIgniter->runController(Object(App\Controllers\CommentController))
#6 E:\xampp\htdocs\php2killifish\php2killifish\system\CodeIgniter.php(312): CodeIgniter\CodeIgniter->handleRequest(NULL, Object(Config\Cache), false)
#7 E:\xampp\htdocs\php2killifish\php2killifish\public\index.php(45): CodeIgniter\CodeIgniter->run()
#8 {main}
CRITICAL - 2021-01-26 06:35:05 --> Undefined variable: posts
#0 E:\xampp\htdocs\php2killifish\php2killifish\app\Views\postDisplay.php(10): CodeIgniter\Debug\Exceptions->errorHandler(8, 'Undefined varia...', 'E:\\xampp\\htdocs...', 10, Array)
#1 E:\xampp\htdocs\php2killifish\php2killifish\system\View\View.php(246): include('E:\\xampp\\htdocs...')
#2 E:\xampp\htdocs\php2killifish\php2killifish\system\Common.php(1119): CodeIgniter\View\View->render('postDisplay', Array, true)
#3 E:\xampp\htdocs\php2killifish\php2killifish\app\Controllers\CommentController.php(76): view('postDisplay')
#4 E:\xampp\htdocs\php2killifish\php2killifish\system\CodeIgniter.php(918): App\Controllers\CommentController->submit()
#5 E:\xampp\htdocs\php2killifish\php2killifish\system\CodeIgniter.php(404): CodeIgniter\CodeIgniter->runController(Object(App\Controllers\CommentController))
#6 E:\xampp\htdocs\php2killifish\php2killifish\system\CodeIgniter.php(312): CodeIgniter\CodeIgniter->handleRequest(NULL, Object(Config\Cache), false)
#7 E:\xampp\htdocs\php2killifish\php2killifish\public\index.php(45): CodeIgniter\CodeIgniter->run()
#8 {main}
CRITICAL - 2021-01-26 06:35:13 --> Undefined variable: posts
#0 E:\xampp\htdocs\php2killifish\php2killifish\app\Views\postDisplay.php(10): CodeIgniter\Debug\Exceptions->errorHandler(8, 'Undefined varia...', 'E:\\xampp\\htdocs...', 10, Array)
#1 E:\xampp\htdocs\php2killifish\php2killifish\system\View\View.php(246): include('E:\\xampp\\htdocs...')
#2 E:\xampp\htdocs\php2killifish\php2killifish\system\Common.php(1119): CodeIgniter\View\View->render('postDisplay', Array, true)
#3 E:\xampp\htdocs\php2killifish\php2killifish\app\Controllers\CommentController.php(76): view('postDisplay')
#4 E:\xampp\htdocs\php2killifish\php2killifish\system\CodeIgniter.php(918): App\Controllers\CommentController->submit()
#5 E:\xampp\htdocs\php2killifish\php2killifish\system\CodeIgniter.php(404): CodeIgniter\CodeIgniter->runController(Object(App\Controllers\CommentController))
#6 E:\xampp\htdocs\php2killifish\php2killifish\system\CodeIgniter.php(312): CodeIgniter\CodeIgniter->handleRequest(NULL, Object(Config\Cache), false)
#7 E:\xampp\htdocs\php2killifish\php2killifish\public\index.php(45): CodeIgniter\CodeIgniter->run()
#8 {main}
CRITICAL - 2021-01-26 06:35:18 --> Undefined variable: posts
#0 E:\xampp\htdocs\php2killifish\php2killifish\app\Views\postDisplay.php(10): CodeIgniter\Debug\Exceptions->errorHandler(8, 'Undefined varia...', 'E:\\xampp\\htdocs...', 10, Array)
#1 E:\xampp\htdocs\php2killifish\php2killifish\system\View\View.php(246): include('E:\\xampp\\htdocs...')
#2 E:\xampp\htdocs\php2killifish\php2killifish\system\Common.php(1119): CodeIgniter\View\View->render('postDisplay', Array, true)
#3 E:\xampp\htdocs\php2killifish\php2killifish\app\Controllers\CommentController.php(76): view('postDisplay')
#4 E:\xampp\htdocs\php2killifish\php2killifish\system\CodeIgniter.php(918): App\Controllers\CommentController->submit()
#5 E:\xampp\htdocs\php2killifish\php2killifish\system\CodeIgniter.php(404): CodeIgniter\CodeIgniter->runController(Object(App\Controllers\CommentController))
#6 E:\xampp\htdocs\php2killifish\php2killifish\system\CodeIgniter.php(312): CodeIgniter\CodeIgniter->handleRequest(NULL, Object(Config\Cache), false)
#7 E:\xampp\htdocs\php2killifish\php2killifish\public\index.php(45): CodeIgniter\CodeIgniter->run()
#8 {main}
CRITICAL - 2021-01-26 06:35:46 --> Undefined variable: posts
#0 E:\xampp\htdocs\php2killifish\php2killifish\app\Views\postDisplay.php(10): CodeIgniter\Debug\Exceptions->errorHandler(8, 'Undefined varia...', 'E:\\xampp\\htdocs...', 10, Array)
#1 E:\xampp\htdocs\php2killifish\php2killifish\system\View\View.php(246): include('E:\\xampp\\htdocs...')
#2 E:\xampp\htdocs\php2killifish\php2killifish\system\Common.php(1119): CodeIgniter\View\View->render('postDisplay', Array, true)
#3 E:\xampp\htdocs\php2killifish\php2killifish\app\Controllers\CommentController.php(78): view('postDisplay')
#4 E:\xampp\htdocs\php2killifish\php2killifish\system\CodeIgniter.php(918): App\Controllers\CommentController->submit()
#5 E:\xampp\htdocs\php2killifish\php2killifish\system\CodeIgniter.php(404): CodeIgniter\CodeIgniter->runController(Object(App\Controllers\CommentController))
#6 E:\xampp\htdocs\php2killifish\php2killifish\system\CodeIgniter.php(312): CodeIgniter\CodeIgniter->handleRequest(NULL, Object(Config\Cache), false)
#7 E:\xampp\htdocs\php2killifish\php2killifish\public\index.php(45): CodeIgniter\CodeIgniter->run()
#8 {main}
CRITICAL - 2021-01-26 06:35:50 --> Undefined variable: posts
#0 E:\xampp\htdocs\php2killifish\php2killifish\app\Views\postDisplay.php(10): CodeIgniter\Debug\Exceptions->errorHandler(8, 'Undefined varia...', 'E:\\xampp\\htdocs...', 10, Array)
#1 E:\xampp\htdocs\php2killifish\php2killifish\system\View\View.php(246): include('E:\\xampp\\htdocs...')
#2 E:\xampp\htdocs\php2killifish\php2killifish\system\Common.php(1119): CodeIgniter\View\View->render('postDisplay', Array, true)
#3 E:\xampp\htdocs\php2killifish\php2killifish\app\Controllers\CommentController.php(78): view('postDisplay')
#4 E:\xampp\htdocs\php2killifish\php2killifish\system\CodeIgniter.php(918): App\Controllers\CommentController->submit()
#5 E:\xampp\htdocs\php2killifish\php2killifish\system\CodeIgniter.php(404): CodeIgniter\CodeIgniter->runController(Object(App\Controllers\CommentController))
#6 E:\xampp\htdocs\php2killifish\php2killifish\system\CodeIgniter.php(312): CodeIgniter\CodeIgniter->handleRequest(NULL, Object(Config\Cache), false)
#7 E:\xampp\htdocs\php2killifish\php2killifish\public\index.php(45): CodeIgniter\CodeIgniter->run()
#8 {main}
CRITICAL - 2021-01-26 06:35:53 --> Undefined variable: posts
#0 E:\xampp\htdocs\php2killifish\php2killifish\app\Views\postDisplay.php(10): CodeIgniter\Debug\Exceptions->errorHandler(8, 'Undefined varia...', 'E:\\xampp\\htdocs...', 10, Array)
#1 E:\xampp\htdocs\php2killifish\php2killifish\system\View\View.php(246): include('E:\\xampp\\htdocs...')
#2 E:\xampp\htdocs\php2killifish\php2killifish\system\Common.php(1119): CodeIgniter\View\View->render('postDisplay', Array, true)
#3 E:\xampp\htdocs\php2killifish\php2killifish\app\Controllers\CommentController.php(78): view('postDisplay')
#4 E:\xampp\htdocs\php2killifish\php2killifish\system\CodeIgniter.php(918): App\Controllers\CommentController->submit()
#5 E:\xampp\htdocs\php2killifish\php2killifish\system\CodeIgniter.php(404): CodeIgniter\CodeIgniter->runController(Object(App\Controllers\CommentController))
#6 E:\xampp\htdocs\php2killifish\php2killifish\system\CodeIgniter.php(312): CodeIgniter\CodeIgniter->handleRequest(NULL, Object(Config\Cache), false)
#7 E:\xampp\htdocs\php2killifish\php2killifish\public\index.php(45): CodeIgniter\CodeIgniter->run()
#8 {main}
CRITICAL - 2021-01-26 06:35:57 --> Undefined variable: posts
#0 E:\xampp\htdocs\php2killifish\php2killifish\app\Views\postDisplay.php(10): CodeIgniter\Debug\Exceptions->errorHandler(8, 'Undefined varia...', 'E:\\xampp\\htdocs...', 10, Array)
#1 E:\xampp\htdocs\php2killifish\php2killifish\system\View\View.php(246): include('E:\\xampp\\htdocs...')
#2 E:\xampp\htdocs\php2killifish\php2killifish\system\Common.php(1119): CodeIgniter\View\View->render('postDisplay', Array, true)
#3 E:\xampp\htdocs\php2killifish\php2killifish\app\Controllers\CommentController.php(78): view('postDisplay')
#4 E:\xampp\htdocs\php2killifish\php2killifish\system\CodeIgniter.php(918): App\Controllers\CommentController->submit()
#5 E:\xampp\htdocs\php2killifish\php2killifish\system\CodeIgniter.php(404): CodeIgniter\CodeIgniter->runController(Object(App\Controllers\CommentController))
#6 E:\xampp\htdocs\php2killifish\php2killifish\system\CodeIgniter.php(312): CodeIgniter\CodeIgniter->handleRequest(NULL, Object(Config\Cache), false)
#7 E:\xampp\htdocs\php2killifish\php2killifish\public\index.php(45): CodeIgniter\CodeIgniter->run()
#8 {main}
CRITICAL - 2021-01-26 06:35:59 --> Undefined variable: posts
#0 E:\xampp\htdocs\php2killifish\php2killifish\app\Views\postDisplay.php(10): CodeIgniter\Debug\Exceptions->errorHandler(8, 'Undefined varia...', 'E:\\xampp\\htdocs...', 10, Array)
#1 E:\xampp\htdocs\php2killifish\php2killifish\system\View\View.php(246): include('E:\\xampp\\htdocs...')
#2 E:\xampp\htdocs\php2killifish\php2killifish\system\Common.php(1119): CodeIgniter\View\View->render('postDisplay', Array, true)
#3 E:\xampp\htdocs\php2killifish\php2killifish\app\Controllers\CommentController.php(78): view('postDisplay')
#4 E:\xampp\htdocs\php2killifish\php2killifish\system\CodeIgniter.php(918): App\Controllers\CommentController->submit()
#5 E:\xampp\htdocs\php2killifish\php2killifish\system\CodeIgniter.php(404): CodeIgniter\CodeIgniter->runController(Object(App\Controllers\CommentController))
#6 E:\xampp\htdocs\php2killifish\php2killifish\system\CodeIgniter.php(312): CodeIgniter\CodeIgniter->handleRequest(NULL, Object(Config\Cache), false)
#7 E:\xampp\htdocs\php2killifish\php2killifish\public\index.php(45): CodeIgniter\CodeIgniter->run()
#8 {main}
CRITICAL - 2021-01-26 06:36:03 --> Undefined variable: posts
#0 E:\xampp\htdocs\php2killifish\php2killifish\app\Views\postDisplay.php(10): CodeIgniter\Debug\Exceptions->errorHandler(8, 'Undefined varia...', 'E:\\xampp\\htdocs...', 10, Array)
#1 E:\xampp\htdocs\php2killifish\php2killifish\system\View\View.php(246): include('E:\\xampp\\htdocs...')
#2 E:\xampp\htdocs\php2killifish\php2killifish\system\Common.php(1119): CodeIgniter\View\View->render('postDisplay', Array, true)
#3 E:\xampp\htdocs\php2killifish\php2killifish\app\Controllers\CommentController.php(78): view('postDisplay')
#4 E:\xampp\htdocs\php2killifish\php2killifish\system\CodeIgniter.php(918): App\Controllers\CommentController->submit()
#5 E:\xampp\htdocs\php2killifish\php2killifish\system\CodeIgniter.php(404): CodeIgniter\CodeIgniter->runController(Object(App\Controllers\CommentController))
#6 E:\xampp\htdocs\php2killifish\php2killifish\system\CodeIgniter.php(312): CodeIgniter\CodeIgniter->handleRequest(NULL, Object(Config\Cache), false)
#7 E:\xampp\htdocs\php2killifish\php2killifish\public\index.php(45): CodeIgniter\CodeIgniter->run()
#8 {main}
CRITICAL - 2021-01-26 06:39:54 --> Undefined variable: posts
#0 E:\xampp\htdocs\php2killifish\php2killifish\app\Views\postDisplay.php(10): CodeIgniter\Debug\Exceptions->errorHandler(8, 'Undefined varia...', 'E:\\xampp\\htdocs...', 10, Array)
#1 E:\xampp\htdocs\php2killifish\php2killifish\system\View\View.php(246): include('E:\\xampp\\htdocs...')
#2 E:\xampp\htdocs\php2killifish\php2killifish\system\Common.php(1119): CodeIgniter\View\View->render('postDisplay', Array, true)
#3 E:\xampp\htdocs\php2killifish\php2killifish\app\Controllers\CommentController.php(81): view('postDisplay')
#4 E:\xampp\htdocs\php2killifish\php2killifish\system\CodeIgniter.php(918): App\Controllers\CommentController->submit()
#5 E:\xampp\htdocs\php2killifish\php2killifish\system\CodeIgniter.php(404): CodeIgniter\CodeIgniter->runController(Object(App\Controllers\CommentController))
#6 E:\xampp\htdocs\php2killifish\php2killifish\system\CodeIgniter.php(312): CodeIgniter\CodeIgniter->handleRequest(NULL, Object(Config\Cache), false)
#7 E:\xampp\htdocs\php2killifish\php2killifish\public\index.php(45): CodeIgniter\CodeIgniter->run()
#8 {main}
CRITICAL - 2021-01-26 06:39:57 --> unlink(E:\xampp\htdocs\php2killifish\php2killifish\writable\debugbar/debugbar_1611664545.json): No such file or directory
#0 [internal function]: CodeIgniter\Debug\Exceptions->errorHandler(2, 'unlink(E:\\xampp...', 'E:\\xampp\\htdocs...', 106, Array)
#1 E:\xampp\htdocs\php2killifish\php2killifish\system\Debug\Toolbar\Collectors\History.php(106): unlink('E:\\xampp\\htdocs...')
#2 E:\xampp\htdocs\php2killifish\php2killifish\system\Debug\Toolbar.php(483): CodeIgniter\Debug\Toolbar\Collectors\History->setFiles(1611664797, 20)
#3 E:\xampp\htdocs\php2killifish\php2killifish\system\Debug\Toolbar.php(455): CodeIgniter\Debug\Toolbar->format(Array, 'html')
#4 E:\xampp\htdocs\php2killifish\php2killifish\app\Config\Events.php(50): CodeIgniter\Debug\Toolbar->respond()
#5 [internal function]: CodeIgniter\Events\Events::Config\{closure}()
#6 E:\xampp\htdocs\php2killifish\php2killifish\system\Events\Events.php(188): call_user_func(Object(Closure))
#7 E:\xampp\htdocs\php2killifish\php2killifish\system\CodeIgniter.php(293): CodeIgniter\Events\Events::trigger('pre_system')
#8 E:\xampp\htdocs\php2killifish\php2killifish\public\index.php(45): CodeIgniter\CodeIgniter->run()
#9 {main}
CRITICAL - 2021-01-26 06:40:13 --> Undefined variable: posts
#0 E:\xampp\htdocs\php2killifish\php2killifish\app\Views\postDisplay.php(10): CodeIgniter\Debug\Exceptions->errorHandler(8, 'Undefined varia...', 'E:\\xampp\\htdocs...', 10, Array)
#1 E:\xampp\htdocs\php2killifish\php2killifish\system\View\View.php(246): include('E:\\xampp\\htdocs...')
#2 E:\xampp\htdocs\php2killifish\php2killifish\system\Common.php(1119): CodeIgniter\View\View->render('postDisplay', Array, true)
#3 E:\xampp\htdocs\php2killifish\php2killifish\app\Controllers\CommentController.php(81): view('postDisplay')
#4 E:\xampp\htdocs\php2killifish\php2killifish\system\CodeIgniter.php(918): App\Controllers\CommentController->submit()
#5 E:\xampp\htdocs\php2killifish\php2killifish\system\CodeIgniter.php(404): CodeIgniter\CodeIgniter->runController(Object(App\Controllers\CommentController))
#6 E:\xampp\htdocs\php2killifish\php2killifish\system\CodeIgniter.php(312): CodeIgniter\CodeIgniter->handleRequest(NULL, Object(Config\Cache), false)
#7 E:\xampp\htdocs\php2killifish\php2killifish\public\index.php(45): CodeIgniter\CodeIgniter->run()
#8 {main}
CRITICAL - 2021-01-26 06:40:25 --> Undefined variable: posts
#0 E:\xampp\htdocs\php2killifish\php2killifish\app\Views\postDisplay.php(10): CodeIgniter\Debug\Exceptions->errorHandler(8, 'Undefined varia...', 'E:\\xampp\\htdocs...', 10, Array)
#1 E:\xampp\htdocs\php2killifish\php2killifish\system\View\View.php(246): include('E:\\xampp\\htdocs...')
#2 E:\xampp\htdocs\php2killifish\php2killifish\system\Common.php(1119): CodeIgniter\View\View->render('postDisplay', Array, true)
#3 E:\xampp\htdocs\php2killifish\php2killifish\app\Controllers\CommentController.php(81): view('postDisplay')
#4 E:\xampp\htdocs\php2killifish\php2killifish\system\CodeIgniter.php(918): App\Controllers\CommentController->submit()
#5 E:\xampp\htdocs\php2killifish\php2killifish\system\CodeIgniter.php(404): CodeIgniter\CodeIgniter->runController(Object(App\Controllers\CommentController))
#6 E:\xampp\htdocs\php2killifish\php2killifish\system\CodeIgniter.php(312): CodeIgniter\CodeIgniter->handleRequest(NULL, Object(Config\Cache), false)
#7 E:\xampp\htdocs\php2killifish\php2killifish\public\index.php(45): CodeIgniter\CodeIgniter->run()
#8 {main}
CRITICAL - 2021-01-26 06:42:53 --> Undefined variable: postModel
#0 E:\xampp\htdocs\php2killifish\php2killifish\app\Controllers\CommentController.php(51): CodeIgniter\Debug\Exceptions->errorHandler(8, 'Undefined varia...', 'E:\\xampp\\htdocs...', 51, Array)
#1 E:\xampp\htdocs\php2killifish\php2killifish\system\CodeIgniter.php(918): App\Controllers\CommentController->submit()
#2 E:\xampp\htdocs\php2killifish\php2killifish\system\CodeIgniter.php(404): CodeIgniter\CodeIgniter->runController(Object(App\Controllers\CommentController))
#3 E:\xampp\htdocs\php2killifish\php2killifish\system\CodeIgniter.php(312): CodeIgniter\CodeIgniter->handleRequest(NULL, Object(Config\Cache), false)
#4 E:\xampp\htdocs\php2killifish\php2killifish\public\index.php(45): CodeIgniter\CodeIgniter->run()
#5 {main}
CRITICAL - 2021-01-26 06:43:20 --> Undefined variable: posts
#0 E:\xampp\htdocs\php2killifish\php2killifish\app\Views\postDisplay.php(10): CodeIgniter\Debug\Exceptions->errorHandler(8, 'Undefined varia...', 'E:\\xampp\\htdocs...', 10, Array)
#1 E:\xampp\htdocs\php2killifish\php2killifish\system\View\View.php(246): include('E:\\xampp\\htdocs...')
#2 E:\xampp\htdocs\php2killifish\php2killifish\system\Common.php(1119): CodeIgniter\View\View->render('postDisplay', Array, true)
#3 E:\xampp\htdocs\php2killifish\php2killifish\app\Controllers\CommentController.php(81): view('postDisplay')
#4 E:\xampp\htdocs\php2killifish\php2killifish\system\CodeIgniter.php(918): App\Controllers\CommentController->submit()
#5 E:\xampp\htdocs\php2killifish\php2killifish\system\CodeIgniter.php(404): CodeIgniter\CodeIgniter->runController(Object(App\Controllers\CommentController))
#6 E:\xampp\htdocs\php2killifish\php2killifish\system\CodeIgniter.php(312): CodeIgniter\CodeIgniter->handleRequest(NULL, Object(Config\Cache), false)
#7 E:\xampp\htdocs\php2killifish\php2killifish\public\index.php(45): CodeIgniter\CodeIgniter->run()
#8 {main}
CRITICAL - 2021-01-26 06:43:24 --> Undefined index: postSlug
#0 E:\xampp\htdocs\php2killifish\php2killifish\app\Controllers\CommentController.php(76): CodeIgniter\Debug\Exceptions->errorHandler(8, 'Undefined index...', 'E:\\xampp\\htdocs...', 76, Array)
#1 E:\xampp\htdocs\php2killifish\php2killifish\system\CodeIgniter.php(918): App\Controllers\CommentController->submit()
#2 E:\xampp\htdocs\php2killifish\php2killifish\system\CodeIgniter.php(404): CodeIgniter\CodeIgniter->runController(Object(App\Controllers\CommentController))
#3 E:\xampp\htdocs\php2killifish\php2killifish\system\CodeIgniter.php(312): CodeIgniter\CodeIgniter->handleRequest(NULL, Object(Config\Cache), false)
#4 E:\xampp\htdocs\php2killifish\php2killifish\public\index.php(45): CodeIgniter\CodeIgniter->run()
#5 {main}
CRITICAL - 2021-01-26 06:44:01 --> Undefined variable: posts
#0 E:\xampp\htdocs\php2killifish\php2killifish\app\Views\postDisplay.php(10): CodeIgniter\Debug\Exceptions->errorHandler(8, 'Undefined varia...', 'E:\\xampp\\htdocs...', 10, Array)
#1 E:\xampp\htdocs\php2killifish\php2killifish\system\View\View.php(246): include('E:\\xampp\\htdocs...')
#2 E:\xampp\htdocs\php2killifish\php2killifish\system\Common.php(1119): CodeIgniter\View\View->render('postDisplay', Array, true)
#3 E:\xampp\htdocs\php2killifish\php2killifish\app\Controllers\CommentController.php(81): view('postDisplay')
#4 E:\xampp\htdocs\php2killifish\php2killifish\system\CodeIgniter.php(918): App\Controllers\CommentController->submit()
#5 E:\xampp\htdocs\php2killifish\php2killifish\system\CodeIgniter.php(404): CodeIgniter\CodeIgniter->runController(Object(App\Controllers\CommentController))
#6 E:\xampp\htdocs\php2killifish\php2killifish\system\CodeIgniter.php(312): CodeIgniter\CodeIgniter->handleRequest(NULL, Object(Config\Cache), false)
#7 E:\xampp\htdocs\php2killifish\php2killifish\public\index.php(45): CodeIgniter\CodeIgniter->run()
#8 {main}
CRITICAL - 2021-01-26 06:44:05 --> Undefined variable: posts
#0 E:\xampp\htdocs\php2killifish\php2killifish\app\Views\postDisplay.php(10): CodeIgniter\Debug\Exceptions->errorHandler(8, 'Undefined varia...', 'E:\\xampp\\htdocs...', 10, Array)
#1 E:\xampp\htdocs\php2killifish\php2killifish\system\View\View.php(246): include('E:\\xampp\\htdocs...')
#2 E:\xampp\htdocs\php2killifish\php2killifish\system\Common.php(1119): CodeIgniter\View\View->render('postDisplay', Array, true)
#3 E:\xampp\htdocs\php2killifish\php2killifish\app\Controllers\CommentController.php(81): view('postDisplay')
#4 E:\xampp\htdocs\php2killifish\php2killifish\system\CodeIgniter.php(918): App\Controllers\CommentController->submit()
#5 E:\xampp\htdocs\php2killifish\php2killifish\system\CodeIgniter.php(404): CodeIgniter\CodeIgniter->runController(Object(App\Controllers\CommentController))
#6 E:\xampp\htdocs\php2killifish\php2killifish\system\CodeIgniter.php(312): CodeIgniter\CodeIgniter->handleRequest(NULL, Object(Config\Cache), false)
#7 E:\xampp\htdocs\php2killifish\php2killifish\public\index.php(45): CodeIgniter\CodeIgniter->run()
#8 {main}
