CRITICAL - 2020-12-08 06:59:30 --> Invalid file: template/community.php
#0 C:\xampp\htdocs\php2killifish\php2killifish\system\View\View.php(228): CodeIgniter\Exceptions\FrameworkException::forInvalidFile('template/commun...')
#1 C:\xampp\htdocs\php2killifish\php2killifish\system\Common.php(1119): CodeIgniter\View\View->render('template/commun...', Array, true)
#2 C:\xampp\htdocs\php2killifish\php2killifish\app\Controllers\Home.php(38): view('template/commun...')
#3 C:\xampp\htdocs\php2killifish\php2killifish\system\CodeIgniter.php(918): App\Controllers\Home->community()
#4 C:\xampp\htdocs\php2killifish\php2killifish\system\CodeIgniter.php(404): CodeIgniter\CodeIgniter->runController(Object(App\Controllers\Home))
#5 C:\xampp\htdocs\php2killifish\php2killifish\system\CodeIgniter.php(312): CodeIgniter\CodeIgniter->handleRequest(NULL, Object(Config\Cache), false)
#6 C:\xampp\htdocs\php2killifish\php2killifish\public\index.php(45): CodeIgniter\CodeIgniter->run()
#7 {main}
CRITICAL - 2020-12-08 06:59:33 --> Invalid file: template/home.php
#0 C:\xampp\htdocs\php2killifish\php2killifish\system\View\View.php(228): CodeIgniter\Exceptions\FrameworkException::forInvalidFile('template/home.p...')
#1 C:\xampp\htdocs\php2killifish\php2killifish\system\Common.php(1119): CodeIgniter\View\View->render('template/home', Array, true)
#2 C:\xampp\htdocs\php2killifish\php2killifish\app\Controllers\Home.php(8): view('template/home')
#3 C:\xampp\htdocs\php2killifish\php2killifish\system\CodeIgniter.php(918): App\Controllers\Home->index()
#4 C:\xampp\htdocs\php2killifish\php2killifish\system\CodeIgniter.php(404): CodeIgniter\CodeIgniter->runController(Object(App\Controllers\Home))
#5 C:\xampp\htdocs\php2killifish\php2killifish\system\CodeIgniter.php(312): CodeIgniter\CodeIgniter->handleRequest(NULL, Object(Config\Cache), false)
#6 C:\xampp\htdocs\php2killifish\php2killifish\public\index.php(45): CodeIgniter\CodeIgniter->run()
#7 {main}
CRITICAL - 2020-12-08 06:59:37 --> Invalid file: template/home.php
#0 C:\xampp\htdocs\php2killifish\php2killifish\system\View\View.php(228): CodeIgniter\Exceptions\FrameworkException::forInvalidFile('template/home.p...')
#1 C:\xampp\htdocs\php2killifish\php2killifish\system\Common.php(1119): CodeIgniter\View\View->render('template/home', Array, true)
#2 C:\xampp\htdocs\php2killifish\php2killifish\app\Controllers\Home.php(8): view('template/home')
#3 C:\xampp\htdocs\php2killifish\php2killifish\system\CodeIgniter.php(918): App\Controllers\Home->index()
#4 C:\xampp\htdocs\php2killifish\php2killifish\system\CodeIgniter.php(404): CodeIgniter\CodeIgniter->runController(Object(App\Controllers\Home))
#5 C:\xampp\htdocs\php2killifish\php2killifish\system\CodeIgniter.php(312): CodeIgniter\CodeIgniter->handleRequest(NULL, Object(Config\Cache), false)
#6 C:\xampp\htdocs\php2killifish\php2killifish\public\index.php(45): CodeIgniter\CodeIgniter->run()
#7 {main}
CRITICAL - 2020-12-08 08:28:40 --> Invalid file: template/home.php
#0 C:\xampp\htdocs\php2killifish\php2killifish\system\View\View.php(228): CodeIgniter\Exceptions\FrameworkException::forInvalidFile('template/home.p...')
#1 C:\xampp\htdocs\php2killifish\php2killifish\system\Common.php(1119): CodeIgniter\View\View->render('template/home', Array, true)
#2 C:\xampp\htdocs\php2killifish\php2killifish\app\Controllers\Home.php(8): view('template/home')
#3 C:\xampp\htdocs\php2killifish\php2killifish\system\CodeIgniter.php(918): App\Controllers\Home->index()
#4 C:\xampp\htdocs\php2killifish\php2killifish\system\CodeIgniter.php(404): CodeIgniter\CodeIgniter->runController(Object(App\Controllers\Home))
#5 C:\xampp\htdocs\php2killifish\php2killifish\system\CodeIgniter.php(312): CodeIgniter\CodeIgniter->handleRequest(NULL, Object(Config\Cache), false)
#6 C:\xampp\htdocs\php2killifish\php2killifish\public\index.php(45): CodeIgniter\CodeIgniter->run()
#7 {main}
CRITICAL - 2020-12-08 08:28:44 --> Invalid file: template/about.php
#0 C:\xampp\htdocs\php2killifish\php2killifish\system\View\View.php(228): CodeIgniter\Exceptions\FrameworkException::forInvalidFile('template/about....')
#1 C:\xampp\htdocs\php2killifish\php2killifish\system\Common.php(1119): CodeIgniter\View\View->render('template/about', Array, true)
#2 C:\xampp\htdocs\php2killifish\php2killifish\app\Controllers\Home.php(14): view('template/about')
#3 C:\xampp\htdocs\php2killifish\php2killifish\system\CodeIgniter.php(918): App\Controllers\Home->about()
#4 C:\xampp\htdocs\php2killifish\php2killifish\system\CodeIgniter.php(404): CodeIgniter\CodeIgniter->runController(Object(App\Controllers\Home))
#5 C:\xampp\htdocs\php2killifish\php2killifish\system\CodeIgniter.php(312): CodeIgniter\CodeIgniter->handleRequest(NULL, Object(Config\Cache), false)
#6 C:\xampp\htdocs\php2killifish\php2killifish\public\index.php(45): CodeIgniter\CodeIgniter->run()
#7 {main}
CRITICAL - 2020-12-08 08:29:28 --> Class 'App\Controllers\BaseCosntroller' not found
#0 C:\xampp\htdocs\php2killifish\php2killifish\system\Autoloader\Autoloader.php(365): require_once()
#1 C:\xampp\htdocs\php2killifish\php2killifish\system\Autoloader\Autoloader.php(296): CodeIgniter\Autoloader\Autoloader->requireFile('C:\\xampp\\htdocs...')
#2 C:\xampp\htdocs\php2killifish\php2killifish\system\Autoloader\Autoloader.php(258): CodeIgniter\Autoloader\Autoloader->loadInNamespace('App\\Controllers...')
#3 [internal function]: CodeIgniter\Autoloader\Autoloader->loadClass('App\\Controllers...')
#4 [internal function]: spl_autoload_call('App\\Controllers...')
#5 C:\xampp\htdocs\php2killifish\php2killifish\system\CodeIgniter.php(869): class_exists('\\App\\Controller...', true)
#6 C:\xampp\htdocs\php2killifish\php2killifish\system\CodeIgniter.php(394): CodeIgniter\CodeIgniter->startController()
#7 C:\xampp\htdocs\php2killifish\php2killifish\system\CodeIgniter.php(312): CodeIgniter\CodeIgniter->handleRequest(NULL, Object(Config\Cache), false)
#8 C:\xampp\htdocs\php2killifish\php2killifish\public\index.php(45): CodeIgniter\CodeIgniter->run()
#9 {main}
CRITICAL - 2020-12-08 08:30:36 --> Invalid file: template/front-end.php
#0 C:\xampp\htdocs\php2killifish\php2killifish\system\View\View.php(228): CodeIgniter\Exceptions\FrameworkException::forInvalidFile('template/front-...')
#1 C:\xampp\htdocs\php2killifish\php2killifish\system\View\View.php(257): CodeIgniter\View\View->render('template/front-...', Array, true)
#2 C:\xampp\htdocs\php2killifish\php2killifish\system\Common.php(1119): CodeIgniter\View\View->render('home', Array, true)
#3 C:\xampp\htdocs\php2killifish\php2killifish\app\Controllers\Home.php(8): view('home')
#4 C:\xampp\htdocs\php2killifish\php2killifish\system\CodeIgniter.php(918): App\Controllers\Home->index()
#5 C:\xampp\htdocs\php2killifish\php2killifish\system\CodeIgniter.php(404): CodeIgniter\CodeIgniter->runController(Object(App\Controllers\Home))
#6 C:\xampp\htdocs\php2killifish\php2killifish\system\CodeIgniter.php(312): CodeIgniter\CodeIgniter->handleRequest(NULL, Object(Config\Cache), false)
#7 C:\xampp\htdocs\php2killifish\php2killifish\public\index.php(45): CodeIgniter\CodeIgniter->run()
#8 {main}
CRITICAL - 2020-12-08 08:30:41 --> Invalid file: template/front-end.php
#0 C:\xampp\htdocs\php2killifish\php2killifish\system\View\View.php(228): CodeIgniter\Exceptions\FrameworkException::forInvalidFile('template/front-...')
#1 C:\xampp\htdocs\php2killifish\php2killifish\system\View\View.php(257): CodeIgniter\View\View->render('template/front-...', Array, true)
#2 C:\xampp\htdocs\php2killifish\php2killifish\system\Common.php(1119): CodeIgniter\View\View->render('home', Array, true)
#3 C:\xampp\htdocs\php2killifish\php2killifish\app\Controllers\Home.php(8): view('home')
#4 C:\xampp\htdocs\php2killifish\php2killifish\system\CodeIgniter.php(918): App\Controllers\Home->index()
#5 C:\xampp\htdocs\php2killifish\php2killifish\system\CodeIgniter.php(404): CodeIgniter\CodeIgniter->runController(Object(App\Controllers\Home))
#6 C:\xampp\htdocs\php2killifish\php2killifish\system\CodeIgniter.php(312): CodeIgniter\CodeIgniter->handleRequest(NULL, Object(Config\Cache), false)
#7 C:\xampp\htdocs\php2killifish\php2killifish\public\index.php(45): CodeIgniter\CodeIgniter->run()
#8 {main}
CRITICAL - 2020-12-08 08:31:39 --> Invalid file: template/front-end.php
#0 C:\xampp\htdocs\php2killifish\php2killifish\system\View\View.php(228): CodeIgniter\Exceptions\FrameworkException::forInvalidFile('template/front-...')
#1 C:\xampp\htdocs\php2killifish\php2killifish\system\View\View.php(257): CodeIgniter\View\View->render('template/front-...', Array, true)
#2 C:\xampp\htdocs\php2killifish\php2killifish\system\Common.php(1119): CodeIgniter\View\View->render('home', Array, true)
#3 C:\xampp\htdocs\php2killifish\php2killifish\app\Controllers\Home.php(8): view('home')
#4 C:\xampp\htdocs\php2killifish\php2killifish\system\CodeIgniter.php(918): App\Controllers\Home->index()
#5 C:\xampp\htdocs\php2killifish\php2killifish\system\CodeIgniter.php(404): CodeIgniter\CodeIgniter->runController(Object(App\Controllers\Home))
#6 C:\xampp\htdocs\php2killifish\php2killifish\system\CodeIgniter.php(312): CodeIgniter\CodeIgniter->handleRequest(NULL, Object(Config\Cache), false)
#7 C:\xampp\htdocs\php2killifish\php2killifish\public\index.php(45): CodeIgniter\CodeIgniter->run()
#8 {main}
CRITICAL - 2020-12-08 08:41:08 --> Invalid file: updateDisplay.php
#0 C:\xampp\htdocs\php2killifish\php2killifish\system\View\View.php(228): CodeIgniter\Exceptions\FrameworkException::forInvalidFile('updateDisplay.p...')
#1 C:\xampp\htdocs\php2killifish\php2killifish\system\Common.php(1119): CodeIgniter\View\View->render('updateDisplay', Array, true)
#2 C:\xampp\htdocs\php2killifish\php2killifish\app\Controllers\Home.php(50): view('updateDisplay')
#3 C:\xampp\htdocs\php2killifish\php2killifish\system\CodeIgniter.php(918): App\Controllers\Home->updateDisplay()
#4 C:\xampp\htdocs\php2killifish\php2killifish\system\CodeIgniter.php(404): CodeIgniter\CodeIgniter->runController(Object(App\Controllers\Home))
#5 C:\xampp\htdocs\php2killifish\php2killifish\system\CodeIgniter.php(312): CodeIgniter\CodeIgniter->handleRequest(NULL, Object(Config\Cache), false)
#6 C:\xampp\htdocs\php2killifish\php2killifish\public\index.php(45): CodeIgniter\CodeIgniter->run()
#7 {main}
CRITICAL - 2020-12-08 10:32:55 --> Invalid file: template/loginPage.php
#0 C:\xampp\htdocs\php2killifish\php2killifish\system\View\View.php(228): CodeIgniter\Exceptions\FrameworkException::forInvalidFile('template/loginP...')
#1 C:\xampp\htdocs\php2killifish\php2killifish\system\Common.php(1119): CodeIgniter\View\View->render('template/loginP...', Array, true)
#2 C:\xampp\htdocs\php2killifish\php2killifish\app\Controllers\Home.php(32): view('template/loginP...')
#3 C:\xampp\htdocs\php2killifish\php2killifish\system\CodeIgniter.php(918): App\Controllers\Home->login()
#4 C:\xampp\htdocs\php2killifish\php2killifish\system\CodeIgniter.php(404): CodeIgniter\CodeIgniter->runController(Object(App\Controllers\Home))
#5 C:\xampp\htdocs\php2killifish\php2killifish\system\CodeIgniter.php(312): CodeIgniter\CodeIgniter->handleRequest(NULL, Object(Config\Cache), false)
#6 C:\xampp\htdocs\php2killifish\php2killifish\public\index.php(45): CodeIgniter\CodeIgniter->run()
#7 {main}
CRITICAL - 2020-12-08 10:33:48 --> Call to undefined function set_value()
#0 C:\xampp\htdocs\php2killifish\php2killifish\system\View\View.php(246): include()
#1 C:\xampp\htdocs\php2killifish\php2killifish\system\Common.php(1119): CodeIgniter\View\View->render('login', Array, true)
#2 C:\xampp\htdocs\php2killifish\php2killifish\app\Controllers\Home.php(33): view('login')
#3 C:\xampp\htdocs\php2killifish\php2killifish\system\CodeIgniter.php(918): App\Controllers\Home->login()
#4 C:\xampp\htdocs\php2killifish\php2killifish\system\CodeIgniter.php(404): CodeIgniter\CodeIgniter->runController(Object(App\Controllers\Home))
#5 C:\xampp\htdocs\php2killifish\php2killifish\system\CodeIgniter.php(312): CodeIgniter\CodeIgniter->handleRequest(NULL, Object(Config\Cache), false)
#6 C:\xampp\htdocs\php2killifish\php2killifish\public\index.php(45): CodeIgniter\CodeIgniter->run()
#7 {main}
CRITICAL - 2020-12-08 10:41:09 --> Call to undefined function set_value()
#0 C:\xampp\htdocs\php2killifish\php2killifish\system\View\View.php(246): include()
#1 C:\xampp\htdocs\php2killifish\php2killifish\system\Common.php(1119): CodeIgniter\View\View->render('login', Array, true)
#2 C:\xampp\htdocs\php2killifish\php2killifish\app\Controllers\Home.php(33): view('login')
#3 C:\xampp\htdocs\php2killifish\php2killifish\system\CodeIgniter.php(918): App\Controllers\Home->login()
#4 C:\xampp\htdocs\php2killifish\php2killifish\system\CodeIgniter.php(404): CodeIgniter\CodeIgniter->runController(Object(App\Controllers\Home))
#5 C:\xampp\htdocs\php2killifish\php2killifish\system\CodeIgniter.php(312): CodeIgniter\CodeIgniter->handleRequest(NULL, Object(Config\Cache), false)
#6 C:\xampp\htdocs\php2killifish\php2killifish\public\index.php(45): CodeIgniter\CodeIgniter->run()
#7 {main}
