CRITICAL - 2021-01-12 08:47:41 --> unlink(E:\xampp\htdocs\php2killifish\php2killifish\writable\debugbar/debugbar_1610462684.json): No such file or directory
#0 [internal function]: CodeIgniter\Debug\Exceptions->errorHandler(2, 'unlink(E:\\xampp...', 'E:\\xampp\\htdocs...', 106, Array)
#1 E:\xampp\htdocs\php2killifish\php2killifish\system\Debug\Toolbar\Collectors\History.php(106): unlink('E:\\xampp\\htdocs...')
#2 E:\xampp\htdocs\php2killifish\php2killifish\system\Debug\Toolbar.php(483): CodeIgniter\Debug\Toolbar\Collectors\History->setFiles(1610462861, 20)
#3 E:\xampp\htdocs\php2killifish\php2killifish\system\Debug\Toolbar.php(455): CodeIgniter\Debug\Toolbar->format(Array, 'html')
#4 E:\xampp\htdocs\php2killifish\php2killifish\app\Config\Events.php(50): CodeIgniter\Debug\Toolbar->respond()
#5 [internal function]: CodeIgniter\Events\Events::Config\{closure}()
#6 E:\xampp\htdocs\php2killifish\php2killifish\system\Events\Events.php(188): call_user_func(Object(Closure))
#7 E:\xampp\htdocs\php2killifish\php2killifish\system\CodeIgniter.php(293): CodeIgniter\Events\Events::trigger('pre_system')
#8 E:\xampp\htdocs\php2killifish\php2killifish\public\index.php(45): CodeIgniter\CodeIgniter->run()
#9 {main}
CRITICAL - 2021-01-12 08:56:41 --> Cannot add or update a child row: a foreign key constraint fails (`killifish_db`.`news`, CONSTRAINT `FK_newsAuthor` FOREIGN KEY (`newsAuthor`) REFERENCES `users` (`userID`) ON DELETE NO ACTION ON UPDATE NO ACTION)
#0 E:\xampp\htdocs\php2killifish\php2killifish\system\Database\MySQLi\Connection.php(331): mysqli->query('INSERT INTO `ne...')
#1 E:\xampp\htdocs\php2killifish\php2killifish\system\Database\BaseConnection.php(741): CodeIgniter\Database\MySQLi\Connection->execute('INSERT INTO `ne...')
#2 E:\xampp\htdocs\php2killifish\php2killifish\system\Database\BaseConnection.php(669): CodeIgniter\Database\BaseConnection->simpleQuery('INSERT INTO `ne...')
#3 E:\xampp\htdocs\php2killifish\php2killifish\system\Database\BaseBuilder.php(2249): CodeIgniter\Database\BaseConnection->query('INSERT INTO `ne...', Array, false)
#4 E:\xampp\htdocs\php2killifish\php2killifish\system\Model.php(755): CodeIgniter\Database\BaseBuilder->insert()
#5 E:\xampp\htdocs\php2killifish\php2killifish\system\Model.php(574): CodeIgniter\Model->insert(Array, false)
#6 E:\xampp\htdocs\php2killifish\php2killifish\app\Controllers\UpdateController.php(63): CodeIgniter\Model->save(Array)
#7 E:\xampp\htdocs\php2killifish\php2killifish\system\CodeIgniter.php(918): App\Controllers\UpdateController->submit()
#8 E:\xampp\htdocs\php2killifish\php2killifish\system\CodeIgniter.php(404): CodeIgniter\CodeIgniter->runController(Object(App\Controllers\UpdateController))
#9 E:\xampp\htdocs\php2killifish\php2killifish\system\CodeIgniter.php(312): CodeIgniter\CodeIgniter->handleRequest(NULL, Object(Config\Cache), false)
#10 E:\xampp\htdocs\php2killifish\php2killifish\public\index.php(45): CodeIgniter\CodeIgniter->run()
#11 {main}
CRITICAL - 2021-01-12 08:58:19 --> Cannot add or update a child row: a foreign key constraint fails (`killifish_db`.`news`, CONSTRAINT `FK_newsAuthor` FOREIGN KEY (`newsAuthor`) REFERENCES `users` (`userID`) ON DELETE NO ACTION ON UPDATE NO ACTION)
#0 E:\xampp\htdocs\php2killifish\php2killifish\system\Database\MySQLi\Connection.php(331): mysqli->query('INSERT INTO `ne...')
#1 E:\xampp\htdocs\php2killifish\php2killifish\system\Database\BaseConnection.php(741): CodeIgniter\Database\MySQLi\Connection->execute('INSERT INTO `ne...')
#2 E:\xampp\htdocs\php2killifish\php2killifish\system\Database\BaseConnection.php(669): CodeIgniter\Database\BaseConnection->simpleQuery('INSERT INTO `ne...')
#3 E:\xampp\htdocs\php2killifish\php2killifish\system\Database\BaseBuilder.php(2249): CodeIgniter\Database\BaseConnection->query('INSERT INTO `ne...', Array, false)
#4 E:\xampp\htdocs\php2killifish\php2killifish\system\Model.php(755): CodeIgniter\Database\BaseBuilder->insert()
#5 E:\xampp\htdocs\php2killifish\php2killifish\system\Model.php(574): CodeIgniter\Model->insert(Array, false)
#6 E:\xampp\htdocs\php2killifish\php2killifish\app\Controllers\UpdateController.php(63): CodeIgniter\Model->save(Array)
#7 E:\xampp\htdocs\php2killifish\php2killifish\system\CodeIgniter.php(918): App\Controllers\UpdateController->submit()
#8 E:\xampp\htdocs\php2killifish\php2killifish\system\CodeIgniter.php(404): CodeIgniter\CodeIgniter->runController(Object(App\Controllers\UpdateController))
#9 E:\xampp\htdocs\php2killifish\php2killifish\system\CodeIgniter.php(312): CodeIgniter\CodeIgniter->handleRequest(NULL, Object(Config\Cache), false)
#10 E:\xampp\htdocs\php2killifish\php2killifish\public\index.php(45): CodeIgniter\CodeIgniter->run()
#11 {main}
CRITICAL - 2021-01-12 08:58:24 --> Cannot add or update a child row: a foreign key constraint fails (`killifish_db`.`news`, CONSTRAINT `FK_newsAuthor` FOREIGN KEY (`newsAuthor`) REFERENCES `users` (`userID`) ON DELETE NO ACTION ON UPDATE NO ACTION)
#0 E:\xampp\htdocs\php2killifish\php2killifish\system\Database\MySQLi\Connection.php(331): mysqli->query('INSERT INTO `ne...')
#1 E:\xampp\htdocs\php2killifish\php2killifish\system\Database\BaseConnection.php(741): CodeIgniter\Database\MySQLi\Connection->execute('INSERT INTO `ne...')
#2 E:\xampp\htdocs\php2killifish\php2killifish\system\Database\BaseConnection.php(669): CodeIgniter\Database\BaseConnection->simpleQuery('INSERT INTO `ne...')
#3 E:\xampp\htdocs\php2killifish\php2killifish\system\Database\BaseBuilder.php(2249): CodeIgniter\Database\BaseConnection->query('INSERT INTO `ne...', Array, false)
#4 E:\xampp\htdocs\php2killifish\php2killifish\system\Model.php(755): CodeIgniter\Database\BaseBuilder->insert()
#5 E:\xampp\htdocs\php2killifish\php2killifish\system\Model.php(574): CodeIgniter\Model->insert(Array, false)
#6 E:\xampp\htdocs\php2killifish\php2killifish\app\Controllers\UpdateController.php(63): CodeIgniter\Model->save(Array)
#7 E:\xampp\htdocs\php2killifish\php2killifish\system\CodeIgniter.php(918): App\Controllers\UpdateController->submit()
#8 E:\xampp\htdocs\php2killifish\php2killifish\system\CodeIgniter.php(404): CodeIgniter\CodeIgniter->runController(Object(App\Controllers\UpdateController))
#9 E:\xampp\htdocs\php2killifish\php2killifish\system\CodeIgniter.php(312): CodeIgniter\CodeIgniter->handleRequest(NULL, Object(Config\Cache), false)
#10 E:\xampp\htdocs\php2killifish\php2killifish\public\index.php(45): CodeIgniter\CodeIgniter->run()
#11 {main}
CRITICAL - 2021-01-12 09:08:11 --> Undefined index: userFirstName
#0 E:\xampp\htdocs\php2killifish\php2killifish\app\Views\updateDisplay.php(10): CodeIgniter\Debug\Exceptions->errorHandler(8, 'Undefined index...', 'E:\\xampp\\htdocs...', 10, Array)
#1 E:\xampp\htdocs\php2killifish\php2killifish\system\View\View.php(246): include('E:\\xampp\\htdocs...')
#2 E:\xampp\htdocs\php2killifish\php2killifish\system\Common.php(1119): CodeIgniter\View\View->render('updateDisplay', Array, true)
#3 E:\xampp\htdocs\php2killifish\php2killifish\app\Controllers\UpdateController.php(36): view('updateDisplay', Array)
#4 E:\xampp\htdocs\php2killifish\php2killifish\system\CodeIgniter.php(918): App\Controllers\UpdateController->view('Elvis-is-sighte...')
#5 E:\xampp\htdocs\php2killifish\php2killifish\system\CodeIgniter.php(404): CodeIgniter\CodeIgniter->runController(Object(App\Controllers\UpdateController))
#6 E:\xampp\htdocs\php2killifish\php2killifish\system\CodeIgniter.php(312): CodeIgniter\CodeIgniter->handleRequest(NULL, Object(Config\Cache), false)
#7 E:\xampp\htdocs\php2killifish\php2killifish\public\index.php(45): CodeIgniter\CodeIgniter->run()
#8 {main}
CRITICAL - 2021-01-12 09:08:19 --> Undefined index: userFirstName
#0 E:\xampp\htdocs\php2killifish\php2killifish\app\Views\updateDisplay.php(10): CodeIgniter\Debug\Exceptions->errorHandler(8, 'Undefined index...', 'E:\\xampp\\htdocs...', 10, Array)
#1 E:\xampp\htdocs\php2killifish\php2killifish\system\View\View.php(246): include('E:\\xampp\\htdocs...')
#2 E:\xampp\htdocs\php2killifish\php2killifish\system\Common.php(1119): CodeIgniter\View\View->render('updateDisplay', Array, true)
#3 E:\xampp\htdocs\php2killifish\php2killifish\app\Controllers\UpdateController.php(36): view('updateDisplay', Array)
#4 E:\xampp\htdocs\php2killifish\php2killifish\system\CodeIgniter.php(918): App\Controllers\UpdateController->view('Elvis-is-sighte...')
#5 E:\xampp\htdocs\php2killifish\php2killifish\system\CodeIgniter.php(404): CodeIgniter\CodeIgniter->runController(Object(App\Controllers\UpdateController))
#6 E:\xampp\htdocs\php2killifish\php2killifish\system\CodeIgniter.php(312): CodeIgniter\CodeIgniter->handleRequest(NULL, Object(Config\Cache), false)
#7 E:\xampp\htdocs\php2killifish\php2killifish\public\index.php(45): CodeIgniter\CodeIgniter->run()
#8 {main}
CRITICAL - 2021-01-12 09:08:39 --> Undefined index: userFirstName
#0 E:\xampp\htdocs\php2killifish\php2killifish\app\Views\updateDisplay.php(10): CodeIgniter\Debug\Exceptions->errorHandler(8, 'Undefined index...', 'E:\\xampp\\htdocs...', 10, Array)
#1 E:\xampp\htdocs\php2killifish\php2killifish\system\View\View.php(246): include('E:\\xampp\\htdocs...')
#2 E:\xampp\htdocs\php2killifish\php2killifish\system\Common.php(1119): CodeIgniter\View\View->render('updateDisplay', Array, true)
#3 E:\xampp\htdocs\php2killifish\php2killifish\app\Controllers\UpdateController.php(36): view('updateDisplay', Array)
#4 E:\xampp\htdocs\php2killifish\php2killifish\system\CodeIgniter.php(918): App\Controllers\UpdateController->view('Elvis-is-sighte...')
#5 E:\xampp\htdocs\php2killifish\php2killifish\system\CodeIgniter.php(404): CodeIgniter\CodeIgniter->runController(Object(App\Controllers\UpdateController))
#6 E:\xampp\htdocs\php2killifish\php2killifish\system\CodeIgniter.php(312): CodeIgniter\CodeIgniter->handleRequest(NULL, Object(Config\Cache), false)
#7 E:\xampp\htdocs\php2killifish\php2killifish\public\index.php(45): CodeIgniter\CodeIgniter->run()
#8 {main}
CRITICAL - 2021-01-12 09:08:40 --> Undefined index: userFirstName
#0 E:\xampp\htdocs\php2killifish\php2killifish\app\Views\updateDisplay.php(10): CodeIgniter\Debug\Exceptions->errorHandler(8, 'Undefined index...', 'E:\\xampp\\htdocs...', 10, Array)
#1 E:\xampp\htdocs\php2killifish\php2killifish\system\View\View.php(246): include('E:\\xampp\\htdocs...')
#2 E:\xampp\htdocs\php2killifish\php2killifish\system\Common.php(1119): CodeIgniter\View\View->render('updateDisplay', Array, true)
#3 E:\xampp\htdocs\php2killifish\php2killifish\app\Controllers\UpdateController.php(36): view('updateDisplay', Array)
#4 E:\xampp\htdocs\php2killifish\php2killifish\system\CodeIgniter.php(918): App\Controllers\UpdateController->view('Elvis-is-sighte...')
#5 E:\xampp\htdocs\php2killifish\php2killifish\system\CodeIgniter.php(404): CodeIgniter\CodeIgniter->runController(Object(App\Controllers\UpdateController))
#6 E:\xampp\htdocs\php2killifish\php2killifish\system\CodeIgniter.php(312): CodeIgniter\CodeIgniter->handleRequest(NULL, Object(Config\Cache), false)
#7 E:\xampp\htdocs\php2killifish\php2killifish\public\index.php(45): CodeIgniter\CodeIgniter->run()
#8 {main}
CRITICAL - 2021-01-12 09:09:21 --> Undefined index: userFirstName
#0 E:\xampp\htdocs\php2killifish\php2killifish\app\Views\updateDisplay.php(10): CodeIgniter\Debug\Exceptions->errorHandler(8, 'Undefined index...', 'E:\\xampp\\htdocs...', 10, Array)
#1 E:\xampp\htdocs\php2killifish\php2killifish\system\View\View.php(246): include('E:\\xampp\\htdocs...')
#2 E:\xampp\htdocs\php2killifish\php2killifish\system\Common.php(1119): CodeIgniter\View\View->render('updateDisplay', Array, true)
#3 E:\xampp\htdocs\php2killifish\php2killifish\app\Controllers\UpdateController.php(36): view('updateDisplay', Array)
#4 E:\xampp\htdocs\php2killifish\php2killifish\system\CodeIgniter.php(918): App\Controllers\UpdateController->view('Elvis-is-sighte...')
#5 E:\xampp\htdocs\php2killifish\php2killifish\system\CodeIgniter.php(404): CodeIgniter\CodeIgniter->runController(Object(App\Controllers\UpdateController))
#6 E:\xampp\htdocs\php2killifish\php2killifish\system\CodeIgniter.php(312): CodeIgniter\CodeIgniter->handleRequest(NULL, Object(Config\Cache), false)
#7 E:\xampp\htdocs\php2killifish\php2killifish\public\index.php(45): CodeIgniter\CodeIgniter->run()
#8 {main}
CRITICAL - 2021-01-12 09:09:43 --> Undefined index: userFirstName
#0 E:\xampp\htdocs\php2killifish\php2killifish\app\Views\updateDisplay.php(10): CodeIgniter\Debug\Exceptions->errorHandler(8, 'Undefined index...', 'E:\\xampp\\htdocs...', 10, Array)
#1 E:\xampp\htdocs\php2killifish\php2killifish\system\View\View.php(246): include('E:\\xampp\\htdocs...')
#2 E:\xampp\htdocs\php2killifish\php2killifish\system\Common.php(1119): CodeIgniter\View\View->render('updateDisplay', Array, true)
#3 E:\xampp\htdocs\php2killifish\php2killifish\app\Controllers\UpdateController.php(36): view('updateDisplay', Array)
#4 E:\xampp\htdocs\php2killifish\php2killifish\system\CodeIgniter.php(918): App\Controllers\UpdateController->view('Elvis-is-sighte...')
#5 E:\xampp\htdocs\php2killifish\php2killifish\system\CodeIgniter.php(404): CodeIgniter\CodeIgniter->runController(Object(App\Controllers\UpdateController))
#6 E:\xampp\htdocs\php2killifish\php2killifish\system\CodeIgniter.php(312): CodeIgniter\CodeIgniter->handleRequest(NULL, Object(Config\Cache), false)
#7 E:\xampp\htdocs\php2killifish\php2killifish\public\index.php(45): CodeIgniter\CodeIgniter->run()
#8 {main}
