CRITICAL - 2021-01-30 06:05:47 --> Undefined variable: id
#0 E:\xampp\htdocs\php2killifish\php2killifish\app\Views\postDisplay.php(11): CodeIgniter\Debug\Exceptions->errorHandler(8, 'Undefined varia...', 'E:\\xampp\\htdocs...', 11, Array)
#1 E:\xampp\htdocs\php2killifish\php2killifish\system\View\View.php(246): include('E:\\xampp\\htdocs...')
#2 E:\xampp\htdocs\php2killifish\php2killifish\system\Common.php(1119): CodeIgniter\View\View->render('postDisplay', Array, true)
#3 E:\xampp\htdocs\php2killifish\php2killifish\app\Controllers\PostController.php(45): view('postDisplay', Array)
#4 E:\xampp\htdocs\php2killifish\php2killifish\system\CodeIgniter.php(918): App\Controllers\PostController->view('Part-54-of-hati...')
#5 E:\xampp\htdocs\php2killifish\php2killifish\system\CodeIgniter.php(404): CodeIgniter\CodeIgniter->runController(Object(App\Controllers\PostController))
#6 E:\xampp\htdocs\php2killifish\php2killifish\system\CodeIgniter.php(312): CodeIgniter\CodeIgniter->handleRequest(NULL, Object(Config\Cache), false)
#7 E:\xampp\htdocs\php2killifish\php2killifish\public\index.php(45): CodeIgniter\CodeIgniter->run()
#8 {main}
CRITICAL - 2021-01-30 06:06:12 --> Undefined variable: id
#0 E:\xampp\htdocs\php2killifish\php2killifish\app\Views\postDisplay.php(11): CodeIgniter\Debug\Exceptions->errorHandler(8, 'Undefined varia...', 'E:\\xampp\\htdocs...', 11, Array)
#1 E:\xampp\htdocs\php2killifish\php2killifish\system\View\View.php(246): include('E:\\xampp\\htdocs...')
#2 E:\xampp\htdocs\php2killifish\php2killifish\system\Common.php(1119): CodeIgniter\View\View->render('postDisplay', Array, true)
#3 E:\xampp\htdocs\php2killifish\php2killifish\app\Controllers\PostController.php(45): view('postDisplay', Array)
#4 E:\xampp\htdocs\php2killifish\php2killifish\system\CodeIgniter.php(918): App\Controllers\PostController->view('Part-3-hating-m...')
#5 E:\xampp\htdocs\php2killifish\php2killifish\system\CodeIgniter.php(404): CodeIgniter\CodeIgniter->runController(Object(App\Controllers\PostController))
#6 E:\xampp\htdocs\php2killifish\php2killifish\system\CodeIgniter.php(312): CodeIgniter\CodeIgniter->handleRequest(NULL, Object(Config\Cache), false)
#7 E:\xampp\htdocs\php2killifish\php2killifish\public\index.php(45): CodeIgniter\CodeIgniter->run()
#8 {main}
CRITICAL - 2021-01-30 06:06:15 --> Undefined variable: id
#0 E:\xampp\htdocs\php2killifish\php2killifish\app\Views\postDisplay.php(11): CodeIgniter\Debug\Exceptions->errorHandler(8, 'Undefined varia...', 'E:\\xampp\\htdocs...', 11, Array)
#1 E:\xampp\htdocs\php2killifish\php2killifish\system\View\View.php(246): include('E:\\xampp\\htdocs...')
#2 E:\xampp\htdocs\php2killifish\php2killifish\system\Common.php(1119): CodeIgniter\View\View->render('postDisplay', Array, true)
#3 E:\xampp\htdocs\php2killifish\php2killifish\app\Controllers\PostController.php(45): view('postDisplay', Array)
#4 E:\xampp\htdocs\php2killifish\php2killifish\system\CodeIgniter.php(918): App\Controllers\PostController->view('Part-54-of-hati...')
#5 E:\xampp\htdocs\php2killifish\php2killifish\system\CodeIgniter.php(404): CodeIgniter\CodeIgniter->runController(Object(App\Controllers\PostController))
#6 E:\xampp\htdocs\php2killifish\php2killifish\system\CodeIgniter.php(312): CodeIgniter\CodeIgniter->handleRequest(NULL, Object(Config\Cache), false)
#7 E:\xampp\htdocs\php2killifish\php2killifish\public\index.php(45): CodeIgniter\CodeIgniter->run()
#8 {main}
CRITICAL - 2021-01-30 06:08:22 --> Undefined property: CodeIgniter\View\View::$imagesFolder
#0 E:\xampp\htdocs\php2killifish\php2killifish\app\Views\postDisplay.php(11): CodeIgniter\Debug\Exceptions->errorHandler(8, 'Undefined prope...', 'E:\\xampp\\htdocs...', 11, Array)
#1 E:\xampp\htdocs\php2killifish\php2killifish\system\View\View.php(246): include('E:\\xampp\\htdocs...')
#2 E:\xampp\htdocs\php2killifish\php2killifish\system\Common.php(1119): CodeIgniter\View\View->render('postDisplay', Array, true)
#3 E:\xampp\htdocs\php2killifish\php2killifish\app\Controllers\PostController.php(45): view('postDisplay', Array)
#4 E:\xampp\htdocs\php2killifish\php2killifish\system\CodeIgniter.php(918): App\Controllers\PostController->view('Part-3-hating-m...')
#5 E:\xampp\htdocs\php2killifish\php2killifish\system\CodeIgniter.php(404): CodeIgniter\CodeIgniter->runController(Object(App\Controllers\PostController))
#6 E:\xampp\htdocs\php2killifish\php2killifish\system\CodeIgniter.php(312): CodeIgniter\CodeIgniter->handleRequest(NULL, Object(Config\Cache), false)
#7 E:\xampp\htdocs\php2killifish\php2killifish\public\index.php(45): CodeIgniter\CodeIgniter->run()
#8 {main}
CRITICAL - 2021-01-30 06:11:42 --> Undefined variable: id
#0 E:\xampp\htdocs\php2killifish\php2killifish\app\Views\postDisplay.php(11): CodeIgniter\Debug\Exceptions->errorHandler(8, 'Undefined varia...', 'E:\\xampp\\htdocs...', 11, Array)
#1 E:\xampp\htdocs\php2killifish\php2killifish\system\View\View.php(246): include('E:\\xampp\\htdocs...')
#2 E:\xampp\htdocs\php2killifish\php2killifish\system\Common.php(1119): CodeIgniter\View\View->render('postDisplay', Array, true)
#3 E:\xampp\htdocs\php2killifish\php2killifish\app\Controllers\PostController.php(45): view('postDisplay', Array)
#4 E:\xampp\htdocs\php2killifish\php2killifish\system\CodeIgniter.php(918): App\Controllers\PostController->view('Part-54-of-hati...')
#5 E:\xampp\htdocs\php2killifish\php2killifish\system\CodeIgniter.php(404): CodeIgniter\CodeIgniter->runController(Object(App\Controllers\PostController))
#6 E:\xampp\htdocs\php2killifish\php2killifish\system\CodeIgniter.php(312): CodeIgniter\CodeIgniter->handleRequest(NULL, Object(Config\Cache), false)
#7 E:\xampp\htdocs\php2killifish\php2killifish\public\index.php(45): CodeIgniter\CodeIgniter->run()
#8 {main}
CRITICAL - 2021-01-30 06:11:46 --> Undefined variable: id
#0 E:\xampp\htdocs\php2killifish\php2killifish\app\Views\postDisplay.php(11): CodeIgniter\Debug\Exceptions->errorHandler(8, 'Undefined varia...', 'E:\\xampp\\htdocs...', 11, Array)
#1 E:\xampp\htdocs\php2killifish\php2killifish\system\View\View.php(246): include('E:\\xampp\\htdocs...')
#2 E:\xampp\htdocs\php2killifish\php2killifish\system\Common.php(1119): CodeIgniter\View\View->render('postDisplay', Array, true)
#3 E:\xampp\htdocs\php2killifish\php2killifish\app\Controllers\PostController.php(45): view('postDisplay', Array)
#4 E:\xampp\htdocs\php2killifish\php2killifish\system\CodeIgniter.php(918): App\Controllers\PostController->view('hello')
#5 E:\xampp\htdocs\php2killifish\php2killifish\system\CodeIgniter.php(404): CodeIgniter\CodeIgniter->runController(Object(App\Controllers\PostController))
#6 E:\xampp\htdocs\php2killifish\php2killifish\system\CodeIgniter.php(312): CodeIgniter\CodeIgniter->handleRequest(NULL, Object(Config\Cache), false)
#7 E:\xampp\htdocs\php2killifish\php2killifish\public\index.php(45): CodeIgniter\CodeIgniter->run()
#8 {main}
CRITICAL - 2021-01-30 06:11:47 --> Undefined variable: id
#0 E:\xampp\htdocs\php2killifish\php2killifish\app\Views\postDisplay.php(11): CodeIgniter\Debug\Exceptions->errorHandler(8, 'Undefined varia...', 'E:\\xampp\\htdocs...', 11, Array)
#1 E:\xampp\htdocs\php2killifish\php2killifish\system\View\View.php(246): include('E:\\xampp\\htdocs...')
#2 E:\xampp\htdocs\php2killifish\php2killifish\system\Common.php(1119): CodeIgniter\View\View->render('postDisplay', Array, true)
#3 E:\xampp\htdocs\php2killifish\php2killifish\app\Controllers\PostController.php(45): view('postDisplay', Array)
#4 E:\xampp\htdocs\php2killifish\php2killifish\system\CodeIgniter.php(918): App\Controllers\PostController->view('Part-3-hating-m...')
#5 E:\xampp\htdocs\php2killifish\php2killifish\system\CodeIgniter.php(404): CodeIgniter\CodeIgniter->runController(Object(App\Controllers\PostController))
#6 E:\xampp\htdocs\php2killifish\php2killifish\system\CodeIgniter.php(312): CodeIgniter\CodeIgniter->handleRequest(NULL, Object(Config\Cache), false)
#7 E:\xampp\htdocs\php2killifish\php2killifish\public\index.php(45): CodeIgniter\CodeIgniter->run()
#8 {main}
CRITICAL - 2021-01-30 06:15:49 --> Undefined variable: id
#0 E:\xampp\htdocs\php2killifish\php2killifish\app\Views\postDisplay.php(12): CodeIgniter\Debug\Exceptions->errorHandler(8, 'Undefined varia...', 'E:\\xampp\\htdocs...', 12, Array)
#1 E:\xampp\htdocs\php2killifish\php2killifish\system\View\View.php(246): include('E:\\xampp\\htdocs...')
#2 E:\xampp\htdocs\php2killifish\php2killifish\system\Common.php(1119): CodeIgniter\View\View->render('postDisplay', Array, true)
#3 E:\xampp\htdocs\php2killifish\php2killifish\app\Controllers\PostController.php(45): view('postDisplay', Array)
#4 E:\xampp\htdocs\php2killifish\php2killifish\system\CodeIgniter.php(918): App\Controllers\PostController->view('Part-3-hating-m...')
#5 E:\xampp\htdocs\php2killifish\php2killifish\system\CodeIgniter.php(404): CodeIgniter\CodeIgniter->runController(Object(App\Controllers\PostController))
#6 E:\xampp\htdocs\php2killifish\php2killifish\system\CodeIgniter.php(312): CodeIgniter\CodeIgniter->handleRequest(NULL, Object(Config\Cache), false)
#7 E:\xampp\htdocs\php2killifish\php2killifish\public\index.php(45): CodeIgniter\CodeIgniter->run()
#8 {main}
CRITICAL - 2021-01-30 06:15:52 --> Undefined variable: id
#0 E:\xampp\htdocs\php2killifish\php2killifish\app\Views\postDisplay.php(12): CodeIgniter\Debug\Exceptions->errorHandler(8, 'Undefined varia...', 'E:\\xampp\\htdocs...', 12, Array)
#1 E:\xampp\htdocs\php2killifish\php2killifish\system\View\View.php(246): include('E:\\xampp\\htdocs...')
#2 E:\xampp\htdocs\php2killifish\php2killifish\system\Common.php(1119): CodeIgniter\View\View->render('postDisplay', Array, true)
#3 E:\xampp\htdocs\php2killifish\php2killifish\app\Controllers\PostController.php(45): view('postDisplay', Array)
#4 E:\xampp\htdocs\php2killifish\php2killifish\system\CodeIgniter.php(918): App\Controllers\PostController->view('Part-3-hating-m...')
#5 E:\xampp\htdocs\php2killifish\php2killifish\system\CodeIgniter.php(404): CodeIgniter\CodeIgniter->runController(Object(App\Controllers\PostController))
#6 E:\xampp\htdocs\php2killifish\php2killifish\system\CodeIgniter.php(312): CodeIgniter\CodeIgniter->handleRequest(NULL, Object(Config\Cache), false)
#7 E:\xampp\htdocs\php2killifish\php2killifish\public\index.php(45): CodeIgniter\CodeIgniter->run()
#8 {main}
CRITICAL - 2021-01-30 06:40:57 --> Undefined index: postID
#0 E:\xampp\htdocs\php2killifish\php2killifish\app\Views\community.php(20): CodeIgniter\Debug\Exceptions->errorHandler(8, 'Undefined index...', 'E:\\xampp\\htdocs...', 20, Array)
#1 E:\xampp\htdocs\php2killifish\php2killifish\system\View\View.php(246): include('E:\\xampp\\htdocs...')
#2 E:\xampp\htdocs\php2killifish\php2killifish\system\Common.php(1119): CodeIgniter\View\View->render('community', Array, true)
#3 E:\xampp\htdocs\php2killifish\php2killifish\app\Controllers\PostController.php(20): view('community', Array)
#4 E:\xampp\htdocs\php2killifish\php2killifish\system\CodeIgniter.php(918): App\Controllers\PostController->index()
#5 E:\xampp\htdocs\php2killifish\php2killifish\system\CodeIgniter.php(404): CodeIgniter\CodeIgniter->runController(Object(App\Controllers\PostController))
#6 E:\xampp\htdocs\php2killifish\php2killifish\system\CodeIgniter.php(312): CodeIgniter\CodeIgniter->handleRequest(NULL, Object(Config\Cache), false)
#7 E:\xampp\htdocs\php2killifish\php2killifish\public\index.php(45): CodeIgniter\CodeIgniter->run()
#8 {main}
CRITICAL - 2021-01-30 06:41:00 --> Undefined index: postID
#0 E:\xampp\htdocs\php2killifish\php2killifish\app\Views\community.php(20): CodeIgniter\Debug\Exceptions->errorHandler(8, 'Undefined index...', 'E:\\xampp\\htdocs...', 20, Array)
#1 E:\xampp\htdocs\php2killifish\php2killifish\system\View\View.php(246): include('E:\\xampp\\htdocs...')
#2 E:\xampp\htdocs\php2killifish\php2killifish\system\Common.php(1119): CodeIgniter\View\View->render('community', Array, true)
#3 E:\xampp\htdocs\php2killifish\php2killifish\app\Controllers\PostController.php(20): view('community', Array)
#4 E:\xampp\htdocs\php2killifish\php2killifish\system\CodeIgniter.php(918): App\Controllers\PostController->index()
#5 E:\xampp\htdocs\php2killifish\php2killifish\system\CodeIgniter.php(404): CodeIgniter\CodeIgniter->runController(Object(App\Controllers\PostController))
#6 E:\xampp\htdocs\php2killifish\php2killifish\system\CodeIgniter.php(312): CodeIgniter\CodeIgniter->handleRequest(NULL, Object(Config\Cache), false)
#7 E:\xampp\htdocs\php2killifish\php2killifish\public\index.php(45): CodeIgniter\CodeIgniter->run()
#8 {main}
CRITICAL - 2021-01-30 07:38:48 --> Undefined variable: post_item
#0 E:\xampp\htdocs\php2killifish\php2killifish\app\Views\updates.php(17): CodeIgniter\Debug\Exceptions->errorHandler(8, 'Undefined varia...', 'E:\\xampp\\htdocs...', 17, Array)
#1 E:\xampp\htdocs\php2killifish\php2killifish\system\View\View.php(246): include('E:\\xampp\\htdocs...')
#2 E:\xampp\htdocs\php2killifish\php2killifish\system\Common.php(1119): CodeIgniter\View\View->render('updates', Array, true)
#3 E:\xampp\htdocs\php2killifish\php2killifish\app\Controllers\UpdateController.php(19): view('updates', Array)
#4 E:\xampp\htdocs\php2killifish\php2killifish\system\CodeIgniter.php(918): App\Controllers\UpdateController->index()
#5 E:\xampp\htdocs\php2killifish\php2killifish\system\CodeIgniter.php(404): CodeIgniter\CodeIgniter->runController(Object(App\Controllers\UpdateController))
#6 E:\xampp\htdocs\php2killifish\php2killifish\system\CodeIgniter.php(312): CodeIgniter\CodeIgniter->handleRequest(NULL, Object(Config\Cache), false)
#7 E:\xampp\htdocs\php2killifish\php2killifish\public\index.php(45): CodeIgniter\CodeIgniter->run()
#8 {main}
CRITICAL - 2021-01-30 07:39:11 --> Undefined variable: news_item
#0 E:\xampp\htdocs\php2killifish\php2killifish\app\Views\updates.php(17): CodeIgniter\Debug\Exceptions->errorHandler(8, 'Undefined varia...', 'E:\\xampp\\htdocs...', 17, Array)
#1 E:\xampp\htdocs\php2killifish\php2killifish\system\View\View.php(246): include('E:\\xampp\\htdocs...')
#2 E:\xampp\htdocs\php2killifish\php2killifish\system\Common.php(1119): CodeIgniter\View\View->render('updates', Array, true)
#3 E:\xampp\htdocs\php2killifish\php2killifish\app\Controllers\UpdateController.php(19): view('updates', Array)
#4 E:\xampp\htdocs\php2killifish\php2killifish\system\CodeIgniter.php(918): App\Controllers\UpdateController->index()
#5 E:\xampp\htdocs\php2killifish\php2killifish\system\CodeIgniter.php(404): CodeIgniter\CodeIgniter->runController(Object(App\Controllers\UpdateController))
#6 E:\xampp\htdocs\php2killifish\php2killifish\system\CodeIgniter.php(312): CodeIgniter\CodeIgniter->handleRequest(NULL, Object(Config\Cache), false)
#7 E:\xampp\htdocs\php2killifish\php2killifish\public\index.php(45): CodeIgniter\CodeIgniter->run()
#8 {main}
CRITICAL - 2021-01-30 07:39:16 --> Undefined variable: news_item
#0 E:\xampp\htdocs\php2killifish\php2killifish\app\Views\updates.php(17): CodeIgniter\Debug\Exceptions->errorHandler(8, 'Undefined varia...', 'E:\\xampp\\htdocs...', 17, Array)
#1 E:\xampp\htdocs\php2killifish\php2killifish\system\View\View.php(246): include('E:\\xampp\\htdocs...')
#2 E:\xampp\htdocs\php2killifish\php2killifish\system\Common.php(1119): CodeIgniter\View\View->render('updates', Array, true)
#3 E:\xampp\htdocs\php2killifish\php2killifish\app\Controllers\UpdateController.php(19): view('updates', Array)
#4 E:\xampp\htdocs\php2killifish\php2killifish\system\CodeIgniter.php(918): App\Controllers\UpdateController->index()
#5 E:\xampp\htdocs\php2killifish\php2killifish\system\CodeIgniter.php(404): CodeIgniter\CodeIgniter->runController(Object(App\Controllers\UpdateController))
#6 E:\xampp\htdocs\php2killifish\php2killifish\system\CodeIgniter.php(312): CodeIgniter\CodeIgniter->handleRequest(NULL, Object(Config\Cache), false)
#7 E:\xampp\htdocs\php2killifish\php2killifish\public\index.php(45): CodeIgniter\CodeIgniter->run()
#8 {main}
CRITICAL - 2021-01-30 07:39:24 --> Undefined variable: news_item
#0 E:\xampp\htdocs\php2killifish\php2killifish\app\Views\updates.php(17): CodeIgniter\Debug\Exceptions->errorHandler(8, 'Undefined varia...', 'E:\\xampp\\htdocs...', 17, Array)
#1 E:\xampp\htdocs\php2killifish\php2killifish\system\View\View.php(246): include('E:\\xampp\\htdocs...')
#2 E:\xampp\htdocs\php2killifish\php2killifish\system\Common.php(1119): CodeIgniter\View\View->render('updates', Array, true)
#3 E:\xampp\htdocs\php2killifish\php2killifish\app\Controllers\UpdateController.php(19): view('updates', Array)
#4 E:\xampp\htdocs\php2killifish\php2killifish\system\CodeIgniter.php(918): App\Controllers\UpdateController->index()
#5 E:\xampp\htdocs\php2killifish\php2killifish\system\CodeIgniter.php(404): CodeIgniter\CodeIgniter->runController(Object(App\Controllers\UpdateController))
#6 E:\xampp\htdocs\php2killifish\php2killifish\system\CodeIgniter.php(312): CodeIgniter\CodeIgniter->handleRequest(NULL, Object(Config\Cache), false)
#7 E:\xampp\htdocs\php2killifish\php2killifish\public\index.php(45): CodeIgniter\CodeIgniter->run()
#8 {main}
CRITICAL - 2021-01-30 07:39:26 --> Undefined variable: news_item
#0 E:\xampp\htdocs\php2killifish\php2killifish\app\Views\updates.php(17): CodeIgniter\Debug\Exceptions->errorHandler(8, 'Undefined varia...', 'E:\\xampp\\htdocs...', 17, Array)
#1 E:\xampp\htdocs\php2killifish\php2killifish\system\View\View.php(246): include('E:\\xampp\\htdocs...')
#2 E:\xampp\htdocs\php2killifish\php2killifish\system\Common.php(1119): CodeIgniter\View\View->render('updates', Array, true)
#3 E:\xampp\htdocs\php2killifish\php2killifish\app\Controllers\UpdateController.php(19): view('updates', Array)
#4 E:\xampp\htdocs\php2killifish\php2killifish\system\CodeIgniter.php(918): App\Controllers\UpdateController->index()
#5 E:\xampp\htdocs\php2killifish\php2killifish\system\CodeIgniter.php(404): CodeIgniter\CodeIgniter->runController(Object(App\Controllers\UpdateController))
#6 E:\xampp\htdocs\php2killifish\php2killifish\system\CodeIgniter.php(312): CodeIgniter\CodeIgniter->handleRequest(NULL, Object(Config\Cache), false)
#7 E:\xampp\htdocs\php2killifish\php2killifish\public\index.php(45): CodeIgniter\CodeIgniter->run()
#8 {main}
CRITICAL - 2021-01-30 07:39:29 --> Undefined index: newsID
#0 E:\xampp\htdocs\php2killifish\php2killifish\app\Views\updates.php(17): CodeIgniter\Debug\Exceptions->errorHandler(8, 'Undefined index...', 'E:\\xampp\\htdocs...', 17, Array)
#1 E:\xampp\htdocs\php2killifish\php2killifish\system\View\View.php(246): include('E:\\xampp\\htdocs...')
#2 E:\xampp\htdocs\php2killifish\php2killifish\system\Common.php(1119): CodeIgniter\View\View->render('updates', Array, true)
#3 E:\xampp\htdocs\php2killifish\php2killifish\app\Controllers\UpdateController.php(19): view('updates', Array)
#4 E:\xampp\htdocs\php2killifish\php2killifish\system\CodeIgniter.php(918): App\Controllers\UpdateController->index()
#5 E:\xampp\htdocs\php2killifish\php2killifish\system\CodeIgniter.php(404): CodeIgniter\CodeIgniter->runController(Object(App\Controllers\UpdateController))
#6 E:\xampp\htdocs\php2killifish\php2killifish\system\CodeIgniter.php(312): CodeIgniter\CodeIgniter->handleRequest(NULL, Object(Config\Cache), false)
#7 E:\xampp\htdocs\php2killifish\php2killifish\public\index.php(45): CodeIgniter\CodeIgniter->run()
#8 {main}
CRITICAL - 2021-01-30 07:39:33 --> Undefined index: newsID
#0 E:\xampp\htdocs\php2killifish\php2killifish\app\Views\updates.php(17): CodeIgniter\Debug\Exceptions->errorHandler(8, 'Undefined index...', 'E:\\xampp\\htdocs...', 17, Array)
#1 E:\xampp\htdocs\php2killifish\php2killifish\system\View\View.php(246): include('E:\\xampp\\htdocs...')
#2 E:\xampp\htdocs\php2killifish\php2killifish\system\Common.php(1119): CodeIgniter\View\View->render('updates', Array, true)
#3 E:\xampp\htdocs\php2killifish\php2killifish\app\Controllers\UpdateController.php(19): view('updates', Array)
#4 E:\xampp\htdocs\php2killifish\php2killifish\system\CodeIgniter.php(918): App\Controllers\UpdateController->index()
#5 E:\xampp\htdocs\php2killifish\php2killifish\system\CodeIgniter.php(404): CodeIgniter\CodeIgniter->runController(Object(App\Controllers\UpdateController))
#6 E:\xampp\htdocs\php2killifish\php2killifish\system\CodeIgniter.php(312): CodeIgniter\CodeIgniter->handleRequest(NULL, Object(Config\Cache), false)
#7 E:\xampp\htdocs\php2killifish\php2killifish\public\index.php(45): CodeIgniter\CodeIgniter->run()
#8 {main}
CRITICAL - 2021-01-30 07:39:46 --> Undefined index: newsID
#0 E:\xampp\htdocs\php2killifish\php2killifish\app\Views\updates.php(17): CodeIgniter\Debug\Exceptions->errorHandler(8, 'Undefined index...', 'E:\\xampp\\htdocs...', 17, Array)
#1 E:\xampp\htdocs\php2killifish\php2killifish\system\View\View.php(246): include('E:\\xampp\\htdocs...')
#2 E:\xampp\htdocs\php2killifish\php2killifish\system\Common.php(1119): CodeIgniter\View\View->render('updates', Array, true)
#3 E:\xampp\htdocs\php2killifish\php2killifish\app\Controllers\UpdateController.php(19): view('updates', Array)
#4 E:\xampp\htdocs\php2killifish\php2killifish\system\CodeIgniter.php(918): App\Controllers\UpdateController->index()
#5 E:\xampp\htdocs\php2killifish\php2killifish\system\CodeIgniter.php(404): CodeIgniter\CodeIgniter->runController(Object(App\Controllers\UpdateController))
#6 E:\xampp\htdocs\php2killifish\php2killifish\system\CodeIgniter.php(312): CodeIgniter\CodeIgniter->handleRequest(NULL, Object(Config\Cache), false)
#7 E:\xampp\htdocs\php2killifish\php2killifish\public\index.php(45): CodeIgniter\CodeIgniter->run()
#8 {main}
CRITICAL - 2021-01-30 07:42:58 --> Undefined index: newsID
#0 E:\xampp\htdocs\php2killifish\php2killifish\app\Views\updates.php(17): CodeIgniter\Debug\Exceptions->errorHandler(8, 'Undefined index...', 'E:\\xampp\\htdocs...', 17, Array)
#1 E:\xampp\htdocs\php2killifish\php2killifish\system\View\View.php(246): include('E:\\xampp\\htdocs...')
#2 E:\xampp\htdocs\php2killifish\php2killifish\system\Common.php(1119): CodeIgniter\View\View->render('updates', Array, true)
#3 E:\xampp\htdocs\php2killifish\php2killifish\app\Controllers\UpdateController.php(19): view('updates', Array)
#4 E:\xampp\htdocs\php2killifish\php2killifish\system\CodeIgniter.php(918): App\Controllers\UpdateController->index()
#5 E:\xampp\htdocs\php2killifish\php2killifish\system\CodeIgniter.php(404): CodeIgniter\CodeIgniter->runController(Object(App\Controllers\UpdateController))
#6 E:\xampp\htdocs\php2killifish\php2killifish\system\CodeIgniter.php(312): CodeIgniter\CodeIgniter->handleRequest(NULL, Object(Config\Cache), false)
#7 E:\xampp\htdocs\php2killifish\php2killifish\public\index.php(45): CodeIgniter\CodeIgniter->run()
#8 {main}
CRITICAL - 2021-01-30 08:14:07 --> syntax error, unexpected ';', expecting ')'
#0 E:\xampp\htdocs\php2killifish\php2killifish\system\Common.php(1119): CodeIgniter\View\View->render('updates', Array, true)
#1 E:\xampp\htdocs\php2killifish\php2killifish\app\Controllers\UpdateController.php(19): view('updates', Array)
#2 E:\xampp\htdocs\php2killifish\php2killifish\system\CodeIgniter.php(918): App\Controllers\UpdateController->index()
#3 E:\xampp\htdocs\php2killifish\php2killifish\system\CodeIgniter.php(404): CodeIgniter\CodeIgniter->runController(Object(App\Controllers\UpdateController))
#4 E:\xampp\htdocs\php2killifish\php2killifish\system\CodeIgniter.php(312): CodeIgniter\CodeIgniter->handleRequest(NULL, Object(Config\Cache), false)
#5 E:\xampp\htdocs\php2killifish\php2killifish\public\index.php(45): CodeIgniter\CodeIgniter->run()
#6 {main}
CRITICAL - 2021-01-30 08:15:43 --> Undefined index: userFirstName
#0 E:\xampp\htdocs\php2killifish\php2killifish\app\Views\updates.php(26): CodeIgniter\Debug\Exceptions->errorHandler(8, 'Undefined index...', 'E:\\xampp\\htdocs...', 26, Array)
#1 E:\xampp\htdocs\php2killifish\php2killifish\system\View\View.php(246): include('E:\\xampp\\htdocs...')
#2 E:\xampp\htdocs\php2killifish\php2killifish\system\Common.php(1119): CodeIgniter\View\View->render('updates', Array, true)
#3 E:\xampp\htdocs\php2killifish\php2killifish\app\Controllers\UpdateController.php(19): view('updates', Array)
#4 E:\xampp\htdocs\php2killifish\php2killifish\system\CodeIgniter.php(918): App\Controllers\UpdateController->index()
#5 E:\xampp\htdocs\php2killifish\php2killifish\system\CodeIgniter.php(404): CodeIgniter\CodeIgniter->runController(Object(App\Controllers\UpdateController))
#6 E:\xampp\htdocs\php2killifish\php2killifish\system\CodeIgniter.php(312): CodeIgniter\CodeIgniter->handleRequest(NULL, Object(Config\Cache), false)
#7 E:\xampp\htdocs\php2killifish\php2killifish\public\index.php(45): CodeIgniter\CodeIgniter->run()
#8 {main}
CRITICAL - 2021-01-30 08:15:45 --> Undefined index: userFirstName
#0 E:\xampp\htdocs\php2killifish\php2killifish\app\Views\updates.php(26): CodeIgniter\Debug\Exceptions->errorHandler(8, 'Undefined index...', 'E:\\xampp\\htdocs...', 26, Array)
#1 E:\xampp\htdocs\php2killifish\php2killifish\system\View\View.php(246): include('E:\\xampp\\htdocs...')
#2 E:\xampp\htdocs\php2killifish\php2killifish\system\Common.php(1119): CodeIgniter\View\View->render('updates', Array, true)
#3 E:\xampp\htdocs\php2killifish\php2killifish\app\Controllers\UpdateController.php(19): view('updates', Array)
#4 E:\xampp\htdocs\php2killifish\php2killifish\system\CodeIgniter.php(918): App\Controllers\UpdateController->index()
#5 E:\xampp\htdocs\php2killifish\php2killifish\system\CodeIgniter.php(404): CodeIgniter\CodeIgniter->runController(Object(App\Controllers\UpdateController))
#6 E:\xampp\htdocs\php2killifish\php2killifish\system\CodeIgniter.php(312): CodeIgniter\CodeIgniter->handleRequest(NULL, Object(Config\Cache), false)
#7 E:\xampp\htdocs\php2killifish\php2killifish\public\index.php(45): CodeIgniter\CodeIgniter->run()
#8 {main}
CRITICAL - 2021-01-30 08:15:46 --> Undefined index: userFirstName
#0 E:\xampp\htdocs\php2killifish\php2killifish\app\Views\updates.php(26): CodeIgniter\Debug\Exceptions->errorHandler(8, 'Undefined index...', 'E:\\xampp\\htdocs...', 26, Array)
#1 E:\xampp\htdocs\php2killifish\php2killifish\system\View\View.php(246): include('E:\\xampp\\htdocs...')
#2 E:\xampp\htdocs\php2killifish\php2killifish\system\Common.php(1119): CodeIgniter\View\View->render('updates', Array, true)
#3 E:\xampp\htdocs\php2killifish\php2killifish\app\Controllers\UpdateController.php(19): view('updates', Array)
#4 E:\xampp\htdocs\php2killifish\php2killifish\system\CodeIgniter.php(918): App\Controllers\UpdateController->index()
#5 E:\xampp\htdocs\php2killifish\php2killifish\system\CodeIgniter.php(404): CodeIgniter\CodeIgniter->runController(Object(App\Controllers\UpdateController))
#6 E:\xampp\htdocs\php2killifish\php2killifish\system\CodeIgniter.php(312): CodeIgniter\CodeIgniter->handleRequest(NULL, Object(Config\Cache), false)
#7 E:\xampp\htdocs\php2killifish\php2killifish\public\index.php(45): CodeIgniter\CodeIgniter->run()
#8 {main}
CRITICAL - 2021-01-30 08:36:41 --> Undefined variable: users
#0 E:\xampp\htdocs\php2killifish\php2killifish\app\Views\postDisplay.php(24): CodeIgniter\Debug\Exceptions->errorHandler(8, 'Undefined varia...', 'E:\\xampp\\htdocs...', 24, Array)
#1 E:\xampp\htdocs\php2killifish\php2killifish\system\View\View.php(246): include('E:\\xampp\\htdocs...')
#2 E:\xampp\htdocs\php2killifish\php2killifish\system\Common.php(1119): CodeIgniter\View\View->render('postDisplay', Array, true)
#3 E:\xampp\htdocs\php2killifish\php2killifish\app\Controllers\PostController.php(45): view('postDisplay', Array)
#4 E:\xampp\htdocs\php2killifish\php2killifish\system\CodeIgniter.php(918): App\Controllers\PostController->view('hello')
#5 E:\xampp\htdocs\php2killifish\php2killifish\system\CodeIgniter.php(404): CodeIgniter\CodeIgniter->runController(Object(App\Controllers\PostController))
#6 E:\xampp\htdocs\php2killifish\php2killifish\system\CodeIgniter.php(312): CodeIgniter\CodeIgniter->handleRequest(NULL, Object(Config\Cache), false)
#7 E:\xampp\htdocs\php2killifish\php2killifish\public\index.php(45): CodeIgniter\CodeIgniter->run()
#8 {main}
CRITICAL - 2021-01-30 09:00:44 --> Undefined index: commentAuthor
#0 E:\xampp\htdocs\php2killifish\php2killifish\app\Views\postDisplay.php(79): CodeIgniter\Debug\Exceptions->errorHandler(8, 'Undefined index...', 'E:\\xampp\\htdocs...', 79, Array)
#1 E:\xampp\htdocs\php2killifish\php2killifish\system\View\View.php(246): include('E:\\xampp\\htdocs...')
#2 E:\xampp\htdocs\php2killifish\php2killifish\system\Common.php(1119): CodeIgniter\View\View->render('postDisplay', Array, true)
#3 E:\xampp\htdocs\php2killifish\php2killifish\app\Controllers\PostController.php(45): view('postDisplay', Array)
#4 E:\xampp\htdocs\php2killifish\php2killifish\system\CodeIgniter.php(918): App\Controllers\PostController->view('testuser')
#5 E:\xampp\htdocs\php2killifish\php2killifish\system\CodeIgniter.php(404): CodeIgniter\CodeIgniter->runController(Object(App\Controllers\PostController))
#6 E:\xampp\htdocs\php2killifish\php2killifish\system\CodeIgniter.php(312): CodeIgniter\CodeIgniter->handleRequest(NULL, Object(Config\Cache), false)
#7 E:\xampp\htdocs\php2killifish\php2killifish\public\index.php(45): CodeIgniter\CodeIgniter->run()
#8 {main}
CRITICAL - 2021-01-30 09:03:56 --> Undefined index: postAuthor
#0 E:\xampp\htdocs\php2killifish\php2killifish\app\Views\community.php(32): CodeIgniter\Debug\Exceptions->errorHandler(8, 'Undefined index...', 'E:\\xampp\\htdocs...', 32, Array)
#1 E:\xampp\htdocs\php2killifish\php2killifish\system\View\View.php(246): include('E:\\xampp\\htdocs...')
#2 E:\xampp\htdocs\php2killifish\php2killifish\system\Common.php(1119): CodeIgniter\View\View->render('community', Array, true)
#3 E:\xampp\htdocs\php2killifish\php2killifish\app\Controllers\PostController.php(20): view('community', Array)
#4 E:\xampp\htdocs\php2killifish\php2killifish\system\CodeIgniter.php(918): App\Controllers\PostController->index()
#5 E:\xampp\htdocs\php2killifish\php2killifish\system\CodeIgniter.php(404): CodeIgniter\CodeIgniter->runController(Object(App\Controllers\PostController))
#6 E:\xampp\htdocs\php2killifish\php2killifish\system\CodeIgniter.php(312): CodeIgniter\CodeIgniter->handleRequest(NULL, Object(Config\Cache), false)
#7 E:\xampp\htdocs\php2killifish\php2killifish\public\index.php(45): CodeIgniter\CodeIgniter->run()
#8 {main}
CRITICAL - 2021-01-30 09:19:18 --> file_exists() expects parameter 1 to be a valid path, array given
#0 [internal function]: CodeIgniter\Debug\Exceptions->errorHandler(2, 'file_exists() e...', 'E:\\xampp\\htdocs...', 33, Array)
#1 E:\xampp\htdocs\php2killifish\php2killifish\app\Views\community.php(33): file_exists(Array)
#2 E:\xampp\htdocs\php2killifish\php2killifish\system\View\View.php(246): include('E:\\xampp\\htdocs...')
#3 E:\xampp\htdocs\php2killifish\php2killifish\system\Common.php(1119): CodeIgniter\View\View->render('community', Array, true)
#4 E:\xampp\htdocs\php2killifish\php2killifish\app\Controllers\PostController.php(20): view('community', Array)
#5 E:\xampp\htdocs\php2killifish\php2killifish\system\CodeIgniter.php(918): App\Controllers\PostController->index()
#6 E:\xampp\htdocs\php2killifish\php2killifish\system\CodeIgniter.php(404): CodeIgniter\CodeIgniter->runController(Object(App\Controllers\PostController))
#7 E:\xampp\htdocs\php2killifish\php2killifish\system\CodeIgniter.php(312): CodeIgniter\CodeIgniter->handleRequest(NULL, Object(Config\Cache), false)
#8 E:\xampp\htdocs\php2killifish\php2killifish\public\index.php(45): CodeIgniter\CodeIgniter->run()
#9 {main}
CRITICAL - 2021-01-30 09:19:19 --> file_exists() expects parameter 1 to be a valid path, array given
#0 [internal function]: CodeIgniter\Debug\Exceptions->errorHandler(2, 'file_exists() e...', 'E:\\xampp\\htdocs...', 33, Array)
#1 E:\xampp\htdocs\php2killifish\php2killifish\app\Views\community.php(33): file_exists(Array)
#2 E:\xampp\htdocs\php2killifish\php2killifish\system\View\View.php(246): include('E:\\xampp\\htdocs...')
#3 E:\xampp\htdocs\php2killifish\php2killifish\system\Common.php(1119): CodeIgniter\View\View->render('community', Array, true)
#4 E:\xampp\htdocs\php2killifish\php2killifish\app\Controllers\PostController.php(20): view('community', Array)
#5 E:\xampp\htdocs\php2killifish\php2killifish\system\CodeIgniter.php(918): App\Controllers\PostController->index()
#6 E:\xampp\htdocs\php2killifish\php2killifish\system\CodeIgniter.php(404): CodeIgniter\CodeIgniter->runController(Object(App\Controllers\PostController))
#7 E:\xampp\htdocs\php2killifish\php2killifish\system\CodeIgniter.php(312): CodeIgniter\CodeIgniter->handleRequest(NULL, Object(Config\Cache), false)
#8 E:\xampp\htdocs\php2killifish\php2killifish\public\index.php(45): CodeIgniter\CodeIgniter->run()
#9 {main}
CRITICAL - 2021-01-30 09:19:23 --> file_exists() expects parameter 1 to be a valid path, array given
#0 [internal function]: CodeIgniter\Debug\Exceptions->errorHandler(2, 'file_exists() e...', 'E:\\xampp\\htdocs...', 33, Array)
#1 E:\xampp\htdocs\php2killifish\php2killifish\app\Views\community.php(33): file_exists(Array)
#2 E:\xampp\htdocs\php2killifish\php2killifish\system\View\View.php(246): include('E:\\xampp\\htdocs...')
#3 E:\xampp\htdocs\php2killifish\php2killifish\system\Common.php(1119): CodeIgniter\View\View->render('community', Array, true)
#4 E:\xampp\htdocs\php2killifish\php2killifish\app\Controllers\PostController.php(20): view('community', Array)
#5 E:\xampp\htdocs\php2killifish\php2killifish\system\CodeIgniter.php(918): App\Controllers\PostController->index()
#6 E:\xampp\htdocs\php2killifish\php2killifish\system\CodeIgniter.php(404): CodeIgniter\CodeIgniter->runController(Object(App\Controllers\PostController))
#7 E:\xampp\htdocs\php2killifish\php2killifish\system\CodeIgniter.php(312): CodeIgniter\CodeIgniter->handleRequest(NULL, Object(Config\Cache), false)
#8 E:\xampp\htdocs\php2killifish\php2killifish\public\index.php(45): CodeIgniter\CodeIgniter->run()
#9 {main}
CRITICAL - 2021-01-30 09:19:42 --> file_exists() expects parameter 1 to be a valid path, array given
#0 [internal function]: CodeIgniter\Debug\Exceptions->errorHandler(2, 'file_exists() e...', 'E:\\xampp\\htdocs...', 33, Array)
#1 E:\xampp\htdocs\php2killifish\php2killifish\app\Views\community.php(33): file_exists(Array)
#2 E:\xampp\htdocs\php2killifish\php2killifish\system\View\View.php(246): include('E:\\xampp\\htdocs...')
#3 E:\xampp\htdocs\php2killifish\php2killifish\system\Common.php(1119): CodeIgniter\View\View->render('community', Array, true)
#4 E:\xampp\htdocs\php2killifish\php2killifish\app\Controllers\PostController.php(20): view('community', Array)
#5 E:\xampp\htdocs\php2killifish\php2killifish\system\CodeIgniter.php(918): App\Controllers\PostController->index()
#6 E:\xampp\htdocs\php2killifish\php2killifish\system\CodeIgniter.php(404): CodeIgniter\CodeIgniter->runController(Object(App\Controllers\PostController))
#7 E:\xampp\htdocs\php2killifish\php2killifish\system\CodeIgniter.php(312): CodeIgniter\CodeIgniter->handleRequest(NULL, Object(Config\Cache), false)
#8 E:\xampp\htdocs\php2killifish\php2killifish\public\index.php(45): CodeIgniter\CodeIgniter->run()
#9 {main}
CRITICAL - 2021-01-30 09:19:44 --> file_exists() expects parameter 1 to be a valid path, array given
#0 [internal function]: CodeIgniter\Debug\Exceptions->errorHandler(2, 'file_exists() e...', 'E:\\xampp\\htdocs...', 33, Array)
#1 E:\xampp\htdocs\php2killifish\php2killifish\app\Views\community.php(33): file_exists(Array)
#2 E:\xampp\htdocs\php2killifish\php2killifish\system\View\View.php(246): include('E:\\xampp\\htdocs...')
#3 E:\xampp\htdocs\php2killifish\php2killifish\system\Common.php(1119): CodeIgniter\View\View->render('community', Array, true)
#4 E:\xampp\htdocs\php2killifish\php2killifish\app\Controllers\PostController.php(20): view('community', Array)
#5 E:\xampp\htdocs\php2killifish\php2killifish\system\CodeIgniter.php(918): App\Controllers\PostController->index()
#6 E:\xampp\htdocs\php2killifish\php2killifish\system\CodeIgniter.php(404): CodeIgniter\CodeIgniter->runController(Object(App\Controllers\PostController))
#7 E:\xampp\htdocs\php2killifish\php2killifish\system\CodeIgniter.php(312): CodeIgniter\CodeIgniter->handleRequest(NULL, Object(Config\Cache), false)
#8 E:\xampp\htdocs\php2killifish\php2killifish\public\index.php(45): CodeIgniter\CodeIgniter->run()
#9 {main}
CRITICAL - 2021-01-30 09:19:46 --> file_exists() expects parameter 1 to be a valid path, array given
#0 [internal function]: CodeIgniter\Debug\Exceptions->errorHandler(2, 'file_exists() e...', 'E:\\xampp\\htdocs...', 33, Array)
#1 E:\xampp\htdocs\php2killifish\php2killifish\app\Views\community.php(33): file_exists(Array)
#2 E:\xampp\htdocs\php2killifish\php2killifish\system\View\View.php(246): include('E:\\xampp\\htdocs...')
#3 E:\xampp\htdocs\php2killifish\php2killifish\system\Common.php(1119): CodeIgniter\View\View->render('community', Array, true)
#4 E:\xampp\htdocs\php2killifish\php2killifish\app\Controllers\PostController.php(20): view('community', Array)
#5 E:\xampp\htdocs\php2killifish\php2killifish\system\CodeIgniter.php(918): App\Controllers\PostController->index()
#6 E:\xampp\htdocs\php2killifish\php2killifish\system\CodeIgniter.php(404): CodeIgniter\CodeIgniter->runController(Object(App\Controllers\PostController))
#7 E:\xampp\htdocs\php2killifish\php2killifish\system\CodeIgniter.php(312): CodeIgniter\CodeIgniter->handleRequest(NULL, Object(Config\Cache), false)
#8 E:\xampp\htdocs\php2killifish\php2killifish\public\index.php(45): CodeIgniter\CodeIgniter->run()
#9 {main}
CRITICAL - 2021-01-30 09:19:46 --> file_exists() expects parameter 1 to be a valid path, array given
#0 [internal function]: CodeIgniter\Debug\Exceptions->errorHandler(2, 'file_exists() e...', 'E:\\xampp\\htdocs...', 33, Array)
#1 E:\xampp\htdocs\php2killifish\php2killifish\app\Views\community.php(33): file_exists(Array)
#2 E:\xampp\htdocs\php2killifish\php2killifish\system\View\View.php(246): include('E:\\xampp\\htdocs...')
#3 E:\xampp\htdocs\php2killifish\php2killifish\system\Common.php(1119): CodeIgniter\View\View->render('community', Array, true)
#4 E:\xampp\htdocs\php2killifish\php2killifish\app\Controllers\PostController.php(20): view('community', Array)
#5 E:\xampp\htdocs\php2killifish\php2killifish\system\CodeIgniter.php(918): App\Controllers\PostController->index()
#6 E:\xampp\htdocs\php2killifish\php2killifish\system\CodeIgniter.php(404): CodeIgniter\CodeIgniter->runController(Object(App\Controllers\PostController))
#7 E:\xampp\htdocs\php2killifish\php2killifish\system\CodeIgniter.php(312): CodeIgniter\CodeIgniter->handleRequest(NULL, Object(Config\Cache), false)
#8 E:\xampp\htdocs\php2killifish\php2killifish\public\index.php(45): CodeIgniter\CodeIgniter->run()
#9 {main}
CRITICAL - 2021-01-30 09:25:17 --> syntax error, unexpected 'endforeach' (T_ENDFOREACH)
#0 E:\xampp\htdocs\php2killifish\php2killifish\system\Common.php(1119): CodeIgniter\View\View->render('community', Array, true)
#1 E:\xampp\htdocs\php2killifish\php2killifish\app\Controllers\PostController.php(20): view('community', Array)
#2 E:\xampp\htdocs\php2killifish\php2killifish\system\CodeIgniter.php(918): App\Controllers\PostController->index()
#3 E:\xampp\htdocs\php2killifish\php2killifish\system\CodeIgniter.php(404): CodeIgniter\CodeIgniter->runController(Object(App\Controllers\PostController))
#4 E:\xampp\htdocs\php2killifish\php2killifish\system\CodeIgniter.php(312): CodeIgniter\CodeIgniter->handleRequest(NULL, Object(Config\Cache), false)
#5 E:\xampp\htdocs\php2killifish\php2killifish\public\index.php(45): CodeIgniter\CodeIgniter->run()
#6 {main}
CRITICAL - 2021-01-30 09:26:49 --> syntax error, unexpected 'endforeach' (T_ENDFOREACH)
#0 E:\xampp\htdocs\php2killifish\php2killifish\system\Common.php(1119): CodeIgniter\View\View->render('community', Array, true)
#1 E:\xampp\htdocs\php2killifish\php2killifish\app\Controllers\PostController.php(20): view('community', Array)
#2 E:\xampp\htdocs\php2killifish\php2killifish\system\CodeIgniter.php(918): App\Controllers\PostController->index()
#3 E:\xampp\htdocs\php2killifish\php2killifish\system\CodeIgniter.php(404): CodeIgniter\CodeIgniter->runController(Object(App\Controllers\PostController))
#4 E:\xampp\htdocs\php2killifish\php2killifish\system\CodeIgniter.php(312): CodeIgniter\CodeIgniter->handleRequest(NULL, Object(Config\Cache), false)
#5 E:\xampp\htdocs\php2killifish\php2killifish\public\index.php(45): CodeIgniter\CodeIgniter->run()
#6 {main}
CRITICAL - 2021-01-30 09:26:55 --> syntax error, unexpected 'endforeach' (T_ENDFOREACH)
#0 E:\xampp\htdocs\php2killifish\php2killifish\system\Common.php(1119): CodeIgniter\View\View->render('community', Array, true)
#1 E:\xampp\htdocs\php2killifish\php2killifish\app\Controllers\PostController.php(20): view('community', Array)
#2 E:\xampp\htdocs\php2killifish\php2killifish\system\CodeIgniter.php(918): App\Controllers\PostController->index()
#3 E:\xampp\htdocs\php2killifish\php2killifish\system\CodeIgniter.php(404): CodeIgniter\CodeIgniter->runController(Object(App\Controllers\PostController))
#4 E:\xampp\htdocs\php2killifish\php2killifish\system\CodeIgniter.php(312): CodeIgniter\CodeIgniter->handleRequest(NULL, Object(Config\Cache), false)
#5 E:\xampp\htdocs\php2killifish\php2killifish\public\index.php(45): CodeIgniter\CodeIgniter->run()
#6 {main}
CRITICAL - 2021-01-30 09:27:42 --> syntax error, unexpected 'endforeach' (T_ENDFOREACH)
#0 E:\xampp\htdocs\php2killifish\php2killifish\system\Common.php(1119): CodeIgniter\View\View->render('community', Array, true)
#1 E:\xampp\htdocs\php2killifish\php2killifish\app\Controllers\PostController.php(20): view('community', Array)
#2 E:\xampp\htdocs\php2killifish\php2killifish\system\CodeIgniter.php(918): App\Controllers\PostController->index()
#3 E:\xampp\htdocs\php2killifish\php2killifish\system\CodeIgniter.php(404): CodeIgniter\CodeIgniter->runController(Object(App\Controllers\PostController))
#4 E:\xampp\htdocs\php2killifish\php2killifish\system\CodeIgniter.php(312): CodeIgniter\CodeIgniter->handleRequest(NULL, Object(Config\Cache), false)
#5 E:\xampp\htdocs\php2killifish\php2killifish\public\index.php(45): CodeIgniter\CodeIgniter->run()
#6 {main}
CRITICAL - 2021-01-30 09:27:46 --> syntax error, unexpected 'endforeach' (T_ENDFOREACH)
#0 E:\xampp\htdocs\php2killifish\php2killifish\system\Common.php(1119): CodeIgniter\View\View->render('community', Array, true)
#1 E:\xampp\htdocs\php2killifish\php2killifish\app\Controllers\PostController.php(20): view('community', Array)
#2 E:\xampp\htdocs\php2killifish\php2killifish\system\CodeIgniter.php(918): App\Controllers\PostController->index()
#3 E:\xampp\htdocs\php2killifish\php2killifish\system\CodeIgniter.php(404): CodeIgniter\CodeIgniter->runController(Object(App\Controllers\PostController))
#4 E:\xampp\htdocs\php2killifish\php2killifish\system\CodeIgniter.php(312): CodeIgniter\CodeIgniter->handleRequest(NULL, Object(Config\Cache), false)
#5 E:\xampp\htdocs\php2killifish\php2killifish\public\index.php(45): CodeIgniter\CodeIgniter->run()
#6 {main}
