CRITICAL - 2021-01-16 05:04:20 --> Call to undefined method CodeIgniter\View\View::select()
#0 E:\xampp\htdocs\php2killifish\php2killifish\system\View\View.php(246): include()
#1 E:\xampp\htdocs\php2killifish\php2killifish\system\Common.php(1119): CodeIgniter\View\View->render('updates', Array, true)
#2 E:\xampp\htdocs\php2killifish\php2killifish\app\Controllers\UpdateController.php(16): view('updates', Array)
#3 E:\xampp\htdocs\php2killifish\php2killifish\system\CodeIgniter.php(918): App\Controllers\UpdateController->index()
#4 E:\xampp\htdocs\php2killifish\php2killifish\system\CodeIgniter.php(404): CodeIgniter\CodeIgniter->runController(Object(App\Controllers\UpdateController))
#5 E:\xampp\htdocs\php2killifish\php2killifish\system\CodeIgniter.php(312): CodeIgniter\CodeIgniter->handleRequest(NULL, Object(Config\Cache), false)
#6 E:\xampp\htdocs\php2killifish\php2killifish\public\index.php(45): CodeIgniter\CodeIgniter->run()
#7 {main}
CRITICAL - 2021-01-16 05:04:27 --> Call to undefined method CodeIgniter\View\View::select()
#0 E:\xampp\htdocs\php2killifish\php2killifish\system\View\View.php(246): include()
#1 E:\xampp\htdocs\php2killifish\php2killifish\system\Common.php(1119): CodeIgniter\View\View->render('updates', Array, true)
#2 E:\xampp\htdocs\php2killifish\php2killifish\app\Controllers\UpdateController.php(16): view('updates', Array)
#3 E:\xampp\htdocs\php2killifish\php2killifish\system\CodeIgniter.php(918): App\Controllers\UpdateController->index()
#4 E:\xampp\htdocs\php2killifish\php2killifish\system\CodeIgniter.php(404): CodeIgniter\CodeIgniter->runController(Object(App\Controllers\UpdateController))
#5 E:\xampp\htdocs\php2killifish\php2killifish\system\CodeIgniter.php(312): CodeIgniter\CodeIgniter->handleRequest(NULL, Object(Config\Cache), false)
#6 E:\xampp\htdocs\php2killifish\php2killifish\public\index.php(45): CodeIgniter\CodeIgniter->run()
#7 {main}
CRITICAL - 2021-01-16 05:10:36 --> Undefined variable: news_item
#0 E:\xampp\htdocs\php2killifish\php2killifish\app\Views\updates.php(16): CodeIgniter\Debug\Exceptions->errorHandler(8, 'Undefined varia...', 'E:\\xampp\\htdocs...', 16, Array)
#1 E:\xampp\htdocs\php2killifish\php2killifish\system\View\View.php(246): include('E:\\xampp\\htdocs...')
#2 E:\xampp\htdocs\php2killifish\php2killifish\system\Common.php(1119): CodeIgniter\View\View->render('updates', Array, true)
#3 E:\xampp\htdocs\php2killifish\php2killifish\app\Controllers\UpdateController.php(16): view('updates', Array)
#4 E:\xampp\htdocs\php2killifish\php2killifish\system\CodeIgniter.php(918): App\Controllers\UpdateController->index()
#5 E:\xampp\htdocs\php2killifish\php2killifish\system\CodeIgniter.php(404): CodeIgniter\CodeIgniter->runController(Object(App\Controllers\UpdateController))
#6 E:\xampp\htdocs\php2killifish\php2killifish\system\CodeIgniter.php(312): CodeIgniter\CodeIgniter->handleRequest(NULL, Object(Config\Cache), false)
#7 E:\xampp\htdocs\php2killifish\php2killifish\public\index.php(45): CodeIgniter\CodeIgniter->run()
#8 {main}
CRITICAL - 2021-01-16 05:10:42 --> Undefined variable: news_item
#0 E:\xampp\htdocs\php2killifish\php2killifish\app\Views\updates.php(16): CodeIgniter\Debug\Exceptions->errorHandler(8, 'Undefined varia...', 'E:\\xampp\\htdocs...', 16, Array)
#1 E:\xampp\htdocs\php2killifish\php2killifish\system\View\View.php(246): include('E:\\xampp\\htdocs...')
#2 E:\xampp\htdocs\php2killifish\php2killifish\system\Common.php(1119): CodeIgniter\View\View->render('updates', Array, true)
#3 E:\xampp\htdocs\php2killifish\php2killifish\app\Controllers\UpdateController.php(16): view('updates', Array)
#4 E:\xampp\htdocs\php2killifish\php2killifish\system\CodeIgniter.php(918): App\Controllers\UpdateController->index()
#5 E:\xampp\htdocs\php2killifish\php2killifish\system\CodeIgniter.php(404): CodeIgniter\CodeIgniter->runController(Object(App\Controllers\UpdateController))
#6 E:\xampp\htdocs\php2killifish\php2killifish\system\CodeIgniter.php(312): CodeIgniter\CodeIgniter->handleRequest(NULL, Object(Config\Cache), false)
#7 E:\xampp\htdocs\php2killifish\php2killifish\public\index.php(45): CodeIgniter\CodeIgniter->run()
#8 {main}
CRITICAL - 2021-01-16 05:15:38 --> end() expects parameter 1 to be array, null given
#0 [internal function]: CodeIgniter\Debug\Exceptions->errorHandler(2, 'end() expects p...', 'E:\\xampp\\htdocs...', 17, Array)
#1 E:\xampp\htdocs\php2killifish\php2killifish\app\Views\updates.php(17): end(NULL)
#2 E:\xampp\htdocs\php2killifish\php2killifish\system\View\View.php(246): include('E:\\xampp\\htdocs...')
#3 E:\xampp\htdocs\php2killifish\php2killifish\system\Common.php(1119): CodeIgniter\View\View->render('updates', Array, true)
#4 E:\xampp\htdocs\php2killifish\php2killifish\app\Controllers\UpdateController.php(16): view('updates', Array)
#5 E:\xampp\htdocs\php2killifish\php2killifish\system\CodeIgniter.php(918): App\Controllers\UpdateController->index()
#6 E:\xampp\htdocs\php2killifish\php2killifish\system\CodeIgniter.php(404): CodeIgniter\CodeIgniter->runController(Object(App\Controllers\UpdateController))
#7 E:\xampp\htdocs\php2killifish\php2killifish\system\CodeIgniter.php(312): CodeIgniter\CodeIgniter->handleRequest(NULL, Object(Config\Cache), false)
#8 E:\xampp\htdocs\php2killifish\php2killifish\public\index.php(45): CodeIgniter\CodeIgniter->run()
#9 {main}
CRITICAL - 2021-01-16 05:15:41 --> end() expects parameter 1 to be array, null given
#0 [internal function]: CodeIgniter\Debug\Exceptions->errorHandler(2, 'end() expects p...', 'E:\\xampp\\htdocs...', 17, Array)
#1 E:\xampp\htdocs\php2killifish\php2killifish\app\Views\updates.php(17): end(NULL)
#2 E:\xampp\htdocs\php2killifish\php2killifish\system\View\View.php(246): include('E:\\xampp\\htdocs...')
#3 E:\xampp\htdocs\php2killifish\php2killifish\system\Common.php(1119): CodeIgniter\View\View->render('updates', Array, true)
#4 E:\xampp\htdocs\php2killifish\php2killifish\app\Controllers\UpdateController.php(16): view('updates', Array)
#5 E:\xampp\htdocs\php2killifish\php2killifish\system\CodeIgniter.php(918): App\Controllers\UpdateController->index()
#6 E:\xampp\htdocs\php2killifish\php2killifish\system\CodeIgniter.php(404): CodeIgniter\CodeIgniter->runController(Object(App\Controllers\UpdateController))
#7 E:\xampp\htdocs\php2killifish\php2killifish\system\CodeIgniter.php(312): CodeIgniter\CodeIgniter->handleRequest(NULL, Object(Config\Cache), false)
#8 E:\xampp\htdocs\php2killifish\php2killifish\public\index.php(45): CodeIgniter\CodeIgniter->run()
#9 {main}
CRITICAL - 2021-01-16 05:15:54 --> end() expects parameter 1 to be array, null given
#0 [internal function]: CodeIgniter\Debug\Exceptions->errorHandler(2, 'end() expects p...', 'E:\\xampp\\htdocs...', 17, Array)
#1 E:\xampp\htdocs\php2killifish\php2killifish\app\Views\updates.php(17): end(NULL)
#2 E:\xampp\htdocs\php2killifish\php2killifish\system\View\View.php(246): include('E:\\xampp\\htdocs...')
#3 E:\xampp\htdocs\php2killifish\php2killifish\system\Common.php(1119): CodeIgniter\View\View->render('updates', Array, true)
#4 E:\xampp\htdocs\php2killifish\php2killifish\app\Controllers\UpdateController.php(16): view('updates', Array)
#5 E:\xampp\htdocs\php2killifish\php2killifish\system\CodeIgniter.php(918): App\Controllers\UpdateController->index()
#6 E:\xampp\htdocs\php2killifish\php2killifish\system\CodeIgniter.php(404): CodeIgniter\CodeIgniter->runController(Object(App\Controllers\UpdateController))
#7 E:\xampp\htdocs\php2killifish\php2killifish\system\CodeIgniter.php(312): CodeIgniter\CodeIgniter->handleRequest(NULL, Object(Config\Cache), false)
#8 E:\xampp\htdocs\php2killifish\php2killifish\public\index.php(45): CodeIgniter\CodeIgniter->run()
#9 {main}
CRITICAL - 2021-01-16 05:15:57 --> end() expects parameter 1 to be array, null given
#0 [internal function]: CodeIgniter\Debug\Exceptions->errorHandler(2, 'end() expects p...', 'E:\\xampp\\htdocs...', 17, Array)
#1 E:\xampp\htdocs\php2killifish\php2killifish\app\Views\updates.php(17): end(NULL)
#2 E:\xampp\htdocs\php2killifish\php2killifish\system\View\View.php(246): include('E:\\xampp\\htdocs...')
#3 E:\xampp\htdocs\php2killifish\php2killifish\system\Common.php(1119): CodeIgniter\View\View->render('updates', Array, true)
#4 E:\xampp\htdocs\php2killifish\php2killifish\app\Controllers\UpdateController.php(16): view('updates', Array)
#5 E:\xampp\htdocs\php2killifish\php2killifish\system\CodeIgniter.php(918): App\Controllers\UpdateController->index()
#6 E:\xampp\htdocs\php2killifish\php2killifish\system\CodeIgniter.php(404): CodeIgniter\CodeIgniter->runController(Object(App\Controllers\UpdateController))
#7 E:\xampp\htdocs\php2killifish\php2killifish\system\CodeIgniter.php(312): CodeIgniter\CodeIgniter->handleRequest(NULL, Object(Config\Cache), false)
#8 E:\xampp\htdocs\php2killifish\php2killifish\public\index.php(45): CodeIgniter\CodeIgniter->run()
#9 {main}
CRITICAL - 2021-01-16 05:15:57 --> end() expects parameter 1 to be array, null given
#0 [internal function]: CodeIgniter\Debug\Exceptions->errorHandler(2, 'end() expects p...', 'E:\\xampp\\htdocs...', 17, Array)
#1 E:\xampp\htdocs\php2killifish\php2killifish\app\Views\updates.php(17): end(NULL)
#2 E:\xampp\htdocs\php2killifish\php2killifish\system\View\View.php(246): include('E:\\xampp\\htdocs...')
#3 E:\xampp\htdocs\php2killifish\php2killifish\system\Common.php(1119): CodeIgniter\View\View->render('updates', Array, true)
#4 E:\xampp\htdocs\php2killifish\php2killifish\app\Controllers\UpdateController.php(16): view('updates', Array)
#5 E:\xampp\htdocs\php2killifish\php2killifish\system\CodeIgniter.php(918): App\Controllers\UpdateController->index()
#6 E:\xampp\htdocs\php2killifish\php2killifish\system\CodeIgniter.php(404): CodeIgniter\CodeIgniter->runController(Object(App\Controllers\UpdateController))
#7 E:\xampp\htdocs\php2killifish\php2killifish\system\CodeIgniter.php(312): CodeIgniter\CodeIgniter->handleRequest(NULL, Object(Config\Cache), false)
#8 E:\xampp\htdocs\php2killifish\php2killifish\public\index.php(45): CodeIgniter\CodeIgniter->run()
#9 {main}
CRITICAL - 2021-01-16 05:15:58 --> end() expects parameter 1 to be array, null given
#0 [internal function]: CodeIgniter\Debug\Exceptions->errorHandler(2, 'end() expects p...', 'E:\\xampp\\htdocs...', 17, Array)
#1 E:\xampp\htdocs\php2killifish\php2killifish\app\Views\updates.php(17): end(NULL)
#2 E:\xampp\htdocs\php2killifish\php2killifish\system\View\View.php(246): include('E:\\xampp\\htdocs...')
#3 E:\xampp\htdocs\php2killifish\php2killifish\system\Common.php(1119): CodeIgniter\View\View->render('updates', Array, true)
#4 E:\xampp\htdocs\php2killifish\php2killifish\app\Controllers\UpdateController.php(16): view('updates', Array)
#5 E:\xampp\htdocs\php2killifish\php2killifish\system\CodeIgniter.php(918): App\Controllers\UpdateController->index()
#6 E:\xampp\htdocs\php2killifish\php2killifish\system\CodeIgniter.php(404): CodeIgniter\CodeIgniter->runController(Object(App\Controllers\UpdateController))
#7 E:\xampp\htdocs\php2killifish\php2killifish\system\CodeIgniter.php(312): CodeIgniter\CodeIgniter->handleRequest(NULL, Object(Config\Cache), false)
#8 E:\xampp\htdocs\php2killifish\php2killifish\public\index.php(45): CodeIgniter\CodeIgniter->run()
#9 {main}
CRITICAL - 2021-01-16 05:16:15 --> end() expects parameter 1 to be array, null given
#0 [internal function]: CodeIgniter\Debug\Exceptions->errorHandler(2, 'end() expects p...', 'E:\\xampp\\htdocs...', 17, Array)
#1 E:\xampp\htdocs\php2killifish\php2killifish\app\Views\updates.php(17): end(NULL)
#2 E:\xampp\htdocs\php2killifish\php2killifish\system\View\View.php(246): include('E:\\xampp\\htdocs...')
#3 E:\xampp\htdocs\php2killifish\php2killifish\system\Common.php(1119): CodeIgniter\View\View->render('updates', Array, true)
#4 E:\xampp\htdocs\php2killifish\php2killifish\app\Controllers\UpdateController.php(16): view('updates', Array)
#5 E:\xampp\htdocs\php2killifish\php2killifish\system\CodeIgniter.php(918): App\Controllers\UpdateController->index()
#6 E:\xampp\htdocs\php2killifish\php2killifish\system\CodeIgniter.php(404): CodeIgniter\CodeIgniter->runController(Object(App\Controllers\UpdateController))
#7 E:\xampp\htdocs\php2killifish\php2killifish\system\CodeIgniter.php(312): CodeIgniter\CodeIgniter->handleRequest(NULL, Object(Config\Cache), false)
#8 E:\xampp\htdocs\php2killifish\php2killifish\public\index.php(45): CodeIgniter\CodeIgniter->run()
#9 {main}
CRITICAL - 2021-01-16 05:16:52 --> end() expects parameter 1 to be array, null given
#0 [internal function]: CodeIgniter\Debug\Exceptions->errorHandler(2, 'end() expects p...', 'E:\\xampp\\htdocs...', 17, Array)
#1 E:\xampp\htdocs\php2killifish\php2killifish\app\Views\updates.php(17): end(NULL)
#2 E:\xampp\htdocs\php2killifish\php2killifish\system\View\View.php(246): include('E:\\xampp\\htdocs...')
#3 E:\xampp\htdocs\php2killifish\php2killifish\system\Common.php(1119): CodeIgniter\View\View->render('updates', Array, true)
#4 E:\xampp\htdocs\php2killifish\php2killifish\app\Controllers\UpdateController.php(16): view('updates', Array)
#5 E:\xampp\htdocs\php2killifish\php2killifish\system\CodeIgniter.php(918): App\Controllers\UpdateController->index()
#6 E:\xampp\htdocs\php2killifish\php2killifish\system\CodeIgniter.php(404): CodeIgniter\CodeIgniter->runController(Object(App\Controllers\UpdateController))
#7 E:\xampp\htdocs\php2killifish\php2killifish\system\CodeIgniter.php(312): CodeIgniter\CodeIgniter->handleRequest(NULL, Object(Config\Cache), false)
#8 E:\xampp\htdocs\php2killifish\php2killifish\public\index.php(45): CodeIgniter\CodeIgniter->run()
#9 {main}
CRITICAL - 2021-01-16 05:16:55 --> Undefined variable: news_item
#0 E:\xampp\htdocs\php2killifish\php2killifish\app\Views\updates.php(20): CodeIgniter\Debug\Exceptions->errorHandler(8, 'Undefined varia...', 'E:\\xampp\\htdocs...', 20, Array)
#1 E:\xampp\htdocs\php2killifish\php2killifish\system\View\View.php(246): include('E:\\xampp\\htdocs...')
#2 E:\xampp\htdocs\php2killifish\php2killifish\system\Common.php(1119): CodeIgniter\View\View->render('updates', Array, true)
#3 E:\xampp\htdocs\php2killifish\php2killifish\app\Controllers\UpdateController.php(16): view('updates', Array)
#4 E:\xampp\htdocs\php2killifish\php2killifish\system\CodeIgniter.php(918): App\Controllers\UpdateController->index()
#5 E:\xampp\htdocs\php2killifish\php2killifish\system\CodeIgniter.php(404): CodeIgniter\CodeIgniter->runController(Object(App\Controllers\UpdateController))
#6 E:\xampp\htdocs\php2killifish\php2killifish\system\CodeIgniter.php(312): CodeIgniter\CodeIgniter->handleRequest(NULL, Object(Config\Cache), false)
#7 E:\xampp\htdocs\php2killifish\php2killifish\public\index.php(45): CodeIgniter\CodeIgniter->run()
#8 {main}
CRITICAL - 2021-01-16 05:16:56 --> Undefined variable: news_item
#0 E:\xampp\htdocs\php2killifish\php2killifish\app\Views\updates.php(20): CodeIgniter\Debug\Exceptions->errorHandler(8, 'Undefined varia...', 'E:\\xampp\\htdocs...', 20, Array)
#1 E:\xampp\htdocs\php2killifish\php2killifish\system\View\View.php(246): include('E:\\xampp\\htdocs...')
#2 E:\xampp\htdocs\php2killifish\php2killifish\system\Common.php(1119): CodeIgniter\View\View->render('updates', Array, true)
#3 E:\xampp\htdocs\php2killifish\php2killifish\app\Controllers\UpdateController.php(16): view('updates', Array)
#4 E:\xampp\htdocs\php2killifish\php2killifish\system\CodeIgniter.php(918): App\Controllers\UpdateController->index()
#5 E:\xampp\htdocs\php2killifish\php2killifish\system\CodeIgniter.php(404): CodeIgniter\CodeIgniter->runController(Object(App\Controllers\UpdateController))
#6 E:\xampp\htdocs\php2killifish\php2killifish\system\CodeIgniter.php(312): CodeIgniter\CodeIgniter->handleRequest(NULL, Object(Config\Cache), false)
#7 E:\xampp\htdocs\php2killifish\php2killifish\public\index.php(45): CodeIgniter\CodeIgniter->run()
#8 {main}
CRITICAL - 2021-01-16 05:17:14 --> Undefined variable: news_item
#0 E:\xampp\htdocs\php2killifish\php2killifish\app\Views\updates.php(22): CodeIgniter\Debug\Exceptions->errorHandler(8, 'Undefined varia...', 'E:\\xampp\\htdocs...', 22, Array)
#1 E:\xampp\htdocs\php2killifish\php2killifish\system\View\View.php(246): include('E:\\xampp\\htdocs...')
#2 E:\xampp\htdocs\php2killifish\php2killifish\system\Common.php(1119): CodeIgniter\View\View->render('updates', Array, true)
#3 E:\xampp\htdocs\php2killifish\php2killifish\app\Controllers\UpdateController.php(16): view('updates', Array)
#4 E:\xampp\htdocs\php2killifish\php2killifish\system\CodeIgniter.php(918): App\Controllers\UpdateController->index()
#5 E:\xampp\htdocs\php2killifish\php2killifish\system\CodeIgniter.php(404): CodeIgniter\CodeIgniter->runController(Object(App\Controllers\UpdateController))
#6 E:\xampp\htdocs\php2killifish\php2killifish\system\CodeIgniter.php(312): CodeIgniter\CodeIgniter->handleRequest(NULL, Object(Config\Cache), false)
#7 E:\xampp\htdocs\php2killifish\php2killifish\public\index.php(45): CodeIgniter\CodeIgniter->run()
#8 {main}
CRITICAL - 2021-01-16 05:26:03 --> Call to undefined function first()
#0 E:\xampp\htdocs\php2killifish\php2killifish\system\View\View.php(246): include()
#1 E:\xampp\htdocs\php2killifish\php2killifish\system\Common.php(1119): CodeIgniter\View\View->render('updates', Array, true)
#2 E:\xampp\htdocs\php2killifish\php2killifish\app\Controllers\UpdateController.php(16): view('updates', Array)
#3 E:\xampp\htdocs\php2killifish\php2killifish\system\CodeIgniter.php(918): App\Controllers\UpdateController->index()
#4 E:\xampp\htdocs\php2killifish\php2killifish\system\CodeIgniter.php(404): CodeIgniter\CodeIgniter->runController(Object(App\Controllers\UpdateController))
#5 E:\xampp\htdocs\php2killifish\php2killifish\system\CodeIgniter.php(312): CodeIgniter\CodeIgniter->handleRequest(NULL, Object(Config\Cache), false)
#6 E:\xampp\htdocs\php2killifish\php2killifish\public\index.php(45): CodeIgniter\CodeIgniter->run()
#7 {main}
CRITICAL - 2021-01-16 05:26:10 --> Call to undefined function first()
#0 E:\xampp\htdocs\php2killifish\php2killifish\system\View\View.php(246): include()
#1 E:\xampp\htdocs\php2killifish\php2killifish\system\Common.php(1119): CodeIgniter\View\View->render('updates', Array, true)
#2 E:\xampp\htdocs\php2killifish\php2killifish\app\Controllers\UpdateController.php(16): view('updates', Array)
#3 E:\xampp\htdocs\php2killifish\php2killifish\system\CodeIgniter.php(918): App\Controllers\UpdateController->index()
#4 E:\xampp\htdocs\php2killifish\php2killifish\system\CodeIgniter.php(404): CodeIgniter\CodeIgniter->runController(Object(App\Controllers\UpdateController))
#5 E:\xampp\htdocs\php2killifish\php2killifish\system\CodeIgniter.php(312): CodeIgniter\CodeIgniter->handleRequest(NULL, Object(Config\Cache), false)
#6 E:\xampp\htdocs\php2killifish\php2killifish\public\index.php(45): CodeIgniter\CodeIgniter->run()
#7 {main}
CRITICAL - 2021-01-16 05:26:12 --> Call to undefined function first()
#0 E:\xampp\htdocs\php2killifish\php2killifish\system\View\View.php(246): include()
#1 E:\xampp\htdocs\php2killifish\php2killifish\system\Common.php(1119): CodeIgniter\View\View->render('updates', Array, true)
#2 E:\xampp\htdocs\php2killifish\php2killifish\app\Controllers\UpdateController.php(16): view('updates', Array)
#3 E:\xampp\htdocs\php2killifish\php2killifish\system\CodeIgniter.php(918): App\Controllers\UpdateController->index()
#4 E:\xampp\htdocs\php2killifish\php2killifish\system\CodeIgniter.php(404): CodeIgniter\CodeIgniter->runController(Object(App\Controllers\UpdateController))
#5 E:\xampp\htdocs\php2killifish\php2killifish\system\CodeIgniter.php(312): CodeIgniter\CodeIgniter->handleRequest(NULL, Object(Config\Cache), false)
#6 E:\xampp\htdocs\php2killifish\php2killifish\public\index.php(45): CodeIgniter\CodeIgniter->run()
#7 {main}
CRITICAL - 2021-01-16 05:26:26 --> Call to undefined function first()
#0 E:\xampp\htdocs\php2killifish\php2killifish\system\View\View.php(246): include()
#1 E:\xampp\htdocs\php2killifish\php2killifish\system\Common.php(1119): CodeIgniter\View\View->render('updates', Array, true)
#2 E:\xampp\htdocs\php2killifish\php2killifish\app\Controllers\UpdateController.php(16): view('updates', Array)
#3 E:\xampp\htdocs\php2killifish\php2killifish\system\CodeIgniter.php(918): App\Controllers\UpdateController->index()
#4 E:\xampp\htdocs\php2killifish\php2killifish\system\CodeIgniter.php(404): CodeIgniter\CodeIgniter->runController(Object(App\Controllers\UpdateController))
#5 E:\xampp\htdocs\php2killifish\php2killifish\system\CodeIgniter.php(312): CodeIgniter\CodeIgniter->handleRequest(NULL, Object(Config\Cache), false)
#6 E:\xampp\htdocs\php2killifish\php2killifish\public\index.php(45): CodeIgniter\CodeIgniter->run()
#7 {main}
CRITICAL - 2021-01-16 05:26:27 --> Call to undefined function first()
#0 E:\xampp\htdocs\php2killifish\php2killifish\system\View\View.php(246): include()
#1 E:\xampp\htdocs\php2killifish\php2killifish\system\Common.php(1119): CodeIgniter\View\View->render('updates', Array, true)
#2 E:\xampp\htdocs\php2killifish\php2killifish\app\Controllers\UpdateController.php(16): view('updates', Array)
#3 E:\xampp\htdocs\php2killifish\php2killifish\system\CodeIgniter.php(918): App\Controllers\UpdateController->index()
#4 E:\xampp\htdocs\php2killifish\php2killifish\system\CodeIgniter.php(404): CodeIgniter\CodeIgniter->runController(Object(App\Controllers\UpdateController))
#5 E:\xampp\htdocs\php2killifish\php2killifish\system\CodeIgniter.php(312): CodeIgniter\CodeIgniter->handleRequest(NULL, Object(Config\Cache), false)
#6 E:\xampp\htdocs\php2killifish\php2killifish\public\index.php(45): CodeIgniter\CodeIgniter->run()
#7 {main}
CRITICAL - 2021-01-16 05:26:27 --> Call to undefined function first()
#0 E:\xampp\htdocs\php2killifish\php2killifish\system\View\View.php(246): include()
#1 E:\xampp\htdocs\php2killifish\php2killifish\system\Common.php(1119): CodeIgniter\View\View->render('updates', Array, true)
#2 E:\xampp\htdocs\php2killifish\php2killifish\app\Controllers\UpdateController.php(16): view('updates', Array)
#3 E:\xampp\htdocs\php2killifish\php2killifish\system\CodeIgniter.php(918): App\Controllers\UpdateController->index()
#4 E:\xampp\htdocs\php2killifish\php2killifish\system\CodeIgniter.php(404): CodeIgniter\CodeIgniter->runController(Object(App\Controllers\UpdateController))
#5 E:\xampp\htdocs\php2killifish\php2killifish\system\CodeIgniter.php(312): CodeIgniter\CodeIgniter->handleRequest(NULL, Object(Config\Cache), false)
#6 E:\xampp\htdocs\php2killifish\php2killifish\public\index.php(45): CodeIgniter\CodeIgniter->run()
#7 {main}
CRITICAL - 2021-01-16 05:26:28 --> Call to undefined function first()
#0 E:\xampp\htdocs\php2killifish\php2killifish\system\View\View.php(246): include()
#1 E:\xampp\htdocs\php2killifish\php2killifish\system\Common.php(1119): CodeIgniter\View\View->render('updates', Array, true)
#2 E:\xampp\htdocs\php2killifish\php2killifish\app\Controllers\UpdateController.php(16): view('updates', Array)
#3 E:\xampp\htdocs\php2killifish\php2killifish\system\CodeIgniter.php(918): App\Controllers\UpdateController->index()
#4 E:\xampp\htdocs\php2killifish\php2killifish\system\CodeIgniter.php(404): CodeIgniter\CodeIgniter->runController(Object(App\Controllers\UpdateController))
#5 E:\xampp\htdocs\php2killifish\php2killifish\system\CodeIgniter.php(312): CodeIgniter\CodeIgniter->handleRequest(NULL, Object(Config\Cache), false)
#6 E:\xampp\htdocs\php2killifish\php2killifish\public\index.php(45): CodeIgniter\CodeIgniter->run()
#7 {main}
CRITICAL - 2021-01-16 05:26:29 --> Call to undefined function first()
#0 E:\xampp\htdocs\php2killifish\php2killifish\system\View\View.php(246): include()
#1 E:\xampp\htdocs\php2killifish\php2killifish\system\Common.php(1119): CodeIgniter\View\View->render('updates', Array, true)
#2 E:\xampp\htdocs\php2killifish\php2killifish\app\Controllers\UpdateController.php(16): view('updates', Array)
#3 E:\xampp\htdocs\php2killifish\php2killifish\system\CodeIgniter.php(918): App\Controllers\UpdateController->index()
#4 E:\xampp\htdocs\php2killifish\php2killifish\system\CodeIgniter.php(404): CodeIgniter\CodeIgniter->runController(Object(App\Controllers\UpdateController))
#5 E:\xampp\htdocs\php2killifish\php2killifish\system\CodeIgniter.php(312): CodeIgniter\CodeIgniter->handleRequest(NULL, Object(Config\Cache), false)
#6 E:\xampp\htdocs\php2killifish\php2killifish\public\index.php(45): CodeIgniter\CodeIgniter->run()
#7 {main}
CRITICAL - 2021-01-16 05:26:47 --> Call to undefined function first()
#0 E:\xampp\htdocs\php2killifish\php2killifish\system\View\View.php(246): include()
#1 E:\xampp\htdocs\php2killifish\php2killifish\system\Common.php(1119): CodeIgniter\View\View->render('updates', Array, true)
#2 E:\xampp\htdocs\php2killifish\php2killifish\app\Controllers\UpdateController.php(16): view('updates', Array)
#3 E:\xampp\htdocs\php2killifish\php2killifish\system\CodeIgniter.php(918): App\Controllers\UpdateController->index()
#4 E:\xampp\htdocs\php2killifish\php2killifish\system\CodeIgniter.php(404): CodeIgniter\CodeIgniter->runController(Object(App\Controllers\UpdateController))
#5 E:\xampp\htdocs\php2killifish\php2killifish\system\CodeIgniter.php(312): CodeIgniter\CodeIgniter->handleRequest(NULL, Object(Config\Cache), false)
#6 E:\xampp\htdocs\php2killifish\php2killifish\public\index.php(45): CodeIgniter\CodeIgniter->run()
#7 {main}
CRITICAL - 2021-01-16 05:30:37 --> Undefined offset: 1
#0 E:\xampp\htdocs\php2killifish\php2killifish\app\Views\updates.php(34): CodeIgniter\Debug\Exceptions->errorHandler(8, 'Undefined offse...', 'E:\\xampp\\htdocs...', 34, Array)
#1 E:\xampp\htdocs\php2killifish\php2killifish\system\View\View.php(246): include('E:\\xampp\\htdocs...')
#2 E:\xampp\htdocs\php2killifish\php2killifish\system\Common.php(1119): CodeIgniter\View\View->render('updates', Array, true)
#3 E:\xampp\htdocs\php2killifish\php2killifish\app\Controllers\UpdateController.php(16): view('updates', Array)
#4 E:\xampp\htdocs\php2killifish\php2killifish\system\CodeIgniter.php(918): App\Controllers\UpdateController->index()
#5 E:\xampp\htdocs\php2killifish\php2killifish\system\CodeIgniter.php(404): CodeIgniter\CodeIgniter->runController(Object(App\Controllers\UpdateController))
#6 E:\xampp\htdocs\php2killifish\php2killifish\system\CodeIgniter.php(312): CodeIgniter\CodeIgniter->handleRequest(NULL, Object(Config\Cache), false)
#7 E:\xampp\htdocs\php2killifish\php2killifish\public\index.php(45): CodeIgniter\CodeIgniter->run()
#8 {main}
CRITICAL - 2021-01-16 05:30:43 --> Undefined offset: 0
#0 E:\xampp\htdocs\php2killifish\php2killifish\app\Views\updates.php(34): CodeIgniter\Debug\Exceptions->errorHandler(8, 'Undefined offse...', 'E:\\xampp\\htdocs...', 34, Array)
#1 E:\xampp\htdocs\php2killifish\php2killifish\system\View\View.php(246): include('E:\\xampp\\htdocs...')
#2 E:\xampp\htdocs\php2killifish\php2killifish\system\Common.php(1119): CodeIgniter\View\View->render('updates', Array, true)
#3 E:\xampp\htdocs\php2killifish\php2killifish\app\Controllers\UpdateController.php(16): view('updates', Array)
#4 E:\xampp\htdocs\php2killifish\php2killifish\system\CodeIgniter.php(918): App\Controllers\UpdateController->index()
#5 E:\xampp\htdocs\php2killifish\php2killifish\system\CodeIgniter.php(404): CodeIgniter\CodeIgniter->runController(Object(App\Controllers\UpdateController))
#6 E:\xampp\htdocs\php2killifish\php2killifish\system\CodeIgniter.php(312): CodeIgniter\CodeIgniter->handleRequest(NULL, Object(Config\Cache), false)
#7 E:\xampp\htdocs\php2killifish\php2killifish\public\index.php(45): CodeIgniter\CodeIgniter->run()
#8 {main}
CRITICAL - 2021-01-16 05:32:54 --> syntax error, unexpected ')'
#0 E:\xampp\htdocs\php2killifish\php2killifish\system\Common.php(1119): CodeIgniter\View\View->render('updates', Array, true)
#1 E:\xampp\htdocs\php2killifish\php2killifish\app\Controllers\UpdateController.php(16): view('updates', Array)
#2 E:\xampp\htdocs\php2killifish\php2killifish\system\CodeIgniter.php(918): App\Controllers\UpdateController->index()
#3 E:\xampp\htdocs\php2killifish\php2killifish\system\CodeIgniter.php(404): CodeIgniter\CodeIgniter->runController(Object(App\Controllers\UpdateController))
#4 E:\xampp\htdocs\php2killifish\php2killifish\system\CodeIgniter.php(312): CodeIgniter\CodeIgniter->handleRequest(NULL, Object(Config\Cache), false)
#5 E:\xampp\htdocs\php2killifish\php2killifish\public\index.php(45): CodeIgniter\CodeIgniter->run()
#6 {main}
CRITICAL - 2021-01-16 05:37:37 --> Undefined offset: 0
#0 E:\xampp\htdocs\php2killifish\php2killifish\app\Views\updates.php(34): CodeIgniter\Debug\Exceptions->errorHandler(8, 'Undefined offse...', 'E:\\xampp\\htdocs...', 34, Array)
#1 E:\xampp\htdocs\php2killifish\php2killifish\system\View\View.php(246): include('E:\\xampp\\htdocs...')
#2 E:\xampp\htdocs\php2killifish\php2killifish\system\Common.php(1119): CodeIgniter\View\View->render('updates', Array, true)
#3 E:\xampp\htdocs\php2killifish\php2killifish\app\Controllers\UpdateController.php(16): view('updates', Array)
#4 E:\xampp\htdocs\php2killifish\php2killifish\system\CodeIgniter.php(918): App\Controllers\UpdateController->index()
#5 E:\xampp\htdocs\php2killifish\php2killifish\system\CodeIgniter.php(404): CodeIgniter\CodeIgniter->runController(Object(App\Controllers\UpdateController))
#6 E:\xampp\htdocs\php2killifish\php2killifish\system\CodeIgniter.php(312): CodeIgniter\CodeIgniter->handleRequest(NULL, Object(Config\Cache), false)
#7 E:\xampp\htdocs\php2killifish\php2killifish\public\index.php(45): CodeIgniter\CodeIgniter->run()
#8 {main}
CRITICAL - 2021-01-16 05:48:46 --> Use of undefined constant home - assumed 'home' (this will throw an Error in a future version of PHP)
#0 E:\xampp\htdocs\php2killifish\php2killifish\app\Views\updateSubmit.php(58): CodeIgniter\Debug\Exceptions->errorHandler(2, 'Use of undefine...', 'E:\\xampp\\htdocs...', 58, Array)
#1 E:\xampp\htdocs\php2killifish\php2killifish\system\View\View.php(246): include('E:\\xampp\\htdocs...')
#2 E:\xampp\htdocs\php2killifish\php2killifish\system\Common.php(1119): CodeIgniter\View\View->render('updateSubmit', Array, true)
#3 E:\xampp\htdocs\php2killifish\php2killifish\app\Controllers\UpdateController.php(71): view('updateSubmit')
#4 E:\xampp\htdocs\php2killifish\php2killifish\system\CodeIgniter.php(918): App\Controllers\UpdateController->submit()
#5 E:\xampp\htdocs\php2killifish\php2killifish\system\CodeIgniter.php(404): CodeIgniter\CodeIgniter->runController(Object(App\Controllers\UpdateController))
#6 E:\xampp\htdocs\php2killifish\php2killifish\system\CodeIgniter.php(312): CodeIgniter\CodeIgniter->handleRequest(NULL, Object(Config\Cache), false)
#7 E:\xampp\htdocs\php2killifish\php2killifish\public\index.php(45): CodeIgniter\CodeIgniter->run()
#8 {main}
CRITICAL - 2021-01-16 06:56:36 --> Undefined variable: news_item
#0 E:\xampp\htdocs\php2killifish\php2killifish\app\Views\community.php(26): CodeIgniter\Debug\Exceptions->errorHandler(8, 'Undefined varia...', 'E:\\xampp\\htdocs...', 26, Array)
#1 E:\xampp\htdocs\php2killifish\php2killifish\system\View\View.php(246): include('E:\\xampp\\htdocs...')
#2 E:\xampp\htdocs\php2killifish\php2killifish\system\Common.php(1119): CodeIgniter\View\View->render('community', Array, true)
#3 E:\xampp\htdocs\php2killifish\php2killifish\app\Controllers\PostController.php(15): view('community', Array)
#4 E:\xampp\htdocs\php2killifish\php2killifish\system\CodeIgniter.php(918): App\Controllers\PostController->index()
#5 E:\xampp\htdocs\php2killifish\php2killifish\system\CodeIgniter.php(404): CodeIgniter\CodeIgniter->runController(Object(App\Controllers\PostController))
#6 E:\xampp\htdocs\php2killifish\php2killifish\system\CodeIgniter.php(312): CodeIgniter\CodeIgniter->handleRequest(NULL, Object(Config\Cache), false)
#7 E:\xampp\htdocs\php2killifish\php2killifish\public\index.php(45): CodeIgniter\CodeIgniter->run()
#8 {main}
CRITICAL - 2021-01-16 06:57:14 --> Undefined index: slug
#0 E:\xampp\htdocs\php2killifish\php2killifish\app\Views\community.php(26): CodeIgniter\Debug\Exceptions->errorHandler(8, 'Undefined index...', 'E:\\xampp\\htdocs...', 26, Array)
#1 E:\xampp\htdocs\php2killifish\php2killifish\system\View\View.php(246): include('E:\\xampp\\htdocs...')
#2 E:\xampp\htdocs\php2killifish\php2killifish\system\Common.php(1119): CodeIgniter\View\View->render('community', Array, true)
#3 E:\xampp\htdocs\php2killifish\php2killifish\app\Controllers\PostController.php(15): view('community', Array)
#4 E:\xampp\htdocs\php2killifish\php2killifish\system\CodeIgniter.php(918): App\Controllers\PostController->index()
#5 E:\xampp\htdocs\php2killifish\php2killifish\system\CodeIgniter.php(404): CodeIgniter\CodeIgniter->runController(Object(App\Controllers\PostController))
#6 E:\xampp\htdocs\php2killifish\php2killifish\system\CodeIgniter.php(312): CodeIgniter\CodeIgniter->handleRequest(NULL, Object(Config\Cache), false)
#7 E:\xampp\htdocs\php2killifish\php2killifish\public\index.php(45): CodeIgniter\CodeIgniter->run()
#8 {main}
CRITICAL - 2021-01-16 07:03:36 --> Undefined index: slug
#0 E:\xampp\htdocs\php2killifish\php2killifish\app\Views\community.php(26): CodeIgniter\Debug\Exceptions->errorHandler(8, 'Undefined index...', 'E:\\xampp\\htdocs...', 26, Array)
#1 E:\xampp\htdocs\php2killifish\php2killifish\system\View\View.php(246): include('E:\\xampp\\htdocs...')
#2 E:\xampp\htdocs\php2killifish\php2killifish\system\Common.php(1119): CodeIgniter\View\View->render('community', Array, true)
#3 E:\xampp\htdocs\php2killifish\php2killifish\app\Controllers\PostController.php(15): view('community', Array)
#4 E:\xampp\htdocs\php2killifish\php2killifish\system\CodeIgniter.php(918): App\Controllers\PostController->index()
#5 E:\xampp\htdocs\php2killifish\php2killifish\system\CodeIgniter.php(404): CodeIgniter\CodeIgniter->runController(Object(App\Controllers\PostController))
#6 E:\xampp\htdocs\php2killifish\php2killifish\system\CodeIgniter.php(312): CodeIgniter\CodeIgniter->handleRequest(NULL, Object(Config\Cache), false)
#7 E:\xampp\htdocs\php2killifish\php2killifish\public\index.php(45): CodeIgniter\CodeIgniter->run()
#8 {main}
CRITICAL - 2021-01-16 07:03:37 --> Undefined index: slug
#0 E:\xampp\htdocs\php2killifish\php2killifish\app\Views\community.php(26): CodeIgniter\Debug\Exceptions->errorHandler(8, 'Undefined index...', 'E:\\xampp\\htdocs...', 26, Array)
#1 E:\xampp\htdocs\php2killifish\php2killifish\system\View\View.php(246): include('E:\\xampp\\htdocs...')
#2 E:\xampp\htdocs\php2killifish\php2killifish\system\Common.php(1119): CodeIgniter\View\View->render('community', Array, true)
#3 E:\xampp\htdocs\php2killifish\php2killifish\app\Controllers\PostController.php(15): view('community', Array)
#4 E:\xampp\htdocs\php2killifish\php2killifish\system\CodeIgniter.php(918): App\Controllers\PostController->index()
#5 E:\xampp\htdocs\php2killifish\php2killifish\system\CodeIgniter.php(404): CodeIgniter\CodeIgniter->runController(Object(App\Controllers\PostController))
#6 E:\xampp\htdocs\php2killifish\php2killifish\system\CodeIgniter.php(312): CodeIgniter\CodeIgniter->handleRequest(NULL, Object(Config\Cache), false)
#7 E:\xampp\htdocs\php2killifish\php2killifish\public\index.php(45): CodeIgniter\CodeIgniter->run()
#8 {main}
CRITICAL - 2021-01-16 07:03:38 --> Undefined index: slug
#0 E:\xampp\htdocs\php2killifish\php2killifish\app\Views\community.php(26): CodeIgniter\Debug\Exceptions->errorHandler(8, 'Undefined index...', 'E:\\xampp\\htdocs...', 26, Array)
#1 E:\xampp\htdocs\php2killifish\php2killifish\system\View\View.php(246): include('E:\\xampp\\htdocs...')
#2 E:\xampp\htdocs\php2killifish\php2killifish\system\Common.php(1119): CodeIgniter\View\View->render('community', Array, true)
#3 E:\xampp\htdocs\php2killifish\php2killifish\app\Controllers\PostController.php(15): view('community', Array)
#4 E:\xampp\htdocs\php2killifish\php2killifish\system\CodeIgniter.php(918): App\Controllers\PostController->index()
#5 E:\xampp\htdocs\php2killifish\php2killifish\system\CodeIgniter.php(404): CodeIgniter\CodeIgniter->runController(Object(App\Controllers\PostController))
#6 E:\xampp\htdocs\php2killifish\php2killifish\system\CodeIgniter.php(312): CodeIgniter\CodeIgniter->handleRequest(NULL, Object(Config\Cache), false)
#7 E:\xampp\htdocs\php2killifish\php2killifish\public\index.php(45): CodeIgniter\CodeIgniter->run()
#8 {main}
CRITICAL - 2021-01-16 07:49:06 --> Unknown column 'posts' in 'field list'
#0 E:\xampp\htdocs\php2killifish\php2killifish\system\Database\MySQLi\Connection.php(331): mysqli->query('SELECT `posts`\n...')
#1 E:\xampp\htdocs\php2killifish\php2killifish\system\Database\BaseConnection.php(741): CodeIgniter\Database\MySQLi\Connection->execute('SELECT `posts`\n...')
#2 E:\xampp\htdocs\php2killifish\php2killifish\system\Database\BaseConnection.php(669): CodeIgniter\Database\BaseConnection->simpleQuery('SELECT `posts`\n...')
#3 E:\xampp\htdocs\php2killifish\php2killifish\system\Database\BaseBuilder.php(1860): CodeIgniter\Database\BaseConnection->query('SELECT `posts`\n...', Array, false)
#4 E:\xampp\htdocs\php2killifish\php2killifish\system\Model.php(506): CodeIgniter\Database\BaseBuilder->get()
#5 E:\xampp\htdocs\php2killifish\php2killifish\app\Models\PostModel.php(53): CodeIgniter\Model->first()
#6 E:\xampp\htdocs\php2killifish\php2killifish\app\Controllers\PostController.php(24): App\Models\PostModel->getPosts('dsada')
#7 E:\xampp\htdocs\php2killifish\php2killifish\system\CodeIgniter.php(918): App\Controllers\PostController->view('dsada')
#8 E:\xampp\htdocs\php2killifish\php2killifish\system\CodeIgniter.php(404): CodeIgniter\CodeIgniter->runController(Object(App\Controllers\PostController))
#9 E:\xampp\htdocs\php2killifish\php2killifish\system\CodeIgniter.php(312): CodeIgniter\CodeIgniter->handleRequest(NULL, Object(Config\Cache), false)
#10 E:\xampp\htdocs\php2killifish\php2killifish\public\index.php(45): CodeIgniter\CodeIgniter->run()
#11 {main}
CRITICAL - 2021-01-16 07:49:12 --> Unknown column 'posts' in 'field list'
#0 E:\xampp\htdocs\php2killifish\php2killifish\system\Database\MySQLi\Connection.php(331): mysqli->query('SELECT `posts`\n...')
#1 E:\xampp\htdocs\php2killifish\php2killifish\system\Database\BaseConnection.php(741): CodeIgniter\Database\MySQLi\Connection->execute('SELECT `posts`\n...')
#2 E:\xampp\htdocs\php2killifish\php2killifish\system\Database\BaseConnection.php(669): CodeIgniter\Database\BaseConnection->simpleQuery('SELECT `posts`\n...')
#3 E:\xampp\htdocs\php2killifish\php2killifish\system\Database\BaseBuilder.php(1860): CodeIgniter\Database\BaseConnection->query('SELECT `posts`\n...', Array, false)
#4 E:\xampp\htdocs\php2killifish\php2killifish\system\Model.php(506): CodeIgniter\Database\BaseBuilder->get()
#5 E:\xampp\htdocs\php2killifish\php2killifish\app\Models\PostModel.php(53): CodeIgniter\Model->first()
#6 E:\xampp\htdocs\php2killifish\php2killifish\app\Controllers\PostController.php(24): App\Models\PostModel->getPosts('dsada')
#7 E:\xampp\htdocs\php2killifish\php2killifish\system\CodeIgniter.php(918): App\Controllers\PostController->view('dsada')
#8 E:\xampp\htdocs\php2killifish\php2killifish\system\CodeIgniter.php(404): CodeIgniter\CodeIgniter->runController(Object(App\Controllers\PostController))
#9 E:\xampp\htdocs\php2killifish\php2killifish\system\CodeIgniter.php(312): CodeIgniter\CodeIgniter->handleRequest(NULL, Object(Config\Cache), false)
#10 E:\xampp\htdocs\php2killifish\php2killifish\public\index.php(45): CodeIgniter\CodeIgniter->run()
#11 {main}
CRITICAL - 2021-01-16 07:59:35 --> Unknown column 'posts' in 'field list'
#0 E:\xampp\htdocs\php2killifish\php2killifish\system\Database\MySQLi\Connection.php(331): mysqli->query('SELECT `posts`\n...')
#1 E:\xampp\htdocs\php2killifish\php2killifish\system\Database\BaseConnection.php(741): CodeIgniter\Database\MySQLi\Connection->execute('SELECT `posts`\n...')
#2 E:\xampp\htdocs\php2killifish\php2killifish\system\Database\BaseConnection.php(669): CodeIgniter\Database\BaseConnection->simpleQuery('SELECT `posts`\n...')
#3 E:\xampp\htdocs\php2killifish\php2killifish\system\Database\BaseBuilder.php(1860): CodeIgniter\Database\BaseConnection->query('SELECT `posts`\n...', Array, false)
#4 E:\xampp\htdocs\php2killifish\php2killifish\system\Model.php(506): CodeIgniter\Database\BaseBuilder->get()
#5 E:\xampp\htdocs\php2killifish\php2killifish\app\Models\PostModel.php(53): CodeIgniter\Model->first()
#6 E:\xampp\htdocs\php2killifish\php2killifish\app\Controllers\PostController.php(24): App\Models\PostModel->getPosts('dsada')
#7 E:\xampp\htdocs\php2killifish\php2killifish\system\CodeIgniter.php(918): App\Controllers\PostController->view('dsada')
#8 E:\xampp\htdocs\php2killifish\php2killifish\system\CodeIgniter.php(404): CodeIgniter\CodeIgniter->runController(Object(App\Controllers\PostController))
#9 E:\xampp\htdocs\php2killifish\php2killifish\system\CodeIgniter.php(312): CodeIgniter\CodeIgniter->handleRequest(NULL, Object(Config\Cache), false)
#10 E:\xampp\htdocs\php2killifish\php2killifish\public\index.php(45): CodeIgniter\CodeIgniter->run()
#11 {main}
CRITICAL - 2021-01-16 08:00:52 --> Unknown column 'posts' in 'field list'
#0 E:\xampp\htdocs\php2killifish\php2killifish\system\Database\MySQLi\Connection.php(331): mysqli->query('SELECT `posts`\n...')
#1 E:\xampp\htdocs\php2killifish\php2killifish\system\Database\BaseConnection.php(741): CodeIgniter\Database\MySQLi\Connection->execute('SELECT `posts`\n...')
#2 E:\xampp\htdocs\php2killifish\php2killifish\system\Database\BaseConnection.php(669): CodeIgniter\Database\BaseConnection->simpleQuery('SELECT `posts`\n...')
#3 E:\xampp\htdocs\php2killifish\php2killifish\system\Database\BaseBuilder.php(1860): CodeIgniter\Database\BaseConnection->query('SELECT `posts`\n...', Array, false)
#4 E:\xampp\htdocs\php2killifish\php2killifish\system\Model.php(506): CodeIgniter\Database\BaseBuilder->get()
#5 E:\xampp\htdocs\php2killifish\php2killifish\app\Models\PostModel.php(53): CodeIgniter\Model->first()
#6 E:\xampp\htdocs\php2killifish\php2killifish\app\Controllers\PostController.php(24): App\Models\PostModel->getPosts('dsada')
#7 E:\xampp\htdocs\php2killifish\php2killifish\system\CodeIgniter.php(918): App\Controllers\PostController->view('dsada')
#8 E:\xampp\htdocs\php2killifish\php2killifish\system\CodeIgniter.php(404): CodeIgniter\CodeIgniter->runController(Object(App\Controllers\PostController))
#9 E:\xampp\htdocs\php2killifish\php2killifish\system\CodeIgniter.php(312): CodeIgniter\CodeIgniter->handleRequest(NULL, Object(Config\Cache), false)
#10 E:\xampp\htdocs\php2killifish\php2killifish\public\index.php(45): CodeIgniter\CodeIgniter->run()
#11 {main}
CRITICAL - 2021-01-16 08:00:57 --> Unknown column 'posts' in 'field list'
#0 E:\xampp\htdocs\php2killifish\php2killifish\system\Database\MySQLi\Connection.php(331): mysqli->query('SELECT `posts`\n...')
#1 E:\xampp\htdocs\php2killifish\php2killifish\system\Database\BaseConnection.php(741): CodeIgniter\Database\MySQLi\Connection->execute('SELECT `posts`\n...')
#2 E:\xampp\htdocs\php2killifish\php2killifish\system\Database\BaseConnection.php(669): CodeIgniter\Database\BaseConnection->simpleQuery('SELECT `posts`\n...')
#3 E:\xampp\htdocs\php2killifish\php2killifish\system\Database\BaseBuilder.php(1860): CodeIgniter\Database\BaseConnection->query('SELECT `posts`\n...', Array, false)
#4 E:\xampp\htdocs\php2killifish\php2killifish\system\Model.php(506): CodeIgniter\Database\BaseBuilder->get()
#5 E:\xampp\htdocs\php2killifish\php2killifish\app\Models\PostModel.php(53): CodeIgniter\Model->first()
#6 E:\xampp\htdocs\php2killifish\php2killifish\app\Controllers\PostController.php(24): App\Models\PostModel->getPosts('dsada')
#7 E:\xampp\htdocs\php2killifish\php2killifish\system\CodeIgniter.php(918): App\Controllers\PostController->view('dsada')
#8 E:\xampp\htdocs\php2killifish\php2killifish\system\CodeIgniter.php(404): CodeIgniter\CodeIgniter->runController(Object(App\Controllers\PostController))
#9 E:\xampp\htdocs\php2killifish\php2killifish\system\CodeIgniter.php(312): CodeIgniter\CodeIgniter->handleRequest(NULL, Object(Config\Cache), false)
#10 E:\xampp\htdocs\php2killifish\php2killifish\public\index.php(45): CodeIgniter\CodeIgniter->run()
#11 {main}
CRITICAL - 2021-01-16 08:08:59 --> Unknown column 'posts' in 'field list'
#0 E:\xampp\htdocs\php2killifish\php2killifish\system\Database\MySQLi\Connection.php(331): mysqli->query('SELECT `posts`\n...')
#1 E:\xampp\htdocs\php2killifish\php2killifish\system\Database\BaseConnection.php(741): CodeIgniter\Database\MySQLi\Connection->execute('SELECT `posts`\n...')
#2 E:\xampp\htdocs\php2killifish\php2killifish\system\Database\BaseConnection.php(669): CodeIgniter\Database\BaseConnection->simpleQuery('SELECT `posts`\n...')
#3 E:\xampp\htdocs\php2killifish\php2killifish\system\Database\BaseBuilder.php(1860): CodeIgniter\Database\BaseConnection->query('SELECT `posts`\n...', Array, false)
#4 E:\xampp\htdocs\php2killifish\php2killifish\system\Model.php(506): CodeIgniter\Database\BaseBuilder->get()
#5 E:\xampp\htdocs\php2killifish\php2killifish\app\Models\PostModel.php(53): CodeIgniter\Model->first()
#6 E:\xampp\htdocs\php2killifish\php2killifish\app\Controllers\PostController.php(24): App\Models\PostModel->getPosts('dsada')
#7 E:\xampp\htdocs\php2killifish\php2killifish\system\CodeIgniter.php(918): App\Controllers\PostController->view('dsada')
#8 E:\xampp\htdocs\php2killifish\php2killifish\system\CodeIgniter.php(404): CodeIgniter\CodeIgniter->runController(Object(App\Controllers\PostController))
#9 E:\xampp\htdocs\php2killifish\php2killifish\system\CodeIgniter.php(312): CodeIgniter\CodeIgniter->handleRequest(NULL, Object(Config\Cache), false)
#10 E:\xampp\htdocs\php2killifish\php2killifish\public\index.php(45): CodeIgniter\CodeIgniter->run()
#11 {main}
CRITICAL - 2021-01-16 08:15:21 --> Unknown column 'posts' in 'field list'
#0 E:\xampp\htdocs\php2killifish\php2killifish\system\Database\MySQLi\Connection.php(331): mysqli->query('SELECT `posts`\n...')
#1 E:\xampp\htdocs\php2killifish\php2killifish\system\Database\BaseConnection.php(741): CodeIgniter\Database\MySQLi\Connection->execute('SELECT `posts`\n...')
#2 E:\xampp\htdocs\php2killifish\php2killifish\system\Database\BaseConnection.php(669): CodeIgniter\Database\BaseConnection->simpleQuery('SELECT `posts`\n...')
#3 E:\xampp\htdocs\php2killifish\php2killifish\system\Database\BaseBuilder.php(1860): CodeIgniter\Database\BaseConnection->query('SELECT `posts`\n...', Array, false)
#4 E:\xampp\htdocs\php2killifish\php2killifish\system\Model.php(506): CodeIgniter\Database\BaseBuilder->get()
#5 E:\xampp\htdocs\php2killifish\php2killifish\app\Models\PostModel.php(53): CodeIgniter\Model->first()
#6 E:\xampp\htdocs\php2killifish\php2killifish\app\Controllers\PostController.php(24): App\Models\PostModel->getPosts('dsada')
#7 E:\xampp\htdocs\php2killifish\php2killifish\system\CodeIgniter.php(918): App\Controllers\PostController->view('dsada')
#8 E:\xampp\htdocs\php2killifish\php2killifish\system\CodeIgniter.php(404): CodeIgniter\CodeIgniter->runController(Object(App\Controllers\PostController))
#9 E:\xampp\htdocs\php2killifish\php2killifish\system\CodeIgniter.php(312): CodeIgniter\CodeIgniter->handleRequest(NULL, Object(Config\Cache), false)
#10 E:\xampp\htdocs\php2killifish\php2killifish\public\index.php(45): CodeIgniter\CodeIgniter->run()
#11 {main}
CRITICAL - 2021-01-16 08:16:02 --> Unknown column 'posts' in 'field list'
#0 E:\xampp\htdocs\php2killifish\php2killifish\system\Database\MySQLi\Connection.php(331): mysqli->query('SELECT `posts`\n...')
#1 E:\xampp\htdocs\php2killifish\php2killifish\system\Database\BaseConnection.php(741): CodeIgniter\Database\MySQLi\Connection->execute('SELECT `posts`\n...')
#2 E:\xampp\htdocs\php2killifish\php2killifish\system\Database\BaseConnection.php(669): CodeIgniter\Database\BaseConnection->simpleQuery('SELECT `posts`\n...')
#3 E:\xampp\htdocs\php2killifish\php2killifish\system\Database\BaseBuilder.php(1860): CodeIgniter\Database\BaseConnection->query('SELECT `posts`\n...', Array, false)
#4 E:\xampp\htdocs\php2killifish\php2killifish\system\Model.php(506): CodeIgniter\Database\BaseBuilder->get()
#5 E:\xampp\htdocs\php2killifish\php2killifish\app\Models\PostModel.php(53): CodeIgniter\Model->first()
#6 E:\xampp\htdocs\php2killifish\php2killifish\app\Controllers\PostController.php(24): App\Models\PostModel->getPosts('dsada')
#7 E:\xampp\htdocs\php2killifish\php2killifish\system\CodeIgniter.php(918): App\Controllers\PostController->view('dsada')
#8 E:\xampp\htdocs\php2killifish\php2killifish\system\CodeIgniter.php(404): CodeIgniter\CodeIgniter->runController(Object(App\Controllers\PostController))
#9 E:\xampp\htdocs\php2killifish\php2killifish\system\CodeIgniter.php(312): CodeIgniter\CodeIgniter->handleRequest(NULL, Object(Config\Cache), false)
#10 E:\xampp\htdocs\php2killifish\php2killifish\public\index.php(45): CodeIgniter\CodeIgniter->run()
#11 {main}
CRITICAL - 2021-01-16 08:16:09 --> Unknown column 'posts' in 'field list'
#0 E:\xampp\htdocs\php2killifish\php2killifish\system\Database\MySQLi\Connection.php(331): mysqli->query('SELECT `posts`\n...')
#1 E:\xampp\htdocs\php2killifish\php2killifish\system\Database\BaseConnection.php(741): CodeIgniter\Database\MySQLi\Connection->execute('SELECT `posts`\n...')
#2 E:\xampp\htdocs\php2killifish\php2killifish\system\Database\BaseConnection.php(669): CodeIgniter\Database\BaseConnection->simpleQuery('SELECT `posts`\n...')
#3 E:\xampp\htdocs\php2killifish\php2killifish\system\Database\BaseBuilder.php(1860): CodeIgniter\Database\BaseConnection->query('SELECT `posts`\n...', Array, false)
#4 E:\xampp\htdocs\php2killifish\php2killifish\system\Model.php(506): CodeIgniter\Database\BaseBuilder->get()
#5 E:\xampp\htdocs\php2killifish\php2killifish\app\Models\PostModel.php(53): CodeIgniter\Model->first()
#6 E:\xampp\htdocs\php2killifish\php2killifish\app\Controllers\PostController.php(24): App\Models\PostModel->getPosts('post-test-1')
#7 E:\xampp\htdocs\php2killifish\php2killifish\system\CodeIgniter.php(918): App\Controllers\PostController->view('post-test-1')
#8 E:\xampp\htdocs\php2killifish\php2killifish\system\CodeIgniter.php(404): CodeIgniter\CodeIgniter->runController(Object(App\Controllers\PostController))
#9 E:\xampp\htdocs\php2killifish\php2killifish\system\CodeIgniter.php(312): CodeIgniter\CodeIgniter->handleRequest(NULL, Object(Config\Cache), false)
#10 E:\xampp\htdocs\php2killifish\php2killifish\public\index.php(45): CodeIgniter\CodeIgniter->run()
#11 {main}
CRITICAL - 2021-01-16 09:04:37 --> Undefined index: userScreenName
#0 E:\xampp\htdocs\php2killifish\php2killifish\app\Views\community.php(21): CodeIgniter\Debug\Exceptions->errorHandler(8, 'Undefined index...', 'E:\\xampp\\htdocs...', 21, Array)
#1 E:\xampp\htdocs\php2killifish\php2killifish\system\View\View.php(246): include('E:\\xampp\\htdocs...')
#2 E:\xampp\htdocs\php2killifish\php2killifish\system\Common.php(1119): CodeIgniter\View\View->render('community', Array, true)
#3 E:\xampp\htdocs\php2killifish\php2killifish\app\Controllers\PostController.php(15): view('community', Array)
#4 E:\xampp\htdocs\php2killifish\php2killifish\system\CodeIgniter.php(918): App\Controllers\PostController->index()
#5 E:\xampp\htdocs\php2killifish\php2killifish\system\CodeIgniter.php(404): CodeIgniter\CodeIgniter->runController(Object(App\Controllers\PostController))
#6 E:\xampp\htdocs\php2killifish\php2killifish\system\CodeIgniter.php(312): CodeIgniter\CodeIgniter->handleRequest(NULL, Object(Config\Cache), false)
#7 E:\xampp\htdocs\php2killifish\php2killifish\public\index.php(45): CodeIgniter\CodeIgniter->run()
#8 {main}
CRITICAL - 2021-01-16 09:07:56 --> Undefined variable: post
#0 E:\xampp\htdocs\php2killifish\php2killifish\app\Views\community.php(21): CodeIgniter\Debug\Exceptions->errorHandler(8, 'Undefined varia...', 'E:\\xampp\\htdocs...', 21, Array)
#1 E:\xampp\htdocs\php2killifish\php2killifish\system\View\View.php(246): include('E:\\xampp\\htdocs...')
#2 E:\xampp\htdocs\php2killifish\php2killifish\system\Common.php(1119): CodeIgniter\View\View->render('community', Array, true)
#3 E:\xampp\htdocs\php2killifish\php2killifish\app\Controllers\PostController.php(15): view('community', Array)
#4 E:\xampp\htdocs\php2killifish\php2killifish\system\CodeIgniter.php(918): App\Controllers\PostController->index()
#5 E:\xampp\htdocs\php2killifish\php2killifish\system\CodeIgniter.php(404): CodeIgniter\CodeIgniter->runController(Object(App\Controllers\PostController))
#6 E:\xampp\htdocs\php2killifish\php2killifish\system\CodeIgniter.php(312): CodeIgniter\CodeIgniter->handleRequest(NULL, Object(Config\Cache), false)
#7 E:\xampp\htdocs\php2killifish\php2killifish\public\index.php(45): CodeIgniter\CodeIgniter->run()
#8 {main}
CRITICAL - 2021-01-16 09:08:02 --> Undefined index: userScreenName
#0 E:\xampp\htdocs\php2killifish\php2killifish\app\Views\community.php(21): CodeIgniter\Debug\Exceptions->errorHandler(8, 'Undefined index...', 'E:\\xampp\\htdocs...', 21, Array)
#1 E:\xampp\htdocs\php2killifish\php2killifish\system\View\View.php(246): include('E:\\xampp\\htdocs...')
#2 E:\xampp\htdocs\php2killifish\php2killifish\system\Common.php(1119): CodeIgniter\View\View->render('community', Array, true)
#3 E:\xampp\htdocs\php2killifish\php2killifish\app\Controllers\PostController.php(15): view('community', Array)
#4 E:\xampp\htdocs\php2killifish\php2killifish\system\CodeIgniter.php(918): App\Controllers\PostController->index()
#5 E:\xampp\htdocs\php2killifish\php2killifish\system\CodeIgniter.php(404): CodeIgniter\CodeIgniter->runController(Object(App\Controllers\PostController))
#6 E:\xampp\htdocs\php2killifish\php2killifish\system\CodeIgniter.php(312): CodeIgniter\CodeIgniter->handleRequest(NULL, Object(Config\Cache), false)
#7 E:\xampp\htdocs\php2killifish\php2killifish\public\index.php(45): CodeIgniter\CodeIgniter->run()
#8 {main}
CRITICAL - 2021-01-16 09:09:37 --> Undefined index: userScreenName
#0 E:\xampp\htdocs\php2killifish\php2killifish\app\Views\community.php(21): CodeIgniter\Debug\Exceptions->errorHandler(8, 'Undefined index...', 'E:\\xampp\\htdocs...', 21, Array)
#1 E:\xampp\htdocs\php2killifish\php2killifish\system\View\View.php(246): include('E:\\xampp\\htdocs...')
#2 E:\xampp\htdocs\php2killifish\php2killifish\system\Common.php(1119): CodeIgniter\View\View->render('community', Array, true)
#3 E:\xampp\htdocs\php2killifish\php2killifish\app\Controllers\PostController.php(15): view('community', Array)
#4 E:\xampp\htdocs\php2killifish\php2killifish\system\CodeIgniter.php(918): App\Controllers\PostController->index()
#5 E:\xampp\htdocs\php2killifish\php2killifish\system\CodeIgniter.php(404): CodeIgniter\CodeIgniter->runController(Object(App\Controllers\PostController))
#6 E:\xampp\htdocs\php2killifish\php2killifish\system\CodeIgniter.php(312): CodeIgniter\CodeIgniter->handleRequest(NULL, Object(Config\Cache), false)
#7 E:\xampp\htdocs\php2killifish\php2killifish\public\index.php(45): CodeIgniter\CodeIgniter->run()
#8 {main}
CRITICAL - 2021-01-16 09:09:41 --> Undefined index: userScreenName
#0 E:\xampp\htdocs\php2killifish\php2killifish\app\Views\community.php(21): CodeIgniter\Debug\Exceptions->errorHandler(8, 'Undefined index...', 'E:\\xampp\\htdocs...', 21, Array)
#1 E:\xampp\htdocs\php2killifish\php2killifish\system\View\View.php(246): include('E:\\xampp\\htdocs...')
#2 E:\xampp\htdocs\php2killifish\php2killifish\system\Common.php(1119): CodeIgniter\View\View->render('community', Array, true)
#3 E:\xampp\htdocs\php2killifish\php2killifish\app\Controllers\PostController.php(15): view('community', Array)
#4 E:\xampp\htdocs\php2killifish\php2killifish\system\CodeIgniter.php(918): App\Controllers\PostController->index()
#5 E:\xampp\htdocs\php2killifish\php2killifish\system\CodeIgniter.php(404): CodeIgniter\CodeIgniter->runController(Object(App\Controllers\PostController))
#6 E:\xampp\htdocs\php2killifish\php2killifish\system\CodeIgniter.php(312): CodeIgniter\CodeIgniter->handleRequest(NULL, Object(Config\Cache), false)
#7 E:\xampp\htdocs\php2killifish\php2killifish\public\index.php(45): CodeIgniter\CodeIgniter->run()
#8 {main}
CRITICAL - 2021-01-16 09:10:03 --> Undefined variable: post
#0 E:\xampp\htdocs\php2killifish\php2killifish\app\Views\postDisplay.php(14): CodeIgniter\Debug\Exceptions->errorHandler(8, 'Undefined varia...', 'E:\\xampp\\htdocs...', 14, Array)
#1 E:\xampp\htdocs\php2killifish\php2killifish\system\View\View.php(246): include('E:\\xampp\\htdocs...')
#2 E:\xampp\htdocs\php2killifish\php2killifish\system\Common.php(1119): CodeIgniter\View\View->render('postDisplay', Array, true)
#3 E:\xampp\htdocs\php2killifish\php2killifish\app\Controllers\PostController.php(35): view('postDisplay', Array)
#4 E:\xampp\htdocs\php2killifish\php2killifish\system\CodeIgniter.php(918): App\Controllers\PostController->view('first-post')
#5 E:\xampp\htdocs\php2killifish\php2killifish\system\CodeIgniter.php(404): CodeIgniter\CodeIgniter->runController(Object(App\Controllers\PostController))
#6 E:\xampp\htdocs\php2killifish\php2killifish\system\CodeIgniter.php(312): CodeIgniter\CodeIgniter->handleRequest(NULL, Object(Config\Cache), false)
#7 E:\xampp\htdocs\php2killifish\php2killifish\public\index.php(45): CodeIgniter\CodeIgniter->run()
#8 {main}
CRITICAL - 2021-01-16 09:12:11 --> Undefined index: userScreenName
#0 E:\xampp\htdocs\php2killifish\php2killifish\app\Views\community.php(21): CodeIgniter\Debug\Exceptions->errorHandler(8, 'Undefined index...', 'E:\\xampp\\htdocs...', 21, Array)
#1 E:\xampp\htdocs\php2killifish\php2killifish\system\View\View.php(246): include('E:\\xampp\\htdocs...')
#2 E:\xampp\htdocs\php2killifish\php2killifish\system\Common.php(1119): CodeIgniter\View\View->render('community', Array, true)
#3 E:\xampp\htdocs\php2killifish\php2killifish\app\Controllers\PostController.php(15): view('community', Array)
#4 E:\xampp\htdocs\php2killifish\php2killifish\system\CodeIgniter.php(918): App\Controllers\PostController->index()
#5 E:\xampp\htdocs\php2killifish\php2killifish\system\CodeIgniter.php(404): CodeIgniter\CodeIgniter->runController(Object(App\Controllers\PostController))
#6 E:\xampp\htdocs\php2killifish\php2killifish\system\CodeIgniter.php(312): CodeIgniter\CodeIgniter->handleRequest(NULL, Object(Config\Cache), false)
#7 E:\xampp\htdocs\php2killifish\php2killifish\public\index.php(45): CodeIgniter\CodeIgniter->run()
#8 {main}
CRITICAL - 2021-01-16 10:14:38 --> unlink(E:\xampp\htdocs\php2killifish\php2killifish\writable\debugbar/debugbar_1610812749.json): No such file or directory
#0 [internal function]: CodeIgniter\Debug\Exceptions->errorHandler(2, 'unlink(E:\\xampp...', 'E:\\xampp\\htdocs...', 106, Array)
#1 E:\xampp\htdocs\php2killifish\php2killifish\system\Debug\Toolbar\Collectors\History.php(106): unlink('E:\\xampp\\htdocs...')
#2 E:\xampp\htdocs\php2killifish\php2killifish\system\Debug\Toolbar.php(483): CodeIgniter\Debug\Toolbar\Collectors\History->setFiles(1610813678, 20)
#3 E:\xampp\htdocs\php2killifish\php2killifish\system\Debug\Toolbar.php(455): CodeIgniter\Debug\Toolbar->format(Array, 'html')
#4 E:\xampp\htdocs\php2killifish\php2killifish\app\Config\Events.php(50): CodeIgniter\Debug\Toolbar->respond()
#5 [internal function]: CodeIgniter\Events\Events::Config\{closure}()
#6 E:\xampp\htdocs\php2killifish\php2killifish\system\Events\Events.php(188): call_user_func(Object(Closure))
#7 E:\xampp\htdocs\php2killifish\php2killifish\system\CodeIgniter.php(293): CodeIgniter\Events\Events::trigger('pre_system')
#8 E:\xampp\htdocs\php2killifish\php2killifish\public\index.php(45): CodeIgniter\CodeIgniter->run()
#9 {main}
