CRITICAL - 2021-01-28 05:54:50 --> Column 'postAuthor' cannot be null
#0 E:\xampp\htdocs\php2killifish\php2killifish\system\Database\MySQLi\Connection.php(331): mysqli->query('INSERT INTO `po...')
#1 E:\xampp\htdocs\php2killifish\php2killifish\system\Database\BaseConnection.php(741): CodeIgniter\Database\MySQLi\Connection->execute('INSERT INTO `po...')
#2 E:\xampp\htdocs\php2killifish\php2killifish\system\Database\BaseConnection.php(669): CodeIgniter\Database\BaseConnection->simpleQuery('INSERT INTO `po...')
#3 E:\xampp\htdocs\php2killifish\php2killifish\system\Database\BaseBuilder.php(2249): CodeIgniter\Database\BaseConnection->query('INSERT INTO `po...', Array, false)
#4 E:\xampp\htdocs\php2killifish\php2killifish\system\Model.php(755): CodeIgniter\Database\BaseBuilder->insert()
#5 E:\xampp\htdocs\php2killifish\php2killifish\system\Model.php(574): CodeIgniter\Model->insert(Array, false)
#6 E:\xampp\htdocs\php2killifish\php2killifish\app\Controllers\PostController.php(67): CodeIgniter\Model->save(Array)
#7 E:\xampp\htdocs\php2killifish\php2killifish\system\CodeIgniter.php(918): App\Controllers\PostController->submit()
#8 E:\xampp\htdocs\php2killifish\php2killifish\system\CodeIgniter.php(404): CodeIgniter\CodeIgniter->runController(Object(App\Controllers\PostController))
#9 E:\xampp\htdocs\php2killifish\php2killifish\system\CodeIgniter.php(312): CodeIgniter\CodeIgniter->handleRequest(NULL, Object(Config\Cache), false)
#10 E:\xampp\htdocs\php2killifish\php2killifish\public\index.php(45): CodeIgniter\CodeIgniter->run()
#11 {main}
CRITICAL - 2021-01-28 06:02:26 --> Call to undefined method CodeIgniter\HTTP\IncomingRequest::get()
#0 E:\xampp\htdocs\php2killifish\php2killifish\system\CodeIgniter.php(918): App\Controllers\CommentController->submit()
#1 E:\xampp\htdocs\php2killifish\php2killifish\system\CodeIgniter.php(404): CodeIgniter\CodeIgniter->runController(Object(App\Controllers\CommentController))
#2 E:\xampp\htdocs\php2killifish\php2killifish\system\CodeIgniter.php(312): CodeIgniter\CodeIgniter->handleRequest(NULL, Object(Config\Cache), false)
#3 E:\xampp\htdocs\php2killifish\php2killifish\public\index.php(45): CodeIgniter\CodeIgniter->run()
#4 {main}
CRITICAL - 2021-01-28 06:11:38 --> Call to undefined method CodeIgniter\HTTP\IncomingRequest::get()
#0 E:\xampp\htdocs\php2killifish\php2killifish\system\CodeIgniter.php(918): App\Controllers\CommentController->submit()
#1 E:\xampp\htdocs\php2killifish\php2killifish\system\CodeIgniter.php(404): CodeIgniter\CodeIgniter->runController(Object(App\Controllers\CommentController))
#2 E:\xampp\htdocs\php2killifish\php2killifish\system\CodeIgniter.php(312): CodeIgniter\CodeIgniter->handleRequest(NULL, Object(Config\Cache), false)
#3 E:\xampp\htdocs\php2killifish\php2killifish\public\index.php(45): CodeIgniter\CodeIgniter->run()
#4 {main}
CRITICAL - 2021-01-28 06:11:51 --> Call to undefined method CodeIgniter\HTTP\IncomingRequest::getComment()
#0 E:\xampp\htdocs\php2killifish\php2killifish\system\CodeIgniter.php(918): App\Controllers\CommentController->submit()
#1 E:\xampp\htdocs\php2killifish\php2killifish\system\CodeIgniter.php(404): CodeIgniter\CodeIgniter->runController(Object(App\Controllers\CommentController))
#2 E:\xampp\htdocs\php2killifish\php2killifish\system\CodeIgniter.php(312): CodeIgniter\CodeIgniter->handleRequest(NULL, Object(Config\Cache), false)
#3 E:\xampp\htdocs\php2killifish\php2killifish\public\index.php(45): CodeIgniter\CodeIgniter->run()
#4 {main}
CRITICAL - 2021-01-28 06:17:02 --> Call to undefined function App\Controllers\get()
#0 E:\xampp\htdocs\php2killifish\php2killifish\system\CodeIgniter.php(918): App\Controllers\CommentController->submit()
#1 E:\xampp\htdocs\php2killifish\php2killifish\system\CodeIgniter.php(404): CodeIgniter\CodeIgniter->runController(Object(App\Controllers\CommentController))
#2 E:\xampp\htdocs\php2killifish\php2killifish\system\CodeIgniter.php(312): CodeIgniter\CodeIgniter->handleRequest(NULL, Object(Config\Cache), false)
#3 E:\xampp\htdocs\php2killifish\php2killifish\public\index.php(45): CodeIgniter\CodeIgniter->run()
#4 {main}
CRITICAL - 2021-01-28 06:17:40 --> Call to undefined function App\Controllers\get()
#0 E:\xampp\htdocs\php2killifish\php2killifish\system\CodeIgniter.php(918): App\Controllers\CommentController->submit()
#1 E:\xampp\htdocs\php2killifish\php2killifish\system\CodeIgniter.php(404): CodeIgniter\CodeIgniter->runController(Object(App\Controllers\CommentController))
#2 E:\xampp\htdocs\php2killifish\php2killifish\system\CodeIgniter.php(312): CodeIgniter\CodeIgniter->handleRequest(NULL, Object(Config\Cache), false)
#3 E:\xampp\htdocs\php2killifish\php2killifish\public\index.php(45): CodeIgniter\CodeIgniter->run()
#4 {main}
CRITICAL - 2021-01-28 06:17:55 --> syntax error, unexpected end of file, expecting ')'
#0 E:\xampp\htdocs\php2killifish\php2killifish\system\Common.php(1119): CodeIgniter\View\View->render('postDisplay', Array, true)
#1 E:\xampp\htdocs\php2killifish\php2killifish\app\Controllers\PostController.php(40): view('postDisplay', Array)
#2 E:\xampp\htdocs\php2killifish\php2killifish\system\CodeIgniter.php(918): App\Controllers\PostController->view('Part-3-hating-m...')
#3 E:\xampp\htdocs\php2killifish\php2killifish\system\CodeIgniter.php(404): CodeIgniter\CodeIgniter->runController(Object(App\Controllers\PostController))
#4 E:\xampp\htdocs\php2killifish\php2killifish\system\CodeIgniter.php(312): CodeIgniter\CodeIgniter->handleRequest(NULL, Object(Config\Cache), false)
#5 E:\xampp\htdocs\php2killifish\php2killifish\public\index.php(45): CodeIgniter\CodeIgniter->run()
#6 {main}
CRITICAL - 2021-01-28 06:18:08 --> Call to undefined method App\Controllers\CommentController::get()
#0 E:\xampp\htdocs\php2killifish\php2killifish\system\CodeIgniter.php(918): App\Controllers\CommentController->submit()
#1 E:\xampp\htdocs\php2killifish\php2killifish\system\CodeIgniter.php(404): CodeIgniter\CodeIgniter->runController(Object(App\Controllers\CommentController))
#2 E:\xampp\htdocs\php2killifish\php2killifish\system\CodeIgniter.php(312): CodeIgniter\CodeIgniter->handleRequest(NULL, Object(Config\Cache), false)
#3 E:\xampp\htdocs\php2killifish\php2killifish\public\index.php(45): CodeIgniter\CodeIgniter->run()
#4 {main}
CRITICAL - 2021-01-28 06:18:30 --> Call to undefined method App\Controllers\CommentController::get()
#0 E:\xampp\htdocs\php2killifish\php2killifish\system\CodeIgniter.php(918): App\Controllers\CommentController->submit()
#1 E:\xampp\htdocs\php2killifish\php2killifish\system\CodeIgniter.php(404): CodeIgniter\CodeIgniter->runController(Object(App\Controllers\CommentController))
#2 E:\xampp\htdocs\php2killifish\php2killifish\system\CodeIgniter.php(312): CodeIgniter\CodeIgniter->handleRequest(NULL, Object(Config\Cache), false)
#3 E:\xampp\htdocs\php2killifish\php2killifish\public\index.php(45): CodeIgniter\CodeIgniter->run()
#4 {main}
CRITICAL - 2021-01-28 06:23:08 --> Column 'commentAuthor' cannot be null
#0 E:\xampp\htdocs\php2killifish\php2killifish\system\Database\MySQLi\Connection.php(331): mysqli->query('INSERT INTO `co...')
#1 E:\xampp\htdocs\php2killifish\php2killifish\system\Database\BaseConnection.php(741): CodeIgniter\Database\MySQLi\Connection->execute('INSERT INTO `co...')
#2 E:\xampp\htdocs\php2killifish\php2killifish\system\Database\BaseConnection.php(669): CodeIgniter\Database\BaseConnection->simpleQuery('INSERT INTO `co...')
#3 E:\xampp\htdocs\php2killifish\php2killifish\system\Database\BaseBuilder.php(2249): CodeIgniter\Database\BaseConnection->query('INSERT INTO `co...', Array, false)
#4 E:\xampp\htdocs\php2killifish\php2killifish\system\Model.php(755): CodeIgniter\Database\BaseBuilder->insert()
#5 E:\xampp\htdocs\php2killifish\php2killifish\system\Model.php(574): CodeIgniter\Model->insert(Array, false)
#6 E:\xampp\htdocs\php2killifish\php2killifish\app\Controllers\CommentController.php(65): CodeIgniter\Model->save(Array)
#7 E:\xampp\htdocs\php2killifish\php2killifish\system\CodeIgniter.php(918): App\Controllers\CommentController->submit()
#8 E:\xampp\htdocs\php2killifish\php2killifish\system\CodeIgniter.php(404): CodeIgniter\CodeIgniter->runController(Object(App\Controllers\CommentController))
#9 E:\xampp\htdocs\php2killifish\php2killifish\system\CodeIgniter.php(312): CodeIgniter\CodeIgniter->handleRequest(NULL, Object(Config\Cache), false)
#10 E:\xampp\htdocs\php2killifish\php2killifish\public\index.php(45): CodeIgniter\CodeIgniter->run()
#11 {main}
CRITICAL - 2021-01-28 06:23:18 --> Column 'commentAuthor' cannot be null
#0 E:\xampp\htdocs\php2killifish\php2killifish\system\Database\MySQLi\Connection.php(331): mysqli->query('INSERT INTO `co...')
#1 E:\xampp\htdocs\php2killifish\php2killifish\system\Database\BaseConnection.php(741): CodeIgniter\Database\MySQLi\Connection->execute('INSERT INTO `co...')
#2 E:\xampp\htdocs\php2killifish\php2killifish\system\Database\BaseConnection.php(669): CodeIgniter\Database\BaseConnection->simpleQuery('INSERT INTO `co...')
#3 E:\xampp\htdocs\php2killifish\php2killifish\system\Database\BaseBuilder.php(2249): CodeIgniter\Database\BaseConnection->query('INSERT INTO `co...', Array, false)
#4 E:\xampp\htdocs\php2killifish\php2killifish\system\Model.php(755): CodeIgniter\Database\BaseBuilder->insert()
#5 E:\xampp\htdocs\php2killifish\php2killifish\system\Model.php(574): CodeIgniter\Model->insert(Array, false)
#6 E:\xampp\htdocs\php2killifish\php2killifish\app\Controllers\CommentController.php(65): CodeIgniter\Model->save(Array)
#7 E:\xampp\htdocs\php2killifish\php2killifish\system\CodeIgniter.php(918): App\Controllers\CommentController->submit()
#8 E:\xampp\htdocs\php2killifish\php2killifish\system\CodeIgniter.php(404): CodeIgniter\CodeIgniter->runController(Object(App\Controllers\CommentController))
#9 E:\xampp\htdocs\php2killifish\php2killifish\system\CodeIgniter.php(312): CodeIgniter\CodeIgniter->handleRequest(NULL, Object(Config\Cache), false)
#10 E:\xampp\htdocs\php2killifish\php2killifish\public\index.php(45): CodeIgniter\CodeIgniter->run()
#11 {main}
CRITICAL - 2021-01-28 06:23:56 --> Cannot add or update a child row: a foreign key constraint fails (`killifish_db`.`comments`, CONSTRAINT `FK_commentParent` FOREIGN KEY (`commentParent`) REFERENCES `posts` (`postID`) ON DELETE NO ACTION ON UPDATE NO ACTION)
#0 E:\xampp\htdocs\php2killifish\php2killifish\system\Database\MySQLi\Connection.php(331): mysqli->query('INSERT INTO `co...')
#1 E:\xampp\htdocs\php2killifish\php2killifish\system\Database\BaseConnection.php(741): CodeIgniter\Database\MySQLi\Connection->execute('INSERT INTO `co...')
#2 E:\xampp\htdocs\php2killifish\php2killifish\system\Database\BaseConnection.php(669): CodeIgniter\Database\BaseConnection->simpleQuery('INSERT INTO `co...')
#3 E:\xampp\htdocs\php2killifish\php2killifish\system\Database\BaseBuilder.php(2249): CodeIgniter\Database\BaseConnection->query('INSERT INTO `co...', Array, false)
#4 E:\xampp\htdocs\php2killifish\php2killifish\system\Model.php(755): CodeIgniter\Database\BaseBuilder->insert()
#5 E:\xampp\htdocs\php2killifish\php2killifish\system\Model.php(574): CodeIgniter\Model->insert(Array, false)
#6 E:\xampp\htdocs\php2killifish\php2killifish\app\Controllers\CommentController.php(65): CodeIgniter\Model->save(Array)
#7 E:\xampp\htdocs\php2killifish\php2killifish\system\CodeIgniter.php(918): App\Controllers\CommentController->submit()
#8 E:\xampp\htdocs\php2killifish\php2killifish\system\CodeIgniter.php(404): CodeIgniter\CodeIgniter->runController(Object(App\Controllers\CommentController))
#9 E:\xampp\htdocs\php2killifish\php2killifish\system\CodeIgniter.php(312): CodeIgniter\CodeIgniter->handleRequest(NULL, Object(Config\Cache), false)
#10 E:\xampp\htdocs\php2killifish\php2killifish\public\index.php(45): CodeIgniter\CodeIgniter->run()
#11 {main}
CRITICAL - 2021-01-28 06:24:27 --> Call to undefined method App\Controllers\CommentController::get()
#0 E:\xampp\htdocs\php2killifish\php2killifish\system\CodeIgniter.php(918): App\Controllers\CommentController->submit()
#1 E:\xampp\htdocs\php2killifish\php2killifish\system\CodeIgniter.php(404): CodeIgniter\CodeIgniter->runController(Object(App\Controllers\CommentController))
#2 E:\xampp\htdocs\php2killifish\php2killifish\system\CodeIgniter.php(312): CodeIgniter\CodeIgniter->handleRequest(NULL, Object(Config\Cache), false)
#3 E:\xampp\htdocs\php2killifish\php2killifish\public\index.php(45): CodeIgniter\CodeIgniter->run()
#4 {main}
CRITICAL - 2021-01-28 06:24:54 --> Column 'commentParent' cannot be null
#0 E:\xampp\htdocs\php2killifish\php2killifish\system\Database\MySQLi\Connection.php(331): mysqli->query('INSERT INTO `co...')
#1 E:\xampp\htdocs\php2killifish\php2killifish\system\Database\BaseConnection.php(741): CodeIgniter\Database\MySQLi\Connection->execute('INSERT INTO `co...')
#2 E:\xampp\htdocs\php2killifish\php2killifish\system\Database\BaseConnection.php(669): CodeIgniter\Database\BaseConnection->simpleQuery('INSERT INTO `co...')
#3 E:\xampp\htdocs\php2killifish\php2killifish\system\Database\BaseBuilder.php(2249): CodeIgniter\Database\BaseConnection->query('INSERT INTO `co...', Array, false)
#4 E:\xampp\htdocs\php2killifish\php2killifish\system\Model.php(755): CodeIgniter\Database\BaseBuilder->insert()
#5 E:\xampp\htdocs\php2killifish\php2killifish\system\Model.php(574): CodeIgniter\Model->insert(Array, false)
#6 E:\xampp\htdocs\php2killifish\php2killifish\app\Controllers\CommentController.php(65): CodeIgniter\Model->save(Array)
#7 E:\xampp\htdocs\php2killifish\php2killifish\system\CodeIgniter.php(918): App\Controllers\CommentController->submit()
#8 E:\xampp\htdocs\php2killifish\php2killifish\system\CodeIgniter.php(404): CodeIgniter\CodeIgniter->runController(Object(App\Controllers\CommentController))
#9 E:\xampp\htdocs\php2killifish\php2killifish\system\CodeIgniter.php(312): CodeIgniter\CodeIgniter->handleRequest(NULL, Object(Config\Cache), false)
#10 E:\xampp\htdocs\php2killifish\php2killifish\public\index.php(45): CodeIgniter\CodeIgniter->run()
#11 {main}
CRITICAL - 2021-01-28 06:25:00 --> Column 'commentParent' cannot be null
#0 E:\xampp\htdocs\php2killifish\php2killifish\system\Database\MySQLi\Connection.php(331): mysqli->query('INSERT INTO `co...')
#1 E:\xampp\htdocs\php2killifish\php2killifish\system\Database\BaseConnection.php(741): CodeIgniter\Database\MySQLi\Connection->execute('INSERT INTO `co...')
#2 E:\xampp\htdocs\php2killifish\php2killifish\system\Database\BaseConnection.php(669): CodeIgniter\Database\BaseConnection->simpleQuery('INSERT INTO `co...')
#3 E:\xampp\htdocs\php2killifish\php2killifish\system\Database\BaseBuilder.php(2249): CodeIgniter\Database\BaseConnection->query('INSERT INTO `co...', Array, false)
#4 E:\xampp\htdocs\php2killifish\php2killifish\system\Model.php(755): CodeIgniter\Database\BaseBuilder->insert()
#5 E:\xampp\htdocs\php2killifish\php2killifish\system\Model.php(574): CodeIgniter\Model->insert(Array, false)
#6 E:\xampp\htdocs\php2killifish\php2killifish\app\Controllers\CommentController.php(65): CodeIgniter\Model->save(Array)
#7 E:\xampp\htdocs\php2killifish\php2killifish\system\CodeIgniter.php(918): App\Controllers\CommentController->submit()
#8 E:\xampp\htdocs\php2killifish\php2killifish\system\CodeIgniter.php(404): CodeIgniter\CodeIgniter->runController(Object(App\Controllers\CommentController))
#9 E:\xampp\htdocs\php2killifish\php2killifish\system\CodeIgniter.php(312): CodeIgniter\CodeIgniter->handleRequest(NULL, Object(Config\Cache), false)
#10 E:\xampp\htdocs\php2killifish\php2killifish\public\index.php(45): CodeIgniter\CodeIgniter->run()
#11 {main}
CRITICAL - 2021-01-28 06:25:14 --> Argument 1 passed to CodeIgniter\Session\Session::get() must be of the type string or null, array given, called in E:\xampp\htdocs\php2killifish\php2killifish\app\Controllers\CommentController.php on line 63
#0 E:\xampp\htdocs\php2killifish\php2killifish\app\Controllers\CommentController.php(63): CodeIgniter\Session\Session->get(Array)
#1 E:\xampp\htdocs\php2killifish\php2killifish\system\CodeIgniter.php(918): App\Controllers\CommentController->submit()
#2 E:\xampp\htdocs\php2killifish\php2killifish\system\CodeIgniter.php(404): CodeIgniter\CodeIgniter->runController(Object(App\Controllers\CommentController))
#3 E:\xampp\htdocs\php2killifish\php2killifish\system\CodeIgniter.php(312): CodeIgniter\CodeIgniter->handleRequest(NULL, Object(Config\Cache), false)
#4 E:\xampp\htdocs\php2killifish\php2killifish\public\index.php(45): CodeIgniter\CodeIgniter->run()
#5 {main}
CRITICAL - 2021-01-28 06:25:47 --> Column 'commentParent' cannot be null
#0 E:\xampp\htdocs\php2killifish\php2killifish\system\Database\MySQLi\Connection.php(331): mysqli->query('INSERT INTO `co...')
#1 E:\xampp\htdocs\php2killifish\php2killifish\system\Database\BaseConnection.php(741): CodeIgniter\Database\MySQLi\Connection->execute('INSERT INTO `co...')
#2 E:\xampp\htdocs\php2killifish\php2killifish\system\Database\BaseConnection.php(669): CodeIgniter\Database\BaseConnection->simpleQuery('INSERT INTO `co...')
#3 E:\xampp\htdocs\php2killifish\php2killifish\system\Database\BaseBuilder.php(2249): CodeIgniter\Database\BaseConnection->query('INSERT INTO `co...', Array, false)
#4 E:\xampp\htdocs\php2killifish\php2killifish\system\Model.php(755): CodeIgniter\Database\BaseBuilder->insert()
#5 E:\xampp\htdocs\php2killifish\php2killifish\system\Model.php(574): CodeIgniter\Model->insert(Array, false)
#6 E:\xampp\htdocs\php2killifish\php2killifish\app\Controllers\CommentController.php(65): CodeIgniter\Model->save(Array)
#7 E:\xampp\htdocs\php2killifish\php2killifish\system\CodeIgniter.php(918): App\Controllers\CommentController->submit()
#8 E:\xampp\htdocs\php2killifish\php2killifish\system\CodeIgniter.php(404): CodeIgniter\CodeIgniter->runController(Object(App\Controllers\CommentController))
#9 E:\xampp\htdocs\php2killifish\php2killifish\system\CodeIgniter.php(312): CodeIgniter\CodeIgniter->handleRequest(NULL, Object(Config\Cache), false)
#10 E:\xampp\htdocs\php2killifish\php2killifish\public\index.php(45): CodeIgniter\CodeIgniter->run()
#11 {main}
CRITICAL - 2021-01-28 06:28:30 --> Use of undefined constant uploads - assumed 'uploads' (this will throw an Error in a future version of PHP)
#0 E:\xampp\htdocs\php2killifish\php2killifish\app\Views\postDisplay.php(12): CodeIgniter\Debug\Exceptions->errorHandler(2, 'Use of undefine...', 'E:\\xampp\\htdocs...', 12, Array)
#1 E:\xampp\htdocs\php2killifish\php2killifish\system\View\View.php(246): include('E:\\xampp\\htdocs...')
#2 E:\xampp\htdocs\php2killifish\php2killifish\system\Common.php(1119): CodeIgniter\View\View->render('postDisplay', Array, true)
#3 E:\xampp\htdocs\php2killifish\php2killifish\app\Controllers\PostController.php(40): view('postDisplay', Array)
#4 E:\xampp\htdocs\php2killifish\php2killifish\system\CodeIgniter.php(918): App\Controllers\PostController->view('Part-3-hating-m...')
#5 E:\xampp\htdocs\php2killifish\php2killifish\system\CodeIgniter.php(404): CodeIgniter\CodeIgniter->runController(Object(App\Controllers\PostController))
#6 E:\xampp\htdocs\php2killifish\php2killifish\system\CodeIgniter.php(312): CodeIgniter\CodeIgniter->handleRequest(NULL, Object(Config\Cache), false)
#7 E:\xampp\htdocs\php2killifish\php2killifish\public\index.php(45): CodeIgniter\CodeIgniter->run()
#8 {main}
CRITICAL - 2021-01-28 06:30:07 --> Call to undefined method CodeIgniter\Session\Session::getPost()
#0 E:\xampp\htdocs\php2killifish\php2killifish\system\CodeIgniter.php(918): App\Controllers\CommentController->submit()
#1 E:\xampp\htdocs\php2killifish\php2killifish\system\CodeIgniter.php(404): CodeIgniter\CodeIgniter->runController(Object(App\Controllers\CommentController))
#2 E:\xampp\htdocs\php2killifish\php2killifish\system\CodeIgniter.php(312): CodeIgniter\CodeIgniter->handleRequest(NULL, Object(Config\Cache), false)
#3 E:\xampp\htdocs\php2killifish\php2killifish\public\index.php(45): CodeIgniter\CodeIgniter->run()
#4 {main}
CRITICAL - 2021-01-28 06:30:36 --> Call to undefined method CodeIgniter\Session\Session::getPost()
#0 E:\xampp\htdocs\php2killifish\php2killifish\system\CodeIgniter.php(918): App\Controllers\CommentController->submit()
#1 E:\xampp\htdocs\php2killifish\php2killifish\system\CodeIgniter.php(404): CodeIgniter\CodeIgniter->runController(Object(App\Controllers\CommentController))
#2 E:\xampp\htdocs\php2killifish\php2killifish\system\CodeIgniter.php(312): CodeIgniter\CodeIgniter->handleRequest(NULL, Object(Config\Cache), false)
#3 E:\xampp\htdocs\php2killifish\php2killifish\public\index.php(45): CodeIgniter\CodeIgniter->run()
#4 {main}
CRITICAL - 2021-01-28 06:30:47 --> Cannot add or update a child row: a foreign key constraint fails (`killifish_db`.`comments`, CONSTRAINT `FK_commentParent` FOREIGN KEY (`commentParent`) REFERENCES `posts` (`postID`) ON DELETE NO ACTION ON UPDATE NO ACTION)
#0 E:\xampp\htdocs\php2killifish\php2killifish\system\Database\MySQLi\Connection.php(331): mysqli->query('INSERT INTO `co...')
#1 E:\xampp\htdocs\php2killifish\php2killifish\system\Database\BaseConnection.php(741): CodeIgniter\Database\MySQLi\Connection->execute('INSERT INTO `co...')
#2 E:\xampp\htdocs\php2killifish\php2killifish\system\Database\BaseConnection.php(669): CodeIgniter\Database\BaseConnection->simpleQuery('INSERT INTO `co...')
#3 E:\xampp\htdocs\php2killifish\php2killifish\system\Database\BaseBuilder.php(2249): CodeIgniter\Database\BaseConnection->query('INSERT INTO `co...', Array, false)
#4 E:\xampp\htdocs\php2killifish\php2killifish\system\Model.php(755): CodeIgniter\Database\BaseBuilder->insert()
#5 E:\xampp\htdocs\php2killifish\php2killifish\system\Model.php(574): CodeIgniter\Model->insert(Array, false)
#6 E:\xampp\htdocs\php2killifish\php2killifish\app\Controllers\CommentController.php(66): CodeIgniter\Model->save(Array)
#7 E:\xampp\htdocs\php2killifish\php2killifish\system\CodeIgniter.php(918): App\Controllers\CommentController->submit()
#8 E:\xampp\htdocs\php2killifish\php2killifish\system\CodeIgniter.php(404): CodeIgniter\CodeIgniter->runController(Object(App\Controllers\CommentController))
#9 E:\xampp\htdocs\php2killifish\php2killifish\system\CodeIgniter.php(312): CodeIgniter\CodeIgniter->handleRequest(NULL, Object(Config\Cache), false)
#10 E:\xampp\htdocs\php2killifish\php2killifish\public\index.php(45): CodeIgniter\CodeIgniter->run()
#11 {main}
CRITICAL - 2021-01-28 06:30:55 --> Undefined variable: post
#0 E:\xampp\htdocs\php2killifish\php2killifish\app\Controllers\CommentController.php(74): CodeIgniter\Debug\Exceptions->errorHandler(8, 'Undefined varia...', 'E:\\xampp\\htdocs...', 74, Array)
#1 E:\xampp\htdocs\php2killifish\php2killifish\system\CodeIgniter.php(918): App\Controllers\CommentController->submit()
#2 E:\xampp\htdocs\php2killifish\php2killifish\system\CodeIgniter.php(404): CodeIgniter\CodeIgniter->runController(Object(App\Controllers\CommentController))
#3 E:\xampp\htdocs\php2killifish\php2killifish\system\CodeIgniter.php(312): CodeIgniter\CodeIgniter->handleRequest(NULL, Object(Config\Cache), false)
#4 E:\xampp\htdocs\php2killifish\php2killifish\public\index.php(45): CodeIgniter\CodeIgniter->run()
#5 {main}
CRITICAL - 2021-01-28 06:31:11 --> Undefined variable: postID
#0 E:\xampp\htdocs\php2killifish\php2killifish\app\Controllers\CommentController.php(52): CodeIgniter\Debug\Exceptions->errorHandler(8, 'Undefined varia...', 'E:\\xampp\\htdocs...', 52, Array)
#1 E:\xampp\htdocs\php2killifish\php2killifish\system\CodeIgniter.php(918): App\Controllers\CommentController->submit()
#2 E:\xampp\htdocs\php2killifish\php2killifish\system\CodeIgniter.php(404): CodeIgniter\CodeIgniter->runController(Object(App\Controllers\CommentController))
#3 E:\xampp\htdocs\php2killifish\php2killifish\system\CodeIgniter.php(312): CodeIgniter\CodeIgniter->handleRequest(NULL, Object(Config\Cache), false)
#4 E:\xampp\htdocs\php2killifish\php2killifish\public\index.php(45): CodeIgniter\CodeIgniter->run()
#5 {main}
CRITICAL - 2021-01-28 06:32:08 --> Call to undefined method CodeIgniter\HTTP\IncomingRequest::getPosts()
#0 E:\xampp\htdocs\php2killifish\php2killifish\system\CodeIgniter.php(918): App\Controllers\CommentController->submit()
#1 E:\xampp\htdocs\php2killifish\php2killifish\system\CodeIgniter.php(404): CodeIgniter\CodeIgniter->runController(Object(App\Controllers\CommentController))
#2 E:\xampp\htdocs\php2killifish\php2killifish\system\CodeIgniter.php(312): CodeIgniter\CodeIgniter->handleRequest(NULL, Object(Config\Cache), false)
#3 E:\xampp\htdocs\php2killifish\php2killifish\public\index.php(45): CodeIgniter\CodeIgniter->run()
#4 {main}
CRITICAL - 2021-01-28 06:33:10 --> Undefined index: postSlug
#0 E:\xampp\htdocs\php2killifish\php2killifish\app\Controllers\CommentController.php(74): CodeIgniter\Debug\Exceptions->errorHandler(8, 'Undefined index...', 'E:\\xampp\\htdocs...', 74, Array)
#1 E:\xampp\htdocs\php2killifish\php2killifish\system\CodeIgniter.php(918): App\Controllers\CommentController->submit()
#2 E:\xampp\htdocs\php2killifish\php2killifish\system\CodeIgniter.php(404): CodeIgniter\CodeIgniter->runController(Object(App\Controllers\CommentController))
#3 E:\xampp\htdocs\php2killifish\php2killifish\system\CodeIgniter.php(312): CodeIgniter\CodeIgniter->handleRequest(NULL, Object(Config\Cache), false)
#4 E:\xampp\htdocs\php2killifish\php2killifish\public\index.php(45): CodeIgniter\CodeIgniter->run()
#5 {main}
CRITICAL - 2021-01-28 06:33:14 --> Undefined index: postSlug
#0 E:\xampp\htdocs\php2killifish\php2killifish\app\Controllers\CommentController.php(74): CodeIgniter\Debug\Exceptions->errorHandler(8, 'Undefined index...', 'E:\\xampp\\htdocs...', 74, Array)
#1 E:\xampp\htdocs\php2killifish\php2killifish\system\CodeIgniter.php(918): App\Controllers\CommentController->submit()
#2 E:\xampp\htdocs\php2killifish\php2killifish\system\CodeIgniter.php(404): CodeIgniter\CodeIgniter->runController(Object(App\Controllers\CommentController))
#3 E:\xampp\htdocs\php2killifish\php2killifish\system\CodeIgniter.php(312): CodeIgniter\CodeIgniter->handleRequest(NULL, Object(Config\Cache), false)
#4 E:\xampp\htdocs\php2killifish\php2killifish\public\index.php(45): CodeIgniter\CodeIgniter->run()
#5 {main}
CRITICAL - 2021-01-28 06:33:35 --> Undefined index: postSlug
#0 E:\xampp\htdocs\php2killifish\php2killifish\app\Controllers\CommentController.php(74): CodeIgniter\Debug\Exceptions->errorHandler(8, 'Undefined index...', 'E:\\xampp\\htdocs...', 74, Array)
#1 E:\xampp\htdocs\php2killifish\php2killifish\system\CodeIgniter.php(918): App\Controllers\CommentController->submit()
#2 E:\xampp\htdocs\php2killifish\php2killifish\system\CodeIgniter.php(404): CodeIgniter\CodeIgniter->runController(Object(App\Controllers\CommentController))
#3 E:\xampp\htdocs\php2killifish\php2killifish\system\CodeIgniter.php(312): CodeIgniter\CodeIgniter->handleRequest(NULL, Object(Config\Cache), false)
#4 E:\xampp\htdocs\php2killifish\php2killifish\public\index.php(45): CodeIgniter\CodeIgniter->run()
#5 {main}
CRITICAL - 2021-01-28 06:41:44 --> Call to undefined method CodeIgniter\Session\Session::getPost()
#0 E:\xampp\htdocs\php2killifish\php2killifish\system\CodeIgniter.php(918): App\Controllers\CommentController->submit()
#1 E:\xampp\htdocs\php2killifish\php2killifish\system\CodeIgniter.php(404): CodeIgniter\CodeIgniter->runController(Object(App\Controllers\CommentController))
#2 E:\xampp\htdocs\php2killifish\php2killifish\system\CodeIgniter.php(312): CodeIgniter\CodeIgniter->handleRequest(NULL, Object(Config\Cache), false)
#3 E:\xampp\htdocs\php2killifish\php2killifish\public\index.php(45): CodeIgniter\CodeIgniter->run()
#4 {main}
CRITICAL - 2021-01-28 06:42:31 --> Column 'commentParent' cannot be null
#0 E:\xampp\htdocs\php2killifish\php2killifish\system\Database\MySQLi\Connection.php(331): mysqli->query('INSERT INTO `co...')
#1 E:\xampp\htdocs\php2killifish\php2killifish\system\Database\BaseConnection.php(741): CodeIgniter\Database\MySQLi\Connection->execute('INSERT INTO `co...')
#2 E:\xampp\htdocs\php2killifish\php2killifish\system\Database\BaseConnection.php(669): CodeIgniter\Database\BaseConnection->simpleQuery('INSERT INTO `co...')
#3 E:\xampp\htdocs\php2killifish\php2killifish\system\Database\BaseBuilder.php(2249): CodeIgniter\Database\BaseConnection->query('INSERT INTO `co...', Array, false)
#4 E:\xampp\htdocs\php2killifish\php2killifish\system\Model.php(755): CodeIgniter\Database\BaseBuilder->insert()
#5 E:\xampp\htdocs\php2killifish\php2killifish\system\Model.php(574): CodeIgniter\Model->insert(Array, false)
#6 E:\xampp\htdocs\php2killifish\php2killifish\app\Controllers\CommentController.php(66): CodeIgniter\Model->save(Array)
#7 E:\xampp\htdocs\php2killifish\php2killifish\system\CodeIgniter.php(918): App\Controllers\CommentController->submit()
#8 E:\xampp\htdocs\php2killifish\php2killifish\system\CodeIgniter.php(404): CodeIgniter\CodeIgniter->runController(Object(App\Controllers\CommentController))
#9 E:\xampp\htdocs\php2killifish\php2killifish\system\CodeIgniter.php(312): CodeIgniter\CodeIgniter->handleRequest(NULL, Object(Config\Cache), false)
#10 E:\xampp\htdocs\php2killifish\php2killifish\public\index.php(45): CodeIgniter\CodeIgniter->run()
#11 {main}
CRITICAL - 2021-01-28 06:43:18 --> Column 'commentParent' cannot be null
#0 E:\xampp\htdocs\php2killifish\php2killifish\system\Database\MySQLi\Connection.php(331): mysqli->query('INSERT INTO `co...')
#1 E:\xampp\htdocs\php2killifish\php2killifish\system\Database\BaseConnection.php(741): CodeIgniter\Database\MySQLi\Connection->execute('INSERT INTO `co...')
#2 E:\xampp\htdocs\php2killifish\php2killifish\system\Database\BaseConnection.php(669): CodeIgniter\Database\BaseConnection->simpleQuery('INSERT INTO `co...')
#3 E:\xampp\htdocs\php2killifish\php2killifish\system\Database\BaseBuilder.php(2249): CodeIgniter\Database\BaseConnection->query('INSERT INTO `co...', Array, false)
#4 E:\xampp\htdocs\php2killifish\php2killifish\system\Model.php(755): CodeIgniter\Database\BaseBuilder->insert()
#5 E:\xampp\htdocs\php2killifish\php2killifish\system\Model.php(574): CodeIgniter\Model->insert(Array, false)
#6 E:\xampp\htdocs\php2killifish\php2killifish\app\Controllers\CommentController.php(68): CodeIgniter\Model->save(Array)
#7 E:\xampp\htdocs\php2killifish\php2killifish\system\CodeIgniter.php(918): App\Controllers\CommentController->submit()
#8 E:\xampp\htdocs\php2killifish\php2killifish\system\CodeIgniter.php(404): CodeIgniter\CodeIgniter->runController(Object(App\Controllers\CommentController))
#9 E:\xampp\htdocs\php2killifish\php2killifish\system\CodeIgniter.php(312): CodeIgniter\CodeIgniter->handleRequest(NULL, Object(Config\Cache), false)
#10 E:\xampp\htdocs\php2killifish\php2killifish\public\index.php(45): CodeIgniter\CodeIgniter->run()
#11 {main}
CRITICAL - 2021-01-28 06:53:04 --> Call to undefined method CodeIgniter\HTTP\IncomingRequest::get()
#0 E:\xampp\htdocs\php2killifish\php2killifish\system\CodeIgniter.php(918): App\Controllers\CommentController->submit()
#1 E:\xampp\htdocs\php2killifish\php2killifish\system\CodeIgniter.php(404): CodeIgniter\CodeIgniter->runController(Object(App\Controllers\CommentController))
#2 E:\xampp\htdocs\php2killifish\php2killifish\system\CodeIgniter.php(312): CodeIgniter\CodeIgniter->handleRequest(NULL, Object(Config\Cache), false)
#3 E:\xampp\htdocs\php2killifish\php2killifish\public\index.php(45): CodeIgniter\CodeIgniter->run()
#4 {main}
CRITICAL - 2021-01-28 06:56:04 --> Call to undefined method CodeIgniter\HTTP\IncomingRequest::get()
#0 E:\xampp\htdocs\php2killifish\php2killifish\system\CodeIgniter.php(918): App\Controllers\CommentController->submit()
#1 E:\xampp\htdocs\php2killifish\php2killifish\system\CodeIgniter.php(404): CodeIgniter\CodeIgniter->runController(Object(App\Controllers\CommentController))
#2 E:\xampp\htdocs\php2killifish\php2killifish\system\CodeIgniter.php(312): CodeIgniter\CodeIgniter->handleRequest(NULL, Object(Config\Cache), false)
#3 E:\xampp\htdocs\php2killifish\php2killifish\public\index.php(45): CodeIgniter\CodeIgniter->run()
#4 {main}
CRITICAL - 2021-01-28 06:56:31 --> Column 'commentParent' cannot be null
#0 E:\xampp\htdocs\php2killifish\php2killifish\system\Database\MySQLi\Connection.php(331): mysqli->query('INSERT INTO `co...')
#1 E:\xampp\htdocs\php2killifish\php2killifish\system\Database\BaseConnection.php(741): CodeIgniter\Database\MySQLi\Connection->execute('INSERT INTO `co...')
#2 E:\xampp\htdocs\php2killifish\php2killifish\system\Database\BaseConnection.php(669): CodeIgniter\Database\BaseConnection->simpleQuery('INSERT INTO `co...')
#3 E:\xampp\htdocs\php2killifish\php2killifish\system\Database\BaseBuilder.php(2249): CodeIgniter\Database\BaseConnection->query('INSERT INTO `co...', Array, false)
#4 E:\xampp\htdocs\php2killifish\php2killifish\system\Model.php(755): CodeIgniter\Database\BaseBuilder->insert()
#5 E:\xampp\htdocs\php2killifish\php2killifish\system\Model.php(574): CodeIgniter\Model->insert(Array, false)
#6 E:\xampp\htdocs\php2killifish\php2killifish\app\Controllers\CommentController.php(65): CodeIgniter\Model->save(Array)
#7 E:\xampp\htdocs\php2killifish\php2killifish\system\CodeIgniter.php(918): App\Controllers\CommentController->submit()
#8 E:\xampp\htdocs\php2killifish\php2killifish\system\CodeIgniter.php(404): CodeIgniter\CodeIgniter->runController(Object(App\Controllers\CommentController))
#9 E:\xampp\htdocs\php2killifish\php2killifish\system\CodeIgniter.php(312): CodeIgniter\CodeIgniter->handleRequest(NULL, Object(Config\Cache), false)
#10 E:\xampp\htdocs\php2killifish\php2killifish\public\index.php(45): CodeIgniter\CodeIgniter->run()
#11 {main}
CRITICAL - 2021-01-28 06:56:34 --> Column 'commentParent' cannot be null
#0 E:\xampp\htdocs\php2killifish\php2killifish\system\Database\MySQLi\Connection.php(331): mysqli->query('INSERT INTO `co...')
#1 E:\xampp\htdocs\php2killifish\php2killifish\system\Database\BaseConnection.php(741): CodeIgniter\Database\MySQLi\Connection->execute('INSERT INTO `co...')
#2 E:\xampp\htdocs\php2killifish\php2killifish\system\Database\BaseConnection.php(669): CodeIgniter\Database\BaseConnection->simpleQuery('INSERT INTO `co...')
#3 E:\xampp\htdocs\php2killifish\php2killifish\system\Database\BaseBuilder.php(2249): CodeIgniter\Database\BaseConnection->query('INSERT INTO `co...', Array, false)
#4 E:\xampp\htdocs\php2killifish\php2killifish\system\Model.php(755): CodeIgniter\Database\BaseBuilder->insert()
#5 E:\xampp\htdocs\php2killifish\php2killifish\system\Model.php(574): CodeIgniter\Model->insert(Array, false)
#6 E:\xampp\htdocs\php2killifish\php2killifish\app\Controllers\CommentController.php(65): CodeIgniter\Model->save(Array)
#7 E:\xampp\htdocs\php2killifish\php2killifish\system\CodeIgniter.php(918): App\Controllers\CommentController->submit()
#8 E:\xampp\htdocs\php2killifish\php2killifish\system\CodeIgniter.php(404): CodeIgniter\CodeIgniter->runController(Object(App\Controllers\CommentController))
#9 E:\xampp\htdocs\php2killifish\php2killifish\system\CodeIgniter.php(312): CodeIgniter\CodeIgniter->handleRequest(NULL, Object(Config\Cache), false)
#10 E:\xampp\htdocs\php2killifish\php2killifish\public\index.php(45): CodeIgniter\CodeIgniter->run()
#11 {main}
CRITICAL - 2021-01-28 06:58:16 --> Cannot add or update a child row: a foreign key constraint fails (`killifish_db`.`comments`, CONSTRAINT `FK_commentParent` FOREIGN KEY (`commentParent`) REFERENCES `posts` (`postID`) ON DELETE NO ACTION ON UPDATE NO ACTION)
#0 E:\xampp\htdocs\php2killifish\php2killifish\system\Database\MySQLi\Connection.php(331): mysqli->query('INSERT INTO `co...')
#1 E:\xampp\htdocs\php2killifish\php2killifish\system\Database\BaseConnection.php(741): CodeIgniter\Database\MySQLi\Connection->execute('INSERT INTO `co...')
#2 E:\xampp\htdocs\php2killifish\php2killifish\system\Database\BaseConnection.php(669): CodeIgniter\Database\BaseConnection->simpleQuery('INSERT INTO `co...')
#3 E:\xampp\htdocs\php2killifish\php2killifish\system\Database\BaseBuilder.php(2249): CodeIgniter\Database\BaseConnection->query('INSERT INTO `co...', Array, false)
#4 E:\xampp\htdocs\php2killifish\php2killifish\system\Model.php(755): CodeIgniter\Database\BaseBuilder->insert()
#5 E:\xampp\htdocs\php2killifish\php2killifish\system\Model.php(574): CodeIgniter\Model->insert(Array, false)
#6 E:\xampp\htdocs\php2killifish\php2killifish\app\Controllers\CommentController.php(65): CodeIgniter\Model->save(Array)
#7 E:\xampp\htdocs\php2killifish\php2killifish\system\CodeIgniter.php(918): App\Controllers\CommentController->submit()
#8 E:\xampp\htdocs\php2killifish\php2killifish\system\CodeIgniter.php(404): CodeIgniter\CodeIgniter->runController(Object(App\Controllers\CommentController))
#9 E:\xampp\htdocs\php2killifish\php2killifish\system\CodeIgniter.php(312): CodeIgniter\CodeIgniter->handleRequest(NULL, Object(Config\Cache), false)
#10 E:\xampp\htdocs\php2killifish\php2killifish\public\index.php(45): CodeIgniter\CodeIgniter->run()
#11 {main}
CRITICAL - 2021-01-28 06:59:30 --> Undefined index: postSlug
#0 E:\xampp\htdocs\php2killifish\php2killifish\app\Controllers\CommentController.php(73): CodeIgniter\Debug\Exceptions->errorHandler(8, 'Undefined index...', 'E:\\xampp\\htdocs...', 73, Array)
#1 E:\xampp\htdocs\php2killifish\php2killifish\system\CodeIgniter.php(918): App\Controllers\CommentController->submit()
#2 E:\xampp\htdocs\php2killifish\php2killifish\system\CodeIgniter.php(404): CodeIgniter\CodeIgniter->runController(Object(App\Controllers\CommentController))
#3 E:\xampp\htdocs\php2killifish\php2killifish\system\CodeIgniter.php(312): CodeIgniter\CodeIgniter->handleRequest(NULL, Object(Config\Cache), false)
#4 E:\xampp\htdocs\php2killifish\php2killifish\public\index.php(45): CodeIgniter\CodeIgniter->run()
#5 {main}
CRITICAL - 2021-01-28 06:59:36 --> Undefined index: postSlug
#0 E:\xampp\htdocs\php2killifish\php2killifish\app\Controllers\CommentController.php(73): CodeIgniter\Debug\Exceptions->errorHandler(8, 'Undefined index...', 'E:\\xampp\\htdocs...', 73, Array)
#1 E:\xampp\htdocs\php2killifish\php2killifish\system\CodeIgniter.php(918): App\Controllers\CommentController->submit()
#2 E:\xampp\htdocs\php2killifish\php2killifish\system\CodeIgniter.php(404): CodeIgniter\CodeIgniter->runController(Object(App\Controllers\CommentController))
#3 E:\xampp\htdocs\php2killifish\php2killifish\system\CodeIgniter.php(312): CodeIgniter\CodeIgniter->handleRequest(NULL, Object(Config\Cache), false)
#4 E:\xampp\htdocs\php2killifish\php2killifish\public\index.php(45): CodeIgniter\CodeIgniter->run()
#5 {main}
CRITICAL - 2021-01-28 06:59:39 --> Undefined index: postSlug
#0 E:\xampp\htdocs\php2killifish\php2killifish\app\Controllers\CommentController.php(73): CodeIgniter\Debug\Exceptions->errorHandler(8, 'Undefined index...', 'E:\\xampp\\htdocs...', 73, Array)
#1 E:\xampp\htdocs\php2killifish\php2killifish\system\CodeIgniter.php(918): App\Controllers\CommentController->submit()
#2 E:\xampp\htdocs\php2killifish\php2killifish\system\CodeIgniter.php(404): CodeIgniter\CodeIgniter->runController(Object(App\Controllers\CommentController))
#3 E:\xampp\htdocs\php2killifish\php2killifish\system\CodeIgniter.php(312): CodeIgniter\CodeIgniter->handleRequest(NULL, Object(Config\Cache), false)
#4 E:\xampp\htdocs\php2killifish\php2killifish\public\index.php(45): CodeIgniter\CodeIgniter->run()
#5 {main}
CRITICAL - 2021-01-28 07:00:14 --> Undefined index: postSlug
#0 E:\xampp\htdocs\php2killifish\php2killifish\app\Controllers\CommentController.php(73): CodeIgniter\Debug\Exceptions->errorHandler(8, 'Undefined index...', 'E:\\xampp\\htdocs...', 73, Array)
#1 E:\xampp\htdocs\php2killifish\php2killifish\system\CodeIgniter.php(918): App\Controllers\CommentController->submit()
#2 E:\xampp\htdocs\php2killifish\php2killifish\system\CodeIgniter.php(404): CodeIgniter\CodeIgniter->runController(Object(App\Controllers\CommentController))
#3 E:\xampp\htdocs\php2killifish\php2killifish\system\CodeIgniter.php(312): CodeIgniter\CodeIgniter->handleRequest(NULL, Object(Config\Cache), false)
#4 E:\xampp\htdocs\php2killifish\php2killifish\public\index.php(45): CodeIgniter\CodeIgniter->run()
#5 {main}
CRITICAL - 2021-01-28 07:00:16 --> Undefined index: postSlug
#0 E:\xampp\htdocs\php2killifish\php2killifish\app\Controllers\CommentController.php(73): CodeIgniter\Debug\Exceptions->errorHandler(8, 'Undefined index...', 'E:\\xampp\\htdocs...', 73, Array)
#1 E:\xampp\htdocs\php2killifish\php2killifish\system\CodeIgniter.php(918): App\Controllers\CommentController->submit()
#2 E:\xampp\htdocs\php2killifish\php2killifish\system\CodeIgniter.php(404): CodeIgniter\CodeIgniter->runController(Object(App\Controllers\CommentController))
#3 E:\xampp\htdocs\php2killifish\php2killifish\system\CodeIgniter.php(312): CodeIgniter\CodeIgniter->handleRequest(NULL, Object(Config\Cache), false)
#4 E:\xampp\htdocs\php2killifish\php2killifish\public\index.php(45): CodeIgniter\CodeIgniter->run()
#5 {main}
CRITICAL - 2021-01-28 07:00:16 --> Undefined index: postID
#0 E:\xampp\htdocs\php2killifish\php2killifish\app\Controllers\CommentController.php(63): CodeIgniter\Debug\Exceptions->errorHandler(8, 'Undefined index...', 'E:\\xampp\\htdocs...', 63, Array)
#1 E:\xampp\htdocs\php2killifish\php2killifish\system\CodeIgniter.php(918): App\Controllers\CommentController->submit()
#2 E:\xampp\htdocs\php2killifish\php2killifish\system\CodeIgniter.php(404): CodeIgniter\CodeIgniter->runController(Object(App\Controllers\CommentController))
#3 E:\xampp\htdocs\php2killifish\php2killifish\system\CodeIgniter.php(312): CodeIgniter\CodeIgniter->handleRequest(NULL, Object(Config\Cache), false)
#4 E:\xampp\htdocs\php2killifish\php2killifish\public\index.php(45): CodeIgniter\CodeIgniter->run()
#5 {main}
CRITICAL - 2021-01-28 07:00:27 --> Undefined index: postID
#0 E:\xampp\htdocs\php2killifish\php2killifish\app\Controllers\CommentController.php(63): CodeIgniter\Debug\Exceptions->errorHandler(8, 'Undefined index...', 'E:\\xampp\\htdocs...', 63, Array)
#1 E:\xampp\htdocs\php2killifish\php2killifish\system\CodeIgniter.php(918): App\Controllers\CommentController->submit()
#2 E:\xampp\htdocs\php2killifish\php2killifish\system\CodeIgniter.php(404): CodeIgniter\CodeIgniter->runController(Object(App\Controllers\CommentController))
#3 E:\xampp\htdocs\php2killifish\php2killifish\system\CodeIgniter.php(312): CodeIgniter\CodeIgniter->handleRequest(NULL, Object(Config\Cache), false)
#4 E:\xampp\htdocs\php2killifish\php2killifish\public\index.php(45): CodeIgniter\CodeIgniter->run()
#5 {main}
CRITICAL - 2021-01-28 07:00:36 --> Undefined index: postID
#0 E:\xampp\htdocs\php2killifish\php2killifish\app\Controllers\CommentController.php(63): CodeIgniter\Debug\Exceptions->errorHandler(8, 'Undefined index...', 'E:\\xampp\\htdocs...', 63, Array)
#1 E:\xampp\htdocs\php2killifish\php2killifish\system\CodeIgniter.php(918): App\Controllers\CommentController->submit()
#2 E:\xampp\htdocs\php2killifish\php2killifish\system\CodeIgniter.php(404): CodeIgniter\CodeIgniter->runController(Object(App\Controllers\CommentController))
#3 E:\xampp\htdocs\php2killifish\php2killifish\system\CodeIgniter.php(312): CodeIgniter\CodeIgniter->handleRequest(NULL, Object(Config\Cache), false)
#4 E:\xampp\htdocs\php2killifish\php2killifish\public\index.php(45): CodeIgniter\CodeIgniter->run()
#5 {main}
CRITICAL - 2021-01-28 07:00:38 --> Undefined index: postID
#0 E:\xampp\htdocs\php2killifish\php2killifish\app\Controllers\CommentController.php(63): CodeIgniter\Debug\Exceptions->errorHandler(8, 'Undefined index...', 'E:\\xampp\\htdocs...', 63, Array)
#1 E:\xampp\htdocs\php2killifish\php2killifish\system\CodeIgniter.php(918): App\Controllers\CommentController->submit()
#2 E:\xampp\htdocs\php2killifish\php2killifish\system\CodeIgniter.php(404): CodeIgniter\CodeIgniter->runController(Object(App\Controllers\CommentController))
#3 E:\xampp\htdocs\php2killifish\php2killifish\system\CodeIgniter.php(312): CodeIgniter\CodeIgniter->handleRequest(NULL, Object(Config\Cache), false)
#4 E:\xampp\htdocs\php2killifish\php2killifish\public\index.php(45): CodeIgniter\CodeIgniter->run()
#5 {main}
CRITICAL - 2021-01-28 07:03:43 --> Undefined index: postSlug
#0 E:\xampp\htdocs\php2killifish\php2killifish\app\Controllers\CommentController.php(73): CodeIgniter\Debug\Exceptions->errorHandler(8, 'Undefined index...', 'E:\\xampp\\htdocs...', 73, Array)
#1 E:\xampp\htdocs\php2killifish\php2killifish\system\CodeIgniter.php(918): App\Controllers\CommentController->submit()
#2 E:\xampp\htdocs\php2killifish\php2killifish\system\CodeIgniter.php(404): CodeIgniter\CodeIgniter->runController(Object(App\Controllers\CommentController))
#3 E:\xampp\htdocs\php2killifish\php2killifish\system\CodeIgniter.php(312): CodeIgniter\CodeIgniter->handleRequest(NULL, Object(Config\Cache), false)
#4 E:\xampp\htdocs\php2killifish\php2killifish\public\index.php(45): CodeIgniter\CodeIgniter->run()
#5 {main}
CRITICAL - 2021-01-28 07:07:21 --> Undefined index: postID
#0 E:\xampp\htdocs\php2killifish\php2killifish\app\Controllers\CommentController.php(63): CodeIgniter\Debug\Exceptions->errorHandler(8, 'Undefined index...', 'E:\\xampp\\htdocs...', 63, Array)
#1 E:\xampp\htdocs\php2killifish\php2killifish\system\CodeIgniter.php(918): App\Controllers\CommentController->submit()
#2 E:\xampp\htdocs\php2killifish\php2killifish\system\CodeIgniter.php(404): CodeIgniter\CodeIgniter->runController(Object(App\Controllers\CommentController))
#3 E:\xampp\htdocs\php2killifish\php2killifish\system\CodeIgniter.php(312): CodeIgniter\CodeIgniter->handleRequest(NULL, Object(Config\Cache), false)
#4 E:\xampp\htdocs\php2killifish\php2killifish\public\index.php(45): CodeIgniter\CodeIgniter->run()
#5 {main}
CRITICAL - 2021-01-28 07:07:30 --> Undefined index: postID
#0 E:\xampp\htdocs\php2killifish\php2killifish\app\Controllers\CommentController.php(63): CodeIgniter\Debug\Exceptions->errorHandler(8, 'Undefined index...', 'E:\\xampp\\htdocs...', 63, Array)
#1 E:\xampp\htdocs\php2killifish\php2killifish\system\CodeIgniter.php(918): App\Controllers\CommentController->submit()
#2 E:\xampp\htdocs\php2killifish\php2killifish\system\CodeIgniter.php(404): CodeIgniter\CodeIgniter->runController(Object(App\Controllers\CommentController))
#3 E:\xampp\htdocs\php2killifish\php2killifish\system\CodeIgniter.php(312): CodeIgniter\CodeIgniter->handleRequest(NULL, Object(Config\Cache), false)
#4 E:\xampp\htdocs\php2killifish\php2killifish\public\index.php(45): CodeIgniter\CodeIgniter->run()
#5 {main}
CRITICAL - 2021-01-28 07:07:40 --> Column 'commentParent' cannot be null
#0 E:\xampp\htdocs\php2killifish\php2killifish\system\Database\MySQLi\Connection.php(331): mysqli->query('INSERT INTO `co...')
#1 E:\xampp\htdocs\php2killifish\php2killifish\system\Database\BaseConnection.php(741): CodeIgniter\Database\MySQLi\Connection->execute('INSERT INTO `co...')
#2 E:\xampp\htdocs\php2killifish\php2killifish\system\Database\BaseConnection.php(669): CodeIgniter\Database\BaseConnection->simpleQuery('INSERT INTO `co...')
#3 E:\xampp\htdocs\php2killifish\php2killifish\system\Database\BaseBuilder.php(2249): CodeIgniter\Database\BaseConnection->query('INSERT INTO `co...', Array, false)
#4 E:\xampp\htdocs\php2killifish\php2killifish\system\Model.php(755): CodeIgniter\Database\BaseBuilder->insert()
#5 E:\xampp\htdocs\php2killifish\php2killifish\system\Model.php(574): CodeIgniter\Model->insert(Array, false)
#6 E:\xampp\htdocs\php2killifish\php2killifish\app\Controllers\CommentController.php(65): CodeIgniter\Model->save(Array)
#7 E:\xampp\htdocs\php2killifish\php2killifish\system\CodeIgniter.php(918): App\Controllers\CommentController->submit()
#8 E:\xampp\htdocs\php2killifish\php2killifish\system\CodeIgniter.php(404): CodeIgniter\CodeIgniter->runController(Object(App\Controllers\CommentController))
#9 E:\xampp\htdocs\php2killifish\php2killifish\system\CodeIgniter.php(312): CodeIgniter\CodeIgniter->handleRequest(NULL, Object(Config\Cache), false)
#10 E:\xampp\htdocs\php2killifish\php2killifish\public\index.php(45): CodeIgniter\CodeIgniter->run()
#11 {main}
CRITICAL - 2021-01-28 07:07:43 --> Undefined index: postID
#0 E:\xampp\htdocs\php2killifish\php2killifish\app\Controllers\CommentController.php(63): CodeIgniter\Debug\Exceptions->errorHandler(8, 'Undefined index...', 'E:\\xampp\\htdocs...', 63, Array)
#1 E:\xampp\htdocs\php2killifish\php2killifish\system\CodeIgniter.php(918): App\Controllers\CommentController->submit()
#2 E:\xampp\htdocs\php2killifish\php2killifish\system\CodeIgniter.php(404): CodeIgniter\CodeIgniter->runController(Object(App\Controllers\CommentController))
#3 E:\xampp\htdocs\php2killifish\php2killifish\system\CodeIgniter.php(312): CodeIgniter\CodeIgniter->handleRequest(NULL, Object(Config\Cache), false)
#4 E:\xampp\htdocs\php2killifish\php2killifish\public\index.php(45): CodeIgniter\CodeIgniter->run()
#5 {main}
CRITICAL - 2021-01-28 07:12:26 --> Call to undefined method App\Controllers\CommentController::getPost()
#0 E:\xampp\htdocs\php2killifish\php2killifish\system\CodeIgniter.php(918): App\Controllers\CommentController->submit()
#1 E:\xampp\htdocs\php2killifish\php2killifish\system\CodeIgniter.php(404): CodeIgniter\CodeIgniter->runController(Object(App\Controllers\CommentController))
#2 E:\xampp\htdocs\php2killifish\php2killifish\system\CodeIgniter.php(312): CodeIgniter\CodeIgniter->handleRequest(NULL, Object(Config\Cache), false)
#3 E:\xampp\htdocs\php2killifish\php2killifish\public\index.php(45): CodeIgniter\CodeIgniter->run()
#4 {main}
CRITICAL - 2021-01-28 07:12:29 --> Call to undefined method App\Controllers\CommentController::getPost()
#0 E:\xampp\htdocs\php2killifish\php2killifish\system\CodeIgniter.php(918): App\Controllers\CommentController->submit()
#1 E:\xampp\htdocs\php2killifish\php2killifish\system\CodeIgniter.php(404): CodeIgniter\CodeIgniter->runController(Object(App\Controllers\CommentController))
#2 E:\xampp\htdocs\php2killifish\php2killifish\system\CodeIgniter.php(312): CodeIgniter\CodeIgniter->handleRequest(NULL, Object(Config\Cache), false)
#3 E:\xampp\htdocs\php2killifish\php2killifish\public\index.php(45): CodeIgniter\CodeIgniter->run()
#4 {main}
CRITICAL - 2021-01-28 07:12:32 --> Call to undefined method App\Controllers\CommentController::getPost()
#0 E:\xampp\htdocs\php2killifish\php2killifish\system\CodeIgniter.php(918): App\Controllers\CommentController->submit()
#1 E:\xampp\htdocs\php2killifish\php2killifish\system\CodeIgniter.php(404): CodeIgniter\CodeIgniter->runController(Object(App\Controllers\CommentController))
#2 E:\xampp\htdocs\php2killifish\php2killifish\system\CodeIgniter.php(312): CodeIgniter\CodeIgniter->handleRequest(NULL, Object(Config\Cache), false)
#3 E:\xampp\htdocs\php2killifish\php2killifish\public\index.php(45): CodeIgniter\CodeIgniter->run()
#4 {main}
CRITICAL - 2021-01-28 07:15:08 --> Operand should contain 1 column(s)
#0 E:\xampp\htdocs\php2killifish\php2killifish\system\Database\MySQLi\Connection.php(331): mysqli->query('INSERT INTO `co...')
#1 E:\xampp\htdocs\php2killifish\php2killifish\system\Database\BaseConnection.php(741): CodeIgniter\Database\MySQLi\Connection->execute('INSERT INTO `co...')
#2 E:\xampp\htdocs\php2killifish\php2killifish\system\Database\BaseConnection.php(669): CodeIgniter\Database\BaseConnection->simpleQuery('INSERT INTO `co...')
#3 E:\xampp\htdocs\php2killifish\php2killifish\system\Database\BaseBuilder.php(2249): CodeIgniter\Database\BaseConnection->query('INSERT INTO `co...', Array, false)
#4 E:\xampp\htdocs\php2killifish\php2killifish\system\Model.php(755): CodeIgniter\Database\BaseBuilder->insert()
#5 E:\xampp\htdocs\php2killifish\php2killifish\system\Model.php(574): CodeIgniter\Model->insert(Array, false)
#6 E:\xampp\htdocs\php2killifish\php2killifish\app\Controllers\CommentController.php(65): CodeIgniter\Model->save(Array)
#7 E:\xampp\htdocs\php2killifish\php2killifish\system\CodeIgniter.php(918): App\Controllers\CommentController->submit()
#8 E:\xampp\htdocs\php2killifish\php2killifish\system\CodeIgniter.php(404): CodeIgniter\CodeIgniter->runController(Object(App\Controllers\CommentController))
#9 E:\xampp\htdocs\php2killifish\php2killifish\system\CodeIgniter.php(312): CodeIgniter\CodeIgniter->handleRequest(NULL, Object(Config\Cache), false)
#10 E:\xampp\htdocs\php2killifish\php2killifish\public\index.php(45): CodeIgniter\CodeIgniter->run()
#11 {main}
CRITICAL - 2021-01-28 07:15:10 --> Operand should contain 1 column(s)
#0 E:\xampp\htdocs\php2killifish\php2killifish\system\Database\MySQLi\Connection.php(331): mysqli->query('INSERT INTO `co...')
#1 E:\xampp\htdocs\php2killifish\php2killifish\system\Database\BaseConnection.php(741): CodeIgniter\Database\MySQLi\Connection->execute('INSERT INTO `co...')
#2 E:\xampp\htdocs\php2killifish\php2killifish\system\Database\BaseConnection.php(669): CodeIgniter\Database\BaseConnection->simpleQuery('INSERT INTO `co...')
#3 E:\xampp\htdocs\php2killifish\php2killifish\system\Database\BaseBuilder.php(2249): CodeIgniter\Database\BaseConnection->query('INSERT INTO `co...', Array, false)
#4 E:\xampp\htdocs\php2killifish\php2killifish\system\Model.php(755): CodeIgniter\Database\BaseBuilder->insert()
#5 E:\xampp\htdocs\php2killifish\php2killifish\system\Model.php(574): CodeIgniter\Model->insert(Array, false)
#6 E:\xampp\htdocs\php2killifish\php2killifish\app\Controllers\CommentController.php(65): CodeIgniter\Model->save(Array)
#7 E:\xampp\htdocs\php2killifish\php2killifish\system\CodeIgniter.php(918): App\Controllers\CommentController->submit()
#8 E:\xampp\htdocs\php2killifish\php2killifish\system\CodeIgniter.php(404): CodeIgniter\CodeIgniter->runController(Object(App\Controllers\CommentController))
#9 E:\xampp\htdocs\php2killifish\php2killifish\system\CodeIgniter.php(312): CodeIgniter\CodeIgniter->handleRequest(NULL, Object(Config\Cache), false)
#10 E:\xampp\htdocs\php2killifish\php2killifish\public\index.php(45): CodeIgniter\CodeIgniter->run()
#11 {main}
CRITICAL - 2021-01-28 07:15:21 --> Operand should contain 1 column(s)
#0 E:\xampp\htdocs\php2killifish\php2killifish\system\Database\MySQLi\Connection.php(331): mysqli->query('INSERT INTO `co...')
#1 E:\xampp\htdocs\php2killifish\php2killifish\system\Database\BaseConnection.php(741): CodeIgniter\Database\MySQLi\Connection->execute('INSERT INTO `co...')
#2 E:\xampp\htdocs\php2killifish\php2killifish\system\Database\BaseConnection.php(669): CodeIgniter\Database\BaseConnection->simpleQuery('INSERT INTO `co...')
#3 E:\xampp\htdocs\php2killifish\php2killifish\system\Database\BaseBuilder.php(2249): CodeIgniter\Database\BaseConnection->query('INSERT INTO `co...', Array, false)
#4 E:\xampp\htdocs\php2killifish\php2killifish\system\Model.php(755): CodeIgniter\Database\BaseBuilder->insert()
#5 E:\xampp\htdocs\php2killifish\php2killifish\system\Model.php(574): CodeIgniter\Model->insert(Array, false)
#6 E:\xampp\htdocs\php2killifish\php2killifish\app\Controllers\CommentController.php(65): CodeIgniter\Model->save(Array)
#7 E:\xampp\htdocs\php2killifish\php2killifish\system\CodeIgniter.php(918): App\Controllers\CommentController->submit()
#8 E:\xampp\htdocs\php2killifish\php2killifish\system\CodeIgniter.php(404): CodeIgniter\CodeIgniter->runController(Object(App\Controllers\CommentController))
#9 E:\xampp\htdocs\php2killifish\php2killifish\system\CodeIgniter.php(312): CodeIgniter\CodeIgniter->handleRequest(NULL, Object(Config\Cache), false)
#10 E:\xampp\htdocs\php2killifish\php2killifish\public\index.php(45): CodeIgniter\CodeIgniter->run()
#11 {main}
CRITICAL - 2021-01-28 07:25:40 --> Operand should contain 1 column(s)
#0 E:\xampp\htdocs\php2killifish\php2killifish\system\Database\MySQLi\Connection.php(331): mysqli->query('INSERT INTO `co...')
#1 E:\xampp\htdocs\php2killifish\php2killifish\system\Database\BaseConnection.php(741): CodeIgniter\Database\MySQLi\Connection->execute('INSERT INTO `co...')
#2 E:\xampp\htdocs\php2killifish\php2killifish\system\Database\BaseConnection.php(669): CodeIgniter\Database\BaseConnection->simpleQuery('INSERT INTO `co...')
#3 E:\xampp\htdocs\php2killifish\php2killifish\system\Database\BaseBuilder.php(2249): CodeIgniter\Database\BaseConnection->query('INSERT INTO `co...', Array, false)
#4 E:\xampp\htdocs\php2killifish\php2killifish\system\Model.php(755): CodeIgniter\Database\BaseBuilder->insert()
#5 E:\xampp\htdocs\php2killifish\php2killifish\system\Model.php(574): CodeIgniter\Model->insert(Array, false)
#6 E:\xampp\htdocs\php2killifish\php2killifish\app\Controllers\CommentController.php(65): CodeIgniter\Model->save(Array)
#7 E:\xampp\htdocs\php2killifish\php2killifish\system\CodeIgniter.php(918): App\Controllers\CommentController->submit()
#8 E:\xampp\htdocs\php2killifish\php2killifish\system\CodeIgniter.php(404): CodeIgniter\CodeIgniter->runController(Object(App\Controllers\CommentController))
#9 E:\xampp\htdocs\php2killifish\php2killifish\system\CodeIgniter.php(312): CodeIgniter\CodeIgniter->handleRequest(NULL, Object(Config\Cache), false)
#10 E:\xampp\htdocs\php2killifish\php2killifish\public\index.php(45): CodeIgniter\CodeIgniter->run()
#11 {main}
CRITICAL - 2021-01-28 07:25:45 --> Operand should contain 1 column(s)
#0 E:\xampp\htdocs\php2killifish\php2killifish\system\Database\MySQLi\Connection.php(331): mysqli->query('INSERT INTO `co...')
#1 E:\xampp\htdocs\php2killifish\php2killifish\system\Database\BaseConnection.php(741): CodeIgniter\Database\MySQLi\Connection->execute('INSERT INTO `co...')
#2 E:\xampp\htdocs\php2killifish\php2killifish\system\Database\BaseConnection.php(669): CodeIgniter\Database\BaseConnection->simpleQuery('INSERT INTO `co...')
#3 E:\xampp\htdocs\php2killifish\php2killifish\system\Database\BaseBuilder.php(2249): CodeIgniter\Database\BaseConnection->query('INSERT INTO `co...', Array, false)
#4 E:\xampp\htdocs\php2killifish\php2killifish\system\Model.php(755): CodeIgniter\Database\BaseBuilder->insert()
#5 E:\xampp\htdocs\php2killifish\php2killifish\system\Model.php(574): CodeIgniter\Model->insert(Array, false)
#6 E:\xampp\htdocs\php2killifish\php2killifish\app\Controllers\CommentController.php(65): CodeIgniter\Model->save(Array)
#7 E:\xampp\htdocs\php2killifish\php2killifish\system\CodeIgniter.php(918): App\Controllers\CommentController->submit()
#8 E:\xampp\htdocs\php2killifish\php2killifish\system\CodeIgniter.php(404): CodeIgniter\CodeIgniter->runController(Object(App\Controllers\CommentController))
#9 E:\xampp\htdocs\php2killifish\php2killifish\system\CodeIgniter.php(312): CodeIgniter\CodeIgniter->handleRequest(NULL, Object(Config\Cache), false)
#10 E:\xampp\htdocs\php2killifish\php2killifish\public\index.php(45): CodeIgniter\CodeIgniter->run()
#11 {main}
CRITICAL - 2021-01-28 07:33:48 --> Call to undefined method App\Controllers\CommentController::getPost()
#0 E:\xampp\htdocs\php2killifish\php2killifish\system\CodeIgniter.php(918): App\Controllers\CommentController->submit()
#1 E:\xampp\htdocs\php2killifish\php2killifish\system\CodeIgniter.php(404): CodeIgniter\CodeIgniter->runController(Object(App\Controllers\CommentController))
#2 E:\xampp\htdocs\php2killifish\php2killifish\system\CodeIgniter.php(312): CodeIgniter\CodeIgniter->handleRequest(NULL, Object(Config\Cache), false)
#3 E:\xampp\htdocs\php2killifish\php2killifish\public\index.php(45): CodeIgniter\CodeIgniter->run()
#4 {main}
CRITICAL - 2021-01-28 07:59:08 --> syntax error, unexpected end of file, expecting elseif (T_ELSEIF) or else (T_ELSE) or endif (T_ENDIF)
#0 E:\xampp\htdocs\php2killifish\php2killifish\system\Common.php(1119): CodeIgniter\View\View->render('postSubmit', Array, true)
#1 E:\xampp\htdocs\php2killifish\php2killifish\app\Controllers\PostController.php(77): view('postSubmit')
#2 E:\xampp\htdocs\php2killifish\php2killifish\system\CodeIgniter.php(918): App\Controllers\PostController->submit()
#3 E:\xampp\htdocs\php2killifish\php2killifish\system\CodeIgniter.php(404): CodeIgniter\CodeIgniter->runController(Object(App\Controllers\PostController))
#4 E:\xampp\htdocs\php2killifish\php2killifish\system\CodeIgniter.php(312): CodeIgniter\CodeIgniter->handleRequest(NULL, Object(Config\Cache), false)
#5 E:\xampp\htdocs\php2killifish\php2killifish\public\index.php(45): CodeIgniter\CodeIgniter->run()
#6 {main}
CRITICAL - 2021-01-28 07:59:26 --> syntax error, unexpected '==' (T_IS_EQUAL)
#0 E:\xampp\htdocs\php2killifish\php2killifish\system\Common.php(1119): CodeIgniter\View\View->render('postSubmit', Array, true)
#1 E:\xampp\htdocs\php2killifish\php2killifish\app\Controllers\PostController.php(77): view('postSubmit')
#2 E:\xampp\htdocs\php2killifish\php2killifish\system\CodeIgniter.php(918): App\Controllers\PostController->submit()
#3 E:\xampp\htdocs\php2killifish\php2killifish\system\CodeIgniter.php(404): CodeIgniter\CodeIgniter->runController(Object(App\Controllers\PostController))
#4 E:\xampp\htdocs\php2killifish\php2killifish\system\CodeIgniter.php(312): CodeIgniter\CodeIgniter->handleRequest(NULL, Object(Config\Cache), false)
#5 E:\xampp\htdocs\php2killifish\php2killifish\public\index.php(45): CodeIgniter\CodeIgniter->run()
#6 {main}
CRITICAL - 2021-01-28 07:59:28 --> syntax error, unexpected '==' (T_IS_EQUAL)
#0 E:\xampp\htdocs\php2killifish\php2killifish\system\Common.php(1119): CodeIgniter\View\View->render('postSubmit', Array, true)
#1 E:\xampp\htdocs\php2killifish\php2killifish\app\Controllers\PostController.php(77): view('postSubmit')
#2 E:\xampp\htdocs\php2killifish\php2killifish\system\CodeIgniter.php(918): App\Controllers\PostController->submit()
#3 E:\xampp\htdocs\php2killifish\php2killifish\system\CodeIgniter.php(404): CodeIgniter\CodeIgniter->runController(Object(App\Controllers\PostController))
#4 E:\xampp\htdocs\php2killifish\php2killifish\system\CodeIgniter.php(312): CodeIgniter\CodeIgniter->handleRequest(NULL, Object(Config\Cache), false)
#5 E:\xampp\htdocs\php2killifish\php2killifish\public\index.php(45): CodeIgniter\CodeIgniter->run()
#6 {main}
CRITICAL - 2021-01-28 07:59:44 --> syntax error, unexpected '==' (T_IS_EQUAL)
#0 E:\xampp\htdocs\php2killifish\php2killifish\system\Common.php(1119): CodeIgniter\View\View->render('postSubmit', Array, true)
#1 E:\xampp\htdocs\php2killifish\php2killifish\app\Controllers\PostController.php(77): view('postSubmit')
#2 E:\xampp\htdocs\php2killifish\php2killifish\system\CodeIgniter.php(918): App\Controllers\PostController->submit()
#3 E:\xampp\htdocs\php2killifish\php2killifish\system\CodeIgniter.php(404): CodeIgniter\CodeIgniter->runController(Object(App\Controllers\PostController))
#4 E:\xampp\htdocs\php2killifish\php2killifish\system\CodeIgniter.php(312): CodeIgniter\CodeIgniter->handleRequest(NULL, Object(Config\Cache), false)
#5 E:\xampp\htdocs\php2killifish\php2killifish\public\index.php(45): CodeIgniter\CodeIgniter->run()
#6 {main}
CRITICAL - 2021-01-28 07:59:48 --> syntax error, unexpected '==' (T_IS_EQUAL)
#0 E:\xampp\htdocs\php2killifish\php2killifish\system\Common.php(1119): CodeIgniter\View\View->render('postSubmit', Array, true)
#1 E:\xampp\htdocs\php2killifish\php2killifish\app\Controllers\PostController.php(77): view('postSubmit')
#2 E:\xampp\htdocs\php2killifish\php2killifish\system\CodeIgniter.php(918): App\Controllers\PostController->submit()
#3 E:\xampp\htdocs\php2killifish\php2killifish\system\CodeIgniter.php(404): CodeIgniter\CodeIgniter->runController(Object(App\Controllers\PostController))
#4 E:\xampp\htdocs\php2killifish\php2killifish\system\CodeIgniter.php(312): CodeIgniter\CodeIgniter->handleRequest(NULL, Object(Config\Cache), false)
#5 E:\xampp\htdocs\php2killifish\php2killifish\public\index.php(45): CodeIgniter\CodeIgniter->run()
#6 {main}
CRITICAL - 2021-01-28 07:59:55 --> syntax error, unexpected '==' (T_IS_EQUAL)
#0 E:\xampp\htdocs\php2killifish\php2killifish\system\Common.php(1119): CodeIgniter\View\View->render('postSubmit', Array, true)
#1 E:\xampp\htdocs\php2killifish\php2killifish\app\Controllers\PostController.php(77): view('postSubmit')
#2 E:\xampp\htdocs\php2killifish\php2killifish\system\CodeIgniter.php(918): App\Controllers\PostController->submit()
#3 E:\xampp\htdocs\php2killifish\php2killifish\system\CodeIgniter.php(404): CodeIgniter\CodeIgniter->runController(Object(App\Controllers\PostController))
#4 E:\xampp\htdocs\php2killifish\php2killifish\system\CodeIgniter.php(312): CodeIgniter\CodeIgniter->handleRequest(NULL, Object(Config\Cache), false)
#5 E:\xampp\htdocs\php2killifish\php2killifish\public\index.php(45): CodeIgniter\CodeIgniter->run()
#6 {main}
CRITICAL - 2021-01-28 08:07:59 --> syntax error, unexpected end of file, expecting elseif (T_ELSEIF) or else (T_ELSE) or endif (T_ENDIF)
#0 E:\xampp\htdocs\php2killifish\php2killifish\system\Common.php(1119): CodeIgniter\View\View->render('postSubmit', Array, true)
#1 E:\xampp\htdocs\php2killifish\php2killifish\app\Controllers\PostController.php(77): view('postSubmit')
#2 E:\xampp\htdocs\php2killifish\php2killifish\system\CodeIgniter.php(918): App\Controllers\PostController->submit()
#3 E:\xampp\htdocs\php2killifish\php2killifish\system\CodeIgniter.php(404): CodeIgniter\CodeIgniter->runController(Object(App\Controllers\PostController))
#4 E:\xampp\htdocs\php2killifish\php2killifish\system\CodeIgniter.php(312): CodeIgniter\CodeIgniter->handleRequest(NULL, Object(Config\Cache), false)
#5 E:\xampp\htdocs\php2killifish\php2killifish\public\index.php(45): CodeIgniter\CodeIgniter->run()
#6 {main}
CRITICAL - 2021-01-28 08:11:03 --> Class 'App\Controllers\CommentModel' not found
#0 E:\xampp\htdocs\php2killifish\php2killifish\system\CodeIgniter.php(918): App\Controllers\PostController->view('Part-54-of-hati...')
#1 E:\xampp\htdocs\php2killifish\php2killifish\system\CodeIgniter.php(404): CodeIgniter\CodeIgniter->runController(Object(App\Controllers\PostController))
#2 E:\xampp\htdocs\php2killifish\php2killifish\system\CodeIgniter.php(312): CodeIgniter\CodeIgniter->handleRequest(NULL, Object(Config\Cache), false)
#3 E:\xampp\htdocs\php2killifish\php2killifish\public\index.php(45): CodeIgniter\CodeIgniter->run()
#4 {main}
CRITICAL - 2021-01-28 08:16:11 --> Call to undefined method App\Models\CommentModel::getPosts
#0 E:\xampp\htdocs\php2killifish\php2killifish\app\Controllers\PostController.php(31): CodeIgniter\Model->__call('getPosts', Array)
#1 E:\xampp\htdocs\php2killifish\php2killifish\system\CodeIgniter.php(918): App\Controllers\PostController->view('Part-54-of-hati...')
#2 E:\xampp\htdocs\php2killifish\php2killifish\system\CodeIgniter.php(404): CodeIgniter\CodeIgniter->runController(Object(App\Controllers\PostController))
#3 E:\xampp\htdocs\php2killifish\php2killifish\system\CodeIgniter.php(312): CodeIgniter\CodeIgniter->handleRequest(NULL, Object(Config\Cache), false)
#4 E:\xampp\htdocs\php2killifish\php2killifish\public\index.php(45): CodeIgniter\CodeIgniter->run()
#5 {main}
CRITICAL - 2021-01-28 08:17:16 --> Call to undefined method App\Models\CommentModel::getPosts
#0 E:\xampp\htdocs\php2killifish\php2killifish\app\Controllers\PostController.php(31): CodeIgniter\Model->__call('getPosts', Array)
#1 E:\xampp\htdocs\php2killifish\php2killifish\system\CodeIgniter.php(918): App\Controllers\PostController->view('Part-54-of-hati...')
#2 E:\xampp\htdocs\php2killifish\php2killifish\system\CodeIgniter.php(404): CodeIgniter\CodeIgniter->runController(Object(App\Controllers\PostController))
#3 E:\xampp\htdocs\php2killifish\php2killifish\system\CodeIgniter.php(312): CodeIgniter\CodeIgniter->handleRequest(NULL, Object(Config\Cache), false)
#4 E:\xampp\htdocs\php2killifish\php2killifish\public\index.php(45): CodeIgniter\CodeIgniter->run()
#5 {main}
CRITICAL - 2021-01-28 08:17:25 --> Call to undefined method App\Models\CommentModel::getPosts
#0 E:\xampp\htdocs\php2killifish\php2killifish\app\Controllers\PostController.php(31): CodeIgniter\Model->__call('getPosts', Array)
#1 E:\xampp\htdocs\php2killifish\php2killifish\system\CodeIgniter.php(918): App\Controllers\PostController->view('Part-54-of-hati...')
#2 E:\xampp\htdocs\php2killifish\php2killifish\system\CodeIgniter.php(404): CodeIgniter\CodeIgniter->runController(Object(App\Controllers\PostController))
#3 E:\xampp\htdocs\php2killifish\php2killifish\system\CodeIgniter.php(312): CodeIgniter\CodeIgniter->handleRequest(NULL, Object(Config\Cache), false)
#4 E:\xampp\htdocs\php2killifish\php2killifish\public\index.php(45): CodeIgniter\CodeIgniter->run()
#5 {main}
CRITICAL - 2021-01-28 08:45:54 --> Undefined index: comments
#0 E:\xampp\htdocs\php2killifish\php2killifish\app\Controllers\PostController.php(43): CodeIgniter\Debug\Exceptions->errorHandler(8, 'Undefined index...', 'E:\\xampp\\htdocs...', 43, Array)
#1 E:\xampp\htdocs\php2killifish\php2killifish\system\CodeIgniter.php(918): App\Controllers\PostController->view('Part-54-of-hati...')
#2 E:\xampp\htdocs\php2killifish\php2killifish\system\CodeIgniter.php(404): CodeIgniter\CodeIgniter->runController(Object(App\Controllers\PostController))
#3 E:\xampp\htdocs\php2killifish\php2killifish\system\CodeIgniter.php(312): CodeIgniter\CodeIgniter->handleRequest(NULL, Object(Config\Cache), false)
#4 E:\xampp\htdocs\php2killifish\php2killifish\public\index.php(45): CodeIgniter\CodeIgniter->run()
#5 {main}
CRITICAL - 2021-01-28 08:46:11 --> Undefined index: commentDescription
#0 E:\xampp\htdocs\php2killifish\php2killifish\app\Controllers\PostController.php(43): CodeIgniter\Debug\Exceptions->errorHandler(8, 'Undefined index...', 'E:\\xampp\\htdocs...', 43, Array)
#1 E:\xampp\htdocs\php2killifish\php2killifish\system\CodeIgniter.php(918): App\Controllers\PostController->view('Part-54-of-hati...')
#2 E:\xampp\htdocs\php2killifish\php2killifish\system\CodeIgniter.php(404): CodeIgniter\CodeIgniter->runController(Object(App\Controllers\PostController))
#3 E:\xampp\htdocs\php2killifish\php2killifish\system\CodeIgniter.php(312): CodeIgniter\CodeIgniter->handleRequest(NULL, Object(Config\Cache), false)
#4 E:\xampp\htdocs\php2killifish\php2killifish\public\index.php(45): CodeIgniter\CodeIgniter->run()
#5 {main}
CRITICAL - 2021-01-28 08:46:57 --> Undefined index: commentDescription
#0 E:\xampp\htdocs\php2killifish\php2killifish\app\Controllers\PostController.php(43): CodeIgniter\Debug\Exceptions->errorHandler(8, 'Undefined index...', 'E:\\xampp\\htdocs...', 43, Array)
#1 E:\xampp\htdocs\php2killifish\php2killifish\system\CodeIgniter.php(918): App\Controllers\PostController->view('Part-54-of-hati...')
#2 E:\xampp\htdocs\php2killifish\php2killifish\system\CodeIgniter.php(404): CodeIgniter\CodeIgniter->runController(Object(App\Controllers\PostController))
#3 E:\xampp\htdocs\php2killifish\php2killifish\system\CodeIgniter.php(312): CodeIgniter\CodeIgniter->handleRequest(NULL, Object(Config\Cache), false)
#4 E:\xampp\htdocs\php2killifish\php2killifish\public\index.php(45): CodeIgniter\CodeIgniter->run()
#5 {main}
CRITICAL - 2021-01-28 08:56:15 --> Undefined variable: comment_item
#0 E:\xampp\htdocs\php2killifish\php2killifish\app\Views\postDisplay.php(66): CodeIgniter\Debug\Exceptions->errorHandler(8, 'Undefined varia...', 'E:\\xampp\\htdocs...', 66, Array)
#1 E:\xampp\htdocs\php2killifish\php2killifish\system\View\View.php(246): include('E:\\xampp\\htdocs...')
#2 E:\xampp\htdocs\php2killifish\php2killifish\system\Common.php(1119): CodeIgniter\View\View->render('postDisplay', Array, true)
#3 E:\xampp\htdocs\php2killifish\php2killifish\app\Controllers\PostController.php(45): view('postDisplay', Array)
#4 E:\xampp\htdocs\php2killifish\php2killifish\system\CodeIgniter.php(918): App\Controllers\PostController->view('dsada')
#5 E:\xampp\htdocs\php2killifish\php2killifish\system\CodeIgniter.php(404): CodeIgniter\CodeIgniter->runController(Object(App\Controllers\PostController))
#6 E:\xampp\htdocs\php2killifish\php2killifish\system\CodeIgniter.php(312): CodeIgniter\CodeIgniter->handleRequest(NULL, Object(Config\Cache), false)
#7 E:\xampp\htdocs\php2killifish\php2killifish\public\index.php(45): CodeIgniter\CodeIgniter->run()
#8 {main}
CRITICAL - 2021-01-28 08:56:43 --> Undefined variable: comment_item
#0 E:\xampp\htdocs\php2killifish\php2killifish\app\Views\postDisplay.php(66): CodeIgniter\Debug\Exceptions->errorHandler(8, 'Undefined varia...', 'E:\\xampp\\htdocs...', 66, Array)
#1 E:\xampp\htdocs\php2killifish\php2killifish\system\View\View.php(246): include('E:\\xampp\\htdocs...')
#2 E:\xampp\htdocs\php2killifish\php2killifish\system\Common.php(1119): CodeIgniter\View\View->render('postDisplay', Array, true)
#3 E:\xampp\htdocs\php2killifish\php2killifish\app\Controllers\PostController.php(45): view('postDisplay', Array)
#4 E:\xampp\htdocs\php2killifish\php2killifish\system\CodeIgniter.php(918): App\Controllers\PostController->view('Part-54-of-hati...')
#5 E:\xampp\htdocs\php2killifish\php2killifish\system\CodeIgniter.php(404): CodeIgniter\CodeIgniter->runController(Object(App\Controllers\PostController))
#6 E:\xampp\htdocs\php2killifish\php2killifish\system\CodeIgniter.php(312): CodeIgniter\CodeIgniter->handleRequest(NULL, Object(Config\Cache), false)
#7 E:\xampp\htdocs\php2killifish\php2killifish\public\index.php(45): CodeIgniter\CodeIgniter->run()
#8 {main}
CRITICAL - 2021-01-28 08:57:19 --> Undefined index: commentParent
#0 E:\xampp\htdocs\php2killifish\php2killifish\app\Views\postDisplay.php(66): CodeIgniter\Debug\Exceptions->errorHandler(8, 'Undefined index...', 'E:\\xampp\\htdocs...', 66, Array)
#1 E:\xampp\htdocs\php2killifish\php2killifish\system\View\View.php(246): include('E:\\xampp\\htdocs...')
#2 E:\xampp\htdocs\php2killifish\php2killifish\system\Common.php(1119): CodeIgniter\View\View->render('postDisplay', Array, true)
#3 E:\xampp\htdocs\php2killifish\php2killifish\app\Controllers\PostController.php(45): view('postDisplay', Array)
#4 E:\xampp\htdocs\php2killifish\php2killifish\system\CodeIgniter.php(918): App\Controllers\PostController->view('dsada')
#5 E:\xampp\htdocs\php2killifish\php2killifish\system\CodeIgniter.php(404): CodeIgniter\CodeIgniter->runController(Object(App\Controllers\PostController))
#6 E:\xampp\htdocs\php2killifish\php2killifish\system\CodeIgniter.php(312): CodeIgniter\CodeIgniter->handleRequest(NULL, Object(Config\Cache), false)
#7 E:\xampp\htdocs\php2killifish\php2killifish\public\index.php(45): CodeIgniter\CodeIgniter->run()
#8 {main}
CRITICAL - 2021-01-28 08:57:20 --> Undefined index: commentParent
#0 E:\xampp\htdocs\php2killifish\php2killifish\app\Views\postDisplay.php(66): CodeIgniter\Debug\Exceptions->errorHandler(8, 'Undefined index...', 'E:\\xampp\\htdocs...', 66, Array)
#1 E:\xampp\htdocs\php2killifish\php2killifish\system\View\View.php(246): include('E:\\xampp\\htdocs...')
#2 E:\xampp\htdocs\php2killifish\php2killifish\system\Common.php(1119): CodeIgniter\View\View->render('postDisplay', Array, true)
#3 E:\xampp\htdocs\php2killifish\php2killifish\app\Controllers\PostController.php(45): view('postDisplay', Array)
#4 E:\xampp\htdocs\php2killifish\php2killifish\system\CodeIgniter.php(918): App\Controllers\PostController->view('Part-54-of-hati...')
#5 E:\xampp\htdocs\php2killifish\php2killifish\system\CodeIgniter.php(404): CodeIgniter\CodeIgniter->runController(Object(App\Controllers\PostController))
#6 E:\xampp\htdocs\php2killifish\php2killifish\system\CodeIgniter.php(312): CodeIgniter\CodeIgniter->handleRequest(NULL, Object(Config\Cache), false)
#7 E:\xampp\htdocs\php2killifish\php2killifish\public\index.php(45): CodeIgniter\CodeIgniter->run()
#8 {main}
CRITICAL - 2021-01-28 08:57:33 --> syntax error, unexpected 'endforeach' (T_ENDFOREACH), expecting elseif (T_ELSEIF) or else (T_ELSE) or endif (T_ENDIF)
#0 E:\xampp\htdocs\php2killifish\php2killifish\system\Common.php(1119): CodeIgniter\View\View->render('postDisplay', Array, true)
#1 E:\xampp\htdocs\php2killifish\php2killifish\app\Controllers\PostController.php(45): view('postDisplay', Array)
#2 E:\xampp\htdocs\php2killifish\php2killifish\system\CodeIgniter.php(918): App\Controllers\PostController->view('Part-3-hating-m...')
#3 E:\xampp\htdocs\php2killifish\php2killifish\system\CodeIgniter.php(404): CodeIgniter\CodeIgniter->runController(Object(App\Controllers\PostController))
#4 E:\xampp\htdocs\php2killifish\php2killifish\system\CodeIgniter.php(312): CodeIgniter\CodeIgniter->handleRequest(NULL, Object(Config\Cache), false)
#5 E:\xampp\htdocs\php2killifish\php2killifish\public\index.php(45): CodeIgniter\CodeIgniter->run()
#6 {main}
CRITICAL - 2021-01-28 10:16:35 --> syntax error, unexpected 'endforeach' (T_ENDFOREACH), expecting elseif (T_ELSEIF) or else (T_ELSE) or endif (T_ENDIF)
#0 E:\xampp\htdocs\php2killifish\php2killifish\system\Common.php(1119): CodeIgniter\View\View->render('postDisplay', Array, true)
#1 E:\xampp\htdocs\php2killifish\php2killifish\app\Controllers\PostController.php(45): view('postDisplay', Array)
#2 E:\xampp\htdocs\php2killifish\php2killifish\system\CodeIgniter.php(918): App\Controllers\PostController->view('I-hate-php-I-ha...')
#3 E:\xampp\htdocs\php2killifish\php2killifish\system\CodeIgniter.php(404): CodeIgniter\CodeIgniter->runController(Object(App\Controllers\PostController))
#4 E:\xampp\htdocs\php2killifish\php2killifish\system\CodeIgniter.php(312): CodeIgniter\CodeIgniter->handleRequest(NULL, Object(Config\Cache), false)
#5 E:\xampp\htdocs\php2killifish\php2killifish\public\index.php(45): CodeIgniter\CodeIgniter->run()
#6 {main}
CRITICAL - 2021-01-28 10:17:12 --> syntax error, unexpected 'if' (T_IF), expecting ':'
#0 E:\xampp\htdocs\php2killifish\php2killifish\system\Common.php(1119): CodeIgniter\View\View->render('postDisplay', Array, true)
#1 E:\xampp\htdocs\php2killifish\php2killifish\app\Controllers\PostController.php(45): view('postDisplay', Array)
#2 E:\xampp\htdocs\php2killifish\php2killifish\system\CodeIgniter.php(918): App\Controllers\PostController->view('I-hate-php-I-ha...')
#3 E:\xampp\htdocs\php2killifish\php2killifish\system\CodeIgniter.php(404): CodeIgniter\CodeIgniter->runController(Object(App\Controllers\PostController))
#4 E:\xampp\htdocs\php2killifish\php2killifish\system\CodeIgniter.php(312): CodeIgniter\CodeIgniter->handleRequest(NULL, Object(Config\Cache), false)
#5 E:\xampp\htdocs\php2killifish\php2killifish\public\index.php(45): CodeIgniter\CodeIgniter->run()
#6 {main}
CRITICAL - 2021-01-28 10:27:07 --> syntax error, unexpected ')'
#0 E:\xampp\htdocs\php2killifish\php2killifish\system\Common.php(1119): CodeIgniter\View\View->render('postDisplay', Array, true)
#1 E:\xampp\htdocs\php2killifish\php2killifish\app\Controllers\PostController.php(45): view('postDisplay', Array)
#2 E:\xampp\htdocs\php2killifish\php2killifish\system\CodeIgniter.php(918): App\Controllers\PostController->view('Part-54-of-hati...')
#3 E:\xampp\htdocs\php2killifish\php2killifish\system\CodeIgniter.php(404): CodeIgniter\CodeIgniter->runController(Object(App\Controllers\PostController))
#4 E:\xampp\htdocs\php2killifish\php2killifish\system\CodeIgniter.php(312): CodeIgniter\CodeIgniter->handleRequest(NULL, Object(Config\Cache), false)
#5 E:\xampp\htdocs\php2killifish\php2killifish\public\index.php(45): CodeIgniter\CodeIgniter->run()
#6 {main}
CRITICAL - 2021-01-28 11:08:59 --> Undefined variable: post_item
#0 E:\xampp\htdocs\php2killifish\php2killifish\app\Views\postDisplay.php(57): CodeIgniter\Debug\Exceptions->errorHandler(8, 'Undefined varia...', 'E:\\xampp\\htdocs...', 57, Array)
#1 E:\xampp\htdocs\php2killifish\php2killifish\system\View\View.php(246): include('E:\\xampp\\htdocs...')
#2 E:\xampp\htdocs\php2killifish\php2killifish\system\Common.php(1119): CodeIgniter\View\View->render('postDisplay', Array, true)
#3 E:\xampp\htdocs\php2killifish\php2killifish\app\Controllers\PostController.php(45): view('postDisplay', Array)
#4 E:\xampp\htdocs\php2killifish\php2killifish\system\CodeIgniter.php(918): App\Controllers\PostController->view('Part-54-of-hati...')
#5 E:\xampp\htdocs\php2killifish\php2killifish\system\CodeIgniter.php(404): CodeIgniter\CodeIgniter->runController(Object(App\Controllers\PostController))
#6 E:\xampp\htdocs\php2killifish\php2killifish\system\CodeIgniter.php(312): CodeIgniter\CodeIgniter->handleRequest(NULL, Object(Config\Cache), false)
#7 E:\xampp\htdocs\php2killifish\php2killifish\public\index.php(45): CodeIgniter\CodeIgniter->run()
#8 {main}
CRITICAL - 2021-01-28 11:09:03 --> Undefined variable: post_item
#0 E:\xampp\htdocs\php2killifish\php2killifish\app\Views\postDisplay.php(57): CodeIgniter\Debug\Exceptions->errorHandler(8, 'Undefined varia...', 'E:\\xampp\\htdocs...', 57, Array)
#1 E:\xampp\htdocs\php2killifish\php2killifish\system\View\View.php(246): include('E:\\xampp\\htdocs...')
#2 E:\xampp\htdocs\php2killifish\php2killifish\system\Common.php(1119): CodeIgniter\View\View->render('postDisplay', Array, true)
#3 E:\xampp\htdocs\php2killifish\php2killifish\app\Controllers\PostController.php(45): view('postDisplay', Array)
#4 E:\xampp\htdocs\php2killifish\php2killifish\system\CodeIgniter.php(918): App\Controllers\PostController->view('Part-54-of-hati...')
#5 E:\xampp\htdocs\php2killifish\php2killifish\system\CodeIgniter.php(404): CodeIgniter\CodeIgniter->runController(Object(App\Controllers\PostController))
#6 E:\xampp\htdocs\php2killifish\php2killifish\system\CodeIgniter.php(312): CodeIgniter\CodeIgniter->handleRequest(NULL, Object(Config\Cache), false)
#7 E:\xampp\htdocs\php2killifish\php2killifish\public\index.php(45): CodeIgniter\CodeIgniter->run()
#8 {main}
CRITICAL - 2021-01-28 11:09:10 --> Undefined variable: post_item
#0 E:\xampp\htdocs\php2killifish\php2killifish\app\Views\postDisplay.php(57): CodeIgniter\Debug\Exceptions->errorHandler(8, 'Undefined varia...', 'E:\\xampp\\htdocs...', 57, Array)
#1 E:\xampp\htdocs\php2killifish\php2killifish\system\View\View.php(246): include('E:\\xampp\\htdocs...')
#2 E:\xampp\htdocs\php2killifish\php2killifish\system\Common.php(1119): CodeIgniter\View\View->render('postDisplay', Array, true)
#3 E:\xampp\htdocs\php2killifish\php2killifish\app\Controllers\PostController.php(45): view('postDisplay', Array)
#4 E:\xampp\htdocs\php2killifish\php2killifish\system\CodeIgniter.php(918): App\Controllers\PostController->view('Part-54-of-hati...')
#5 E:\xampp\htdocs\php2killifish\php2killifish\system\CodeIgniter.php(404): CodeIgniter\CodeIgniter->runController(Object(App\Controllers\PostController))
#6 E:\xampp\htdocs\php2killifish\php2killifish\system\CodeIgniter.php(312): CodeIgniter\CodeIgniter->handleRequest(NULL, Object(Config\Cache), false)
#7 E:\xampp\htdocs\php2killifish\php2killifish\public\index.php(45): CodeIgniter\CodeIgniter->run()
#8 {main}
CRITICAL - 2021-01-28 11:09:14 --> Undefined variable: post_item
#0 E:\xampp\htdocs\php2killifish\php2killifish\app\Views\postDisplay.php(57): CodeIgniter\Debug\Exceptions->errorHandler(8, 'Undefined varia...', 'E:\\xampp\\htdocs...', 57, Array)
#1 E:\xampp\htdocs\php2killifish\php2killifish\system\View\View.php(246): include('E:\\xampp\\htdocs...')
#2 E:\xampp\htdocs\php2killifish\php2killifish\system\Common.php(1119): CodeIgniter\View\View->render('postDisplay', Array, true)
#3 E:\xampp\htdocs\php2killifish\php2killifish\app\Controllers\PostController.php(45): view('postDisplay', Array)
#4 E:\xampp\htdocs\php2killifish\php2killifish\system\CodeIgniter.php(918): App\Controllers\PostController->view('Part-54-of-hati...')
#5 E:\xampp\htdocs\php2killifish\php2killifish\system\CodeIgniter.php(404): CodeIgniter\CodeIgniter->runController(Object(App\Controllers\PostController))
#6 E:\xampp\htdocs\php2killifish\php2killifish\system\CodeIgniter.php(312): CodeIgniter\CodeIgniter->handleRequest(NULL, Object(Config\Cache), false)
#7 E:\xampp\htdocs\php2killifish\php2killifish\public\index.php(45): CodeIgniter\CodeIgniter->run()
#8 {main}
CRITICAL - 2021-01-28 11:09:37 --> Undefined variable: post_item
#0 E:\xampp\htdocs\php2killifish\php2killifish\app\Views\postDisplay.php(57): CodeIgniter\Debug\Exceptions->errorHandler(8, 'Undefined varia...', 'E:\\xampp\\htdocs...', 57, Array)
#1 E:\xampp\htdocs\php2killifish\php2killifish\system\View\View.php(246): include('E:\\xampp\\htdocs...')
#2 E:\xampp\htdocs\php2killifish\php2killifish\system\Common.php(1119): CodeIgniter\View\View->render('postDisplay', Array, true)
#3 E:\xampp\htdocs\php2killifish\php2killifish\app\Controllers\PostController.php(45): view('postDisplay', Array)
#4 E:\xampp\htdocs\php2killifish\php2killifish\system\CodeIgniter.php(918): App\Controllers\PostController->view('Part-54-of-hati...')
#5 E:\xampp\htdocs\php2killifish\php2killifish\system\CodeIgniter.php(404): CodeIgniter\CodeIgniter->runController(Object(App\Controllers\PostController))
#6 E:\xampp\htdocs\php2killifish\php2killifish\system\CodeIgniter.php(312): CodeIgniter\CodeIgniter->handleRequest(NULL, Object(Config\Cache), false)
#7 E:\xampp\htdocs\php2killifish\php2killifish\public\index.php(45): CodeIgniter\CodeIgniter->run()
#8 {main}
CRITICAL - 2021-01-28 11:36:07 --> unlink(E:\xampp\htdocs\php2killifish\php2killifish\writable\debugbar/debugbar_1611855221.json): No such file or directory
#0 [internal function]: CodeIgniter\Debug\Exceptions->errorHandler(2, 'unlink(E:\\xampp...', 'E:\\xampp\\htdocs...', 106, Array)
#1 E:\xampp\htdocs\php2killifish\php2killifish\system\Debug\Toolbar\Collectors\History.php(106): unlink('E:\\xampp\\htdocs...')
#2 E:\xampp\htdocs\php2killifish\php2killifish\system\Debug\Toolbar.php(483): CodeIgniter\Debug\Toolbar\Collectors\History->setFiles(1611855367, 20)
#3 E:\xampp\htdocs\php2killifish\php2killifish\system\Debug\Toolbar.php(455): CodeIgniter\Debug\Toolbar->format(Array, 'html')
#4 E:\xampp\htdocs\php2killifish\php2killifish\app\Config\Events.php(50): CodeIgniter\Debug\Toolbar->respond()
#5 [internal function]: CodeIgniter\Events\Events::Config\{closure}()
#6 E:\xampp\htdocs\php2killifish\php2killifish\system\Events\Events.php(188): call_user_func(Object(Closure))
#7 E:\xampp\htdocs\php2killifish\php2killifish\system\CodeIgniter.php(293): CodeIgniter\Events\Events::trigger('pre_system')
#8 E:\xampp\htdocs\php2killifish\php2killifish\public\index.php(45): CodeIgniter\CodeIgniter->run()
#9 {main}
